<?xml version="1.0" encoding="utf-8"?>
<TestRun id="c2d8db6a-f4e6-4202-89d8-c04798753884" name="@runnervm3jyl0 2026-05-30 14:12:52" xmlns="http://microsoft.com/schemas/VisualStudio/TeamTest/2010">
  <Times creation="2026-05-30T14:12:52.2154191+00:00" queuing="2026-05-30T14:12:52.2154192+00:00" start="2026-05-30T14:10:24.0715393+00:00" finish="2026-05-30T14:12:56.5954140+00:00" />
  <TestSettings name="default" id="03e77b39-b5da-4503-84b9-99077eeccdda">
    <Deployment runDeploymentRoot="_runnervm3jyl0_2026-05-30_14_12_52" />
  </TestSettings>
  <Results>
    <UnitTestResult executionId="ed281feb-28ac-42f3-b84a-195119b35c41" testId="6eb9b2e3-0675-2395-19b2-8dc85493ab39" testName="ArchLucid.Core.Tests.GoldenCorpus.RealLlmOutputStructuralValidatorTests.ValidateAgentResultStructure_rejects_empty_findings(t: Critic)" computerName="runnervm3jyl0" duration="00:00:00.0006964" startTime="2026-05-30T14:12:52.4614310+00:00" endTime="2026-05-30T14:12:52.4614310+00:00" testType="13cdc9d9-ddb5-4fa4-a97d-d965ccfc6d4b" outcome="Passed" testListId="8c84fa94-04c1-424b-9868-57a2d4851a1d" relativeResultsDirectory="ed281feb-28ac-42f3-b84a-195119b35c41" />
    <UnitTestResult executionId="271e0a63-b10f-4170-8353-06df17a7f526" testId="8cf0e588-2726-9ae1-7e60-6f72deb74fc4" testName="ArchLucid.Core.Tests.Diagnostics.TrialFunnelInstrumentationTests.TrialUpgradeNudgeClickedTotal_add_emits_measurement" computerName="runnervm3jyl0" duration="00:00:00.0012164" startTime="2026-05-30T14:12:53.5158808+00:00" endTime="2026-05-30T14:12:53.5158809+00:00" testType="13cdc9d9-ddb5-4fa4-a97d-d965ccfc6d4b" outcome="Passed" testListId="8c84fa94-04c1-424b-9868-57a2d4851a1d" relativeResultsDirectory="271e0a63-b10f-4170-8353-06df17a7f526" />
    <UnitTestResult executionId="cf23ec9d-24dd-48fa-be5f-d02f3d55fe72" testId="ac2d3de8-4931-1d17-8184-4d571e34941d" testName="ArchLucid.Core.Tests.Diagnostics.RagRetrievalInstrumentationTests.RecordRagRetrievalSearch_when_circuit_breaker_open_drops_tenant_id_tags" computerName="runnervm3jyl0" duration="00:00:00.0036478" startTime="2026-05-30T14:12:53.4892953+00:00" endTime="2026-05-30T14:12:53.4892956+00:00" testType="13cdc9d9-ddb5-4fa4-a97d-d965ccfc6d4b" outcome="Passed" testListId="8c84fa94-04c1-424b-9868-57a2d4851a1d" relativeResultsDirectory="cf23ec9d-24dd-48fa-be5f-d02f3d55fe72" />
    <UnitTestResult executionId="aab8daef-7c25-4c6e-8a14-f0b88f45e46c" testId="81efd292-054b-7458-6de4-a881524442e5" testName="ArchLucid.Core.Tests.Configuration.FeatureFlagsTests.FeatureManagementFeatureFlags_Constructor_ThrowsWhenFeatureManagerNull" computerName="runnervm3jyl0" duration="00:00:00.0058272" startTime="2026-05-30T14:12:52.2419775+00:00" endTime="2026-05-30T14:12:52.2419776+00:00" testType="13cdc9d9-ddb5-4fa4-a97d-d965ccfc6d4b" outcome="Passed" testListId="8c84fa94-04c1-424b-9868-57a2d4851a1d" relativeResultsDirectory="aab8daef-7c25-4c6e-8a14-f0b88f45e46c" />
    <UnitTestResult executionId="5c028e95-3cb8-4780-8c20-6728fa5390f4" testId="f0facb30-f539-c786-77bf-0481e2751239" testName="ArchLucid.Core.Tests.Notifications.Teams.TeamsIncomingWebhookConnectionUpsertValidationTests.TryValidateKeyVaultSecretName_rejects_url_shapes(value: &quot;http://localhost/webhook&quot;)" computerName="runnervm3jyl0" duration="00:00:00.0001990" startTime="2026-05-30T14:12:52.4555924+00:00" endTime="2026-05-30T14:12:52.4555925+00:00" testType="13cdc9d9-ddb5-4fa4-a97d-d965ccfc6d4b" outcome="Passed" testListId="8c84fa94-04c1-424b-9868-57a2d4851a1d" relativeResultsDirectory="5c028e95-3cb8-4780-8c20-6728fa5390f4" />
    <UnitTestResult executionId="bc2828ee-cc8e-4c30-818b-2b4337ff3d7e" testId="a7b47c41-3998-f956-9ddb-1e691652af95" testName="ArchLucid.Core.Tests.Diagnostics.OutboxDepthGaugeStateTests.Publish_updates_Current_atomically_visible" computerName="runnervm3jyl0" duration="00:00:00.0012346" startTime="2026-05-30T14:12:52.6332401+00:00" endTime="2026-05-30T14:12:52.6332401+00:00" testType="13cdc9d9-ddb5-4fa4-a97d-d965ccfc6d4b" outcome="Passed" testListId="8c84fa94-04c1-424b-9868-57a2d4851a1d" relativeResultsDirectory="bc2828ee-cc8e-4c30-818b-2b4337ff3d7e" />
    <UnitTestResult executionId="bf8aa7fc-c7af-4b4f-9f16-74afd4e702c4" testId="881fa2d5-6115-c2f9-6868-686f47eb7953" testName="ArchLucid.Core.Tests.Diagnostics.SanitizedLoggerInformationExtensionsTests.LogInformationArchitectureRunCommitted_throws_when_logger_null" computerName="runnervm3jyl0" duration="00:00:00.0007997" startTime="2026-05-30T14:12:52.5565571+00:00" endTime="2026-05-30T14:12:52.5565571+00:00" testType="13cdc9d9-ddb5-4fa4-a97d-d965ccfc6d4b" outcome="Passed" testListId="8c84fa94-04c1-424b-9868-57a2d4851a1d" relativeResultsDirectory="bf8aa7fc-c7af-4b4f-9f16-74afd4e702c4" />
    <UnitTestResult executionId="d351ce5c-1001-4f94-80eb-0b28de8e55dd" testId="b57df68e-15c4-fb56-ed73-3816ade80b9f" testName="ArchLucid.Core.Tests.Requests.RequestConstraintClassifierTests.RequiresAiCapability_returns_true_for_generic_ai_capability" computerName="runnervm3jyl0" duration="00:00:00.0002330" startTime="2026-05-30T14:12:52.6162549+00:00" endTime="2026-05-30T14:12:52.6162550+00:00" testType="13cdc9d9-ddb5-4fa4-a97d-d965ccfc6d4b" outcome="Passed" testListId="8c84fa94-04c1-424b-9868-57a2d4851a1d" relativeResultsDirectory="d351ce5c-1001-4f94-80eb-0b28de8e55dd" />
    <UnitTestResult executionId="eaf77b3f-9e96-4bec-95ea-d2ac9ec609f6" testId="bd81374d-8408-1c57-2c06-105a0befa353" testName="ArchLucid.Core.Tests.CustomerSuccess.TenantHealthScoringCalculatorTests.Composite_matches_weighted_formula" computerName="runnervm3jyl0" duration="00:00:00.0003795" startTime="2026-05-30T14:12:52.4250310+00:00" endTime="2026-05-30T14:12:52.4250311+00:00" testType="13cdc9d9-ddb5-4fa4-a97d-d965ccfc6d4b" outcome="Passed" testListId="8c84fa94-04c1-424b-9868-57a2d4851a1d" relativeResultsDirectory="eaf77b3f-9e96-4bec-95ea-d2ac9ec609f6" />
    <UnitTestResult executionId="39410517-587c-4168-9789-a2ef75f2537e" testId="fc5cba6f-20e0-9d20-f208-eedb6193cff2" testName="ArchLucid.Core.Tests.Diagnostics.SanitizedLoggerInformationExtensionsTests.LogInformationFirstValueReportRunNotFound_strips_control_chars_in_run_id" computerName="runnervm3jyl0" duration="00:00:00.0073709" startTime="2026-05-30T14:12:52.5416796+00:00" endTime="2026-05-30T14:12:52.5416797+00:00" testType="13cdc9d9-ddb5-4fa4-a97d-d965ccfc6d4b" outcome="Passed" testListId="8c84fa94-04c1-424b-9868-57a2d4851a1d" relativeResultsDirectory="39410517-587c-4168-9789-a2ef75f2537e" />
    <UnitTestResult executionId="29b970dd-4c8e-4fda-a6b2-6ea3694101f4" testId="3a3d581b-602b-c08c-18bd-05a442714895" testName="ArchLucid.Core.Tests.Configuration.LlmCostEstimationEffectiveRatesTests.TryResolve_negative_global_rate_falls_back_to_hardcoded_defaults" computerName="runnervm3jyl0" duration="00:00:00.0057134" startTime="2026-05-30T14:12:52.2099911+00:00" endTime="2026-05-30T14:12:52.2099912+00:00" testType="13cdc9d9-ddb5-4fa4-a97d-d965ccfc6d4b" outcome="Passed" testListId="8c84fa94-04c1-424b-9868-57a2d4851a1d" relativeResultsDirectory="29b970dd-4c8e-4fda-a6b2-6ea3694101f4" />
    <UnitTestResult executionId="ce14e957-f374-4e33-9a9c-7a2007e11192" testId="4688da46-4197-21ce-c99a-f7e48dd485d5" testName="ArchLucid.Core.Tests.Configuration.FeatureFlagsTests.FeatureManagementFeatureFlags_IsEnabledAsync_DelegatesToFeatureManager_WithSameCancellationToken" computerName="runnervm3jyl0" duration="00:00:00.0132022" startTime="2026-05-30T14:12:52.2290188+00:00" endTime="2026-05-30T14:12:52.2290188+00:00" testType="13cdc9d9-ddb5-4fa4-a97d-d965ccfc6d4b" outcome="Passed" testListId="8c84fa94-04c1-424b-9868-57a2d4851a1d" relativeResultsDirectory="ce14e957-f374-4e33-9a9c-7a2007e11192" />
    <UnitTestResult executionId="8ff8cd4d-0ffa-4dde-8e02-0ecfb88df2d2" testId="22e240c5-9744-eba8-74cd-40b35c73644c" testName="ArchLucid.Core.Tests.Configuration.RateLimitingFixedWindowDefaultTests.RateLimitingDefaults_FixedWindowPermitLimit_is_100" computerName="runnervm3jyl0" duration="00:00:00.0000947" startTime="2026-05-30T14:12:52.5317005+00:00" endTime="2026-05-30T14:12:52.5317006+00:00" testType="13cdc9d9-ddb5-4fa4-a97d-d965ccfc6d4b" outcome="Passed" testListId="8c84fa94-04c1-424b-9868-57a2d4851a1d" relativeResultsDirectory="8ff8cd4d-0ffa-4dde-8e02-0ecfb88df2d2" />
    <UnitTestResult executionId="da296d43-01f3-4445-9add-ffb1affab68b" testId="f1ee9f71-160f-eb7a-30f2-158e7e510240" testName="ArchLucid.Core.Tests.Scoping.ScopeContextAuditExtensionsTests.CreateAuditEvent_with_blank_data_json_uses_empty_object(dataJson: &quot;&quot;)" computerName="runnervm3jyl0" duration="00:00:00.0047073" startTime="2026-05-30T14:12:52.4741836+00:00" endTime="2026-05-30T14:12:52.4741836+00:00" testType="13cdc9d9-ddb5-4fa4-a97d-d965ccfc6d4b" outcome="Passed" testListId="8c84fa94-04c1-424b-9868-57a2d4851a1d" relativeResultsDirectory="da296d43-01f3-4445-9add-ffb1affab68b" />
    <UnitTestResult executionId="0a76f200-564d-4a25-b5bf-759d27e57a3d" testId="6e79afe1-1835-5e01-ba45-1d5357a0a4f4" testName="ArchLucid.Core.Tests.Configuration.FeatureFlagsTests.FeatureManagementAuthorityPipelineModeResolver_WhenSqlStorageAndFlagFalse_ReturnsFalse" computerName="runnervm3jyl0" duration="00:00:00.1446468" startTime="2026-05-30T14:12:52.1882525+00:00" endTime="2026-05-30T14:12:52.1882525+00:00" testType="13cdc9d9-ddb5-4fa4-a97d-d965ccfc6d4b" outcome="Passed" testListId="8c84fa94-04c1-424b-9868-57a2d4851a1d" relativeResultsDirectory="0a76f200-564d-4a25-b5bf-759d27e57a3d" />
    <UnitTestResult executionId="6dd4fc68-7c13-409a-b3e1-9df97cd535e8" testId="1c634078-20ee-e848-8f4d-a8ec9ff268f7" testName="ArchLucid.Core.Tests.Hosting.ProductionLikeHostingMisconfigurationAdvisorTests.DescribeWarnings_staging_jwt_without_authority_or_pem_warns" computerName="runnervm3jyl0" duration="00:00:00.0031391" startTime="2026-05-30T14:12:52.3239274+00:00" endTime="2026-05-30T14:12:52.3239275+00:00" testType="13cdc9d9-ddb5-4fa4-a97d-d965ccfc6d4b" outcome="Passed" testListId="8c84fa94-04c1-424b-9868-57a2d4851a1d" relativeResultsDirectory="6dd4fc68-7c13-409a-b3e1-9df97cd535e8" />
    <UnitTestResult executionId="113fc398-33f0-4573-8069-5fdb9769094e" testId="f6830589-53c0-2b1d-3de1-80827c400a02" testName="ArchLucid.Core.Tests.Identity.IdentityClaimRoleMappingValidatorTests.Evaluate_fails_for_unsupported_archlucid_role" computerName="runnervm3jyl0" duration="00:00:00.0025550" startTime="2026-05-30T14:12:52.5230035+00:00" endTime="2026-05-30T14:12:52.5230036+00:00" testType="13cdc9d9-ddb5-4fa4-a97d-d965ccfc6d4b" outcome="Passed" testListId="8c84fa94-04c1-424b-9868-57a2d4851a1d" relativeResultsDirectory="113fc398-33f0-4573-8069-5fdb9769094e" />
    <UnitTestResult executionId="4ec6c500-ead0-415d-90ca-d3d07e7f7db6" testId="6e47ba4a-7c79-cb39-a7e5-964244fbf933" testName="ArchLucid.Core.Tests.Requests.RequestConstraintClassifierTests.HasPrivateNetworkingConstraint_detects_private_endpoint_phrasing" computerName="runnervm3jyl0" duration="00:00:00.0003534" startTime="2026-05-30T14:12:52.6120746+00:00" endTime="2026-05-30T14:12:52.6120746+00:00" testType="13cdc9d9-ddb5-4fa4-a97d-d965ccfc6d4b" outcome="Passed" testListId="8c84fa94-04c1-424b-9868-57a2d4851a1d" relativeResultsDirectory="4ec6c500-ead0-415d-90ca-d3d07e7f7db6" />
    <UnitTestResult executionId="086cb75a-e61b-4d26-8a7f-1f59fd2faa84" testId="f9ea8706-2b92-f70d-6183-e6d8ce32a9ac" testName="ArchLucid.Core.Tests.Diagnostics.ExecutiveRoiSavingsGaugeTelemetryTests.BuildMeasurements_platform_only_when_per_tenant_disabled" computerName="runnervm3jyl0" duration="00:00:00.0021471" startTime="2026-05-30T14:12:52.2808965+00:00" endTime="2026-05-30T14:12:52.2808965+00:00" testType="13cdc9d9-ddb5-4fa4-a97d-d965ccfc6d4b" outcome="Passed" testListId="8c84fa94-04c1-424b-9868-57a2d4851a1d" relativeResultsDirectory="086cb75a-e61b-4d26-8a7f-1f59fd2faa84" />
    <UnitTestResult executionId="cf888b75-a014-4248-bd58-8244d0271671" testId="20704901-0fab-da86-dce1-34ac9656f47a" testName="ArchLucid.Core.Tests.Explanation.ExplanationResultTests.ExplanationResult_Defaults_AreEmptyCollectionsAndStrings" computerName="runnervm3jyl0" duration="00:00:00.0004074" startTime="2026-05-30T14:12:52.4386920+00:00" endTime="2026-05-30T14:12:52.4386921+00:00" testType="13cdc9d9-ddb5-4fa4-a97d-d965ccfc6d4b" outcome="Passed" testListId="8c84fa94-04c1-424b-9868-57a2d4851a1d" relativeResultsDirectory="cf888b75-a014-4248-bd58-8244d0271671" />
    <UnitTestResult executionId="f682aa0d-d3ff-43bb-b627-498078fb8bd8" testId="575e1ddb-d046-14ec-55c4-c8d7ae3bc8bf" testName="ArchLucid.Core.Tests.Configuration.TrialLifecycleEmailRoutingOptionsTests.IsLogicAppOwnerMode_matches_logic_app_token_only(owner: &quot;LogicApp&quot;, expected: True)" computerName="runnervm3jyl0" duration="00:00:00.0000047" startTime="2026-05-30T14:12:52.4223715+00:00" endTime="2026-05-30T14:12:52.4223716+00:00" testType="13cdc9d9-ddb5-4fa4-a97d-d965ccfc6d4b" outcome="Passed" testListId="8c84fa94-04c1-424b-9868-57a2d4851a1d" relativeResultsDirectory="f682aa0d-d3ff-43bb-b627-498078fb8bd8" />
    <UnitTestResult executionId="41ba154e-c8be-4b45-9470-57d2d0c4834e" testId="f5874060-99a4-bb46-1367-443b26b653e3" testName="ArchLucid.Core.Tests.Diagnostics.LlmCostUsdInstrumentationTests.RecordLlmCostUsd_adds_to_counter_with_tenant_tag" computerName="runnervm3jyl0" duration="00:00:00.0031832" startTime="2026-05-30T14:12:53.4400270+00:00" endTime="2026-05-30T14:12:53.4400271+00:00" testType="13cdc9d9-ddb5-4fa4-a97d-d965ccfc6d4b" outcome="Passed" testListId="8c84fa94-04c1-424b-9868-57a2d4851a1d" relativeResultsDirectory="41ba154e-c8be-4b45-9470-57d2d0c4834e" />
    <UnitTestResult executionId="e70dbb4b-26df-4e1b-b1f2-4b43c5db90ed" testId="02fc07ce-7674-8d2d-7c2e-e08996cc8473" testName="ArchLucid.Core.Tests.Scoping.AmbientScopeContextTests.Dispose_TwiceOnSameHandle_IsSafe" computerName="runnervm3jyl0" duration="00:00:00.0035623" startTime="2026-05-30T14:12:52.3013554+00:00" endTime="2026-05-30T14:12:52.3013555+00:00" testType="13cdc9d9-ddb5-4fa4-a97d-d965ccfc6d4b" outcome="Passed" testListId="8c84fa94-04c1-424b-9868-57a2d4851a1d" relativeResultsDirectory="e70dbb4b-26df-4e1b-b1f2-4b43c5db90ed" />
    <UnitTestResult executionId="4107bf79-7dc1-425d-9136-58dd20c357ce" testId="f922e406-4ca2-0511-4a53-faa6fb914c8c" testName="ArchLucid.Core.Tests.Explanation.StructuredExplanationLlmPromptSchemaTests.BuildRunExplanationJsonResponseInstructions_includes_example_and_prose_fallback" computerName="runnervm3jyl0" duration="00:00:00.0002968" startTime="2026-05-30T14:12:52.2028675+00:00" endTime="2026-05-30T14:12:52.2028676+00:00" testType="13cdc9d9-ddb5-4fa4-a97d-d965ccfc6d4b" outcome="Passed" testListId="8c84fa94-04c1-424b-9868-57a2d4851a1d" relativeResultsDirectory="4107bf79-7dc1-425d-9136-58dd20c357ce" />
    <UnitTestResult executionId="0e9b20b8-b9be-4874-9f81-11e8efd027b0" testId="8cc08401-d55e-1d10-b64a-30dca4a1a3c2" testName="ArchLucid.Core.Tests.Diagnostics.SanitizedLoggerHostLeaderElectionExtensionsTests.LogDebugHostLeaderLeaseNotHeldFollowerWait_throws_when_logger_null" computerName="runnervm3jyl0" duration="00:00:00.0007858" startTime="2026-05-30T14:12:52.2557492+00:00" endTime="2026-05-30T14:12:52.2557493+00:00" testType="13cdc9d9-ddb5-4fa4-a97d-d965ccfc6d4b" outcome="Passed" testListId="8c84fa94-04c1-424b-9868-57a2d4851a1d" relativeResultsDirectory="0e9b20b8-b9be-4874-9f81-11e8efd027b0" />
    <UnitTestResult executionId="22db313f-71db-47f9-aa90-5c748e483355" testId="1748801a-e3a4-d00c-8fd7-901d72ce0a56" testName="ArchLucid.Core.Tests.Configuration.AgentOutputQualityGateEffectiveFloorsResolverTests.Resolve_applies_per_agent_overrides_on_top_of_global_floors" computerName="runnervm3jyl0" duration="00:00:00.0009838" startTime="2026-05-30T14:12:52.6218602+00:00" endTime="2026-05-30T14:12:52.6218603+00:00" testType="13cdc9d9-ddb5-4fa4-a97d-d965ccfc6d4b" outcome="Passed" testListId="8c84fa94-04c1-424b-9868-57a2d4851a1d" relativeResultsDirectory="22db313f-71db-47f9-aa90-5c748e483355" />
    <UnitTestResult executionId="9456389c-1ce3-48c1-9512-714c214431de" testId="e4d5a983-25d1-982e-1c59-66069589f266" testName="ArchLucid.Core.Tests.Diagnostics.TrialFunnelInstrumentationTests.WarmCatalogsAvailable_observable_gauge_reads_published_count" computerName="runnervm3jyl0" duration="00:00:00.0007727" startTime="2026-05-30T14:12:53.5165543+00:00" endTime="2026-05-30T14:12:53.5165543+00:00" testType="13cdc9d9-ddb5-4fa4-a97d-d965ccfc6d4b" outcome="Passed" testListId="8c84fa94-04c1-424b-9868-57a2d4851a1d" relativeResultsDirectory="9456389c-1ce3-48c1-9512-714c214431de" />
    <UnitTestResult executionId="5cad7e85-44af-4a80-ab1f-e4c63d8b9476" testId="8fc6c17c-e880-bd1c-8912-afd5886e4c53" testName="ArchLucid.Core.Tests.Notifications.Teams.TeamsNotificationTriggerCatalogTests.IsKnown_returns_true_for_every_catalog_entry" computerName="runnervm3jyl0" duration="00:00:00.0002469" startTime="2026-05-30T14:12:52.2864289+00:00" endTime="2026-05-30T14:12:52.2864290+00:00" testType="13cdc9d9-ddb5-4fa4-a97d-d965ccfc6d4b" outcome="Passed" testListId="8c84fa94-04c1-424b-9868-57a2d4851a1d" relativeResultsDirectory="5cad7e85-44af-4a80-ab1f-e4c63d8b9476" />
    <UnitTestResult executionId="68a3dd5f-9c9a-4763-87ae-d4b8f470d0ce" testId="49fd4142-b605-786c-3f83-cf1ad283bcf5" testName="ArchLucid.Core.Tests.GoldenCorpus.RealLlmOutputStructuralValidatorTests.ValidateAgentResultStructure_rejects_missing_trace_object(t: Compliance)" computerName="runnervm3jyl0" duration="00:00:00.0002796" startTime="2026-05-30T14:12:52.4510757+00:00" endTime="2026-05-30T14:12:52.4510758+00:00" testType="13cdc9d9-ddb5-4fa4-a97d-d965ccfc6d4b" outcome="Passed" testListId="8c84fa94-04c1-424b-9868-57a2d4851a1d" relativeResultsDirectory="68a3dd5f-9c9a-4763-87ae-d4b8f470d0ce" />
    <UnitTestResult executionId="03d58beb-fee6-4d28-94fd-1a96addf8357" testId="ad5bd3d0-12a8-3629-619b-85d0ce412a11" testName="ArchLucid.Core.Tests.Configuration.TrialLocalIdentityOptionsTests.SectionPath_extends_trial_root" computerName="runnervm3jyl0" duration="00:00:00.0000948" startTime="2026-05-30T14:12:52.2902587+00:00" endTime="2026-05-30T14:12:52.2902587+00:00" testType="13cdc9d9-ddb5-4fa4-a97d-d965ccfc6d4b" outcome="Passed" testListId="8c84fa94-04c1-424b-9868-57a2d4851a1d" relativeResultsDirectory="03d58beb-fee6-4d28-94fd-1a96addf8357" />
    <UnitTestResult executionId="0753136d-6988-4f2e-af71-f6387819a72b" testId="04454eb7-69dd-2acc-8dba-83bc1234f764" testName="ArchLucid.Core.Tests.Configuration.LlmTelemetryOptionsConfigurationTests.LlmTelemetryOptions_defaults_CapturePromptResponseOnSpans_false" computerName="runnervm3jyl0" duration="00:00:00.0002275" startTime="2026-05-30T14:12:52.6072449+00:00" endTime="2026-05-30T14:12:52.6072449+00:00" testType="13cdc9d9-ddb5-4fa4-a97d-d965ccfc6d4b" outcome="Passed" testListId="8c84fa94-04c1-424b-9868-57a2d4851a1d" relativeResultsDirectory="0753136d-6988-4f2e-af71-f6387819a72b" />
    <UnitTestResult executionId="4a67790d-cd65-41b1-bc1a-7bfa7c4c7f48" testId="bc805633-8fcd-aa0f-19da-375f5910d118" testName="ArchLucid.Core.Tests.TimeSpanExtensionsTests.Clamp_below_min_returns_min" computerName="runnervm3jyl0" duration="00:00:00.0000982" startTime="2026-05-30T14:12:52.4876846+00:00" endTime="2026-05-30T14:12:52.4876846+00:00" testType="13cdc9d9-ddb5-4fa4-a97d-d965ccfc6d4b" outcome="Passed" testListId="8c84fa94-04c1-424b-9868-57a2d4851a1d" relativeResultsDirectory="4a67790d-cd65-41b1-bc1a-7bfa7c4c7f48" />
    <UnitTestResult executionId="5249f67b-7792-41be-9077-0f009167bfdd" testId="3b576040-474e-7822-ec1c-a1a6ee5947d6" testName="ArchLucid.Core.Tests.GoldenCorpus.RealLlmOutputStructuralValidatorTests.ValidateAgentResultStructure_rejects_invalid_json_syntax(type: Topology)" computerName="runnervm3jyl0" duration="00:00:00.0052253" startTime="2026-05-30T14:12:52.4377384+00:00" endTime="2026-05-30T14:12:52.4377385+00:00" testType="13cdc9d9-ddb5-4fa4-a97d-d965ccfc6d4b" outcome="Passed" testListId="8c84fa94-04c1-424b-9868-57a2d4851a1d" relativeResultsDirectory="5249f67b-7792-41be-9077-0f009167bfdd" />
    <UnitTestResult executionId="4d8cfc07-697e-41f7-908b-f5ffe9e7c25e" testId="3532ce40-4e8d-ba03-b80c-ae7505564c93" testName="ArchLucid.Core.Tests.Integration.PublisherIntegrationPayloadAndRecipeDocumentationGuardTests.AuthorityRunCompleted_publisher_payload_property_names_match_expected_contract" computerName="runnervm3jyl0" duration="00:00:00.0175491" startTime="2026-05-30T14:12:52.1568939+00:00" endTime="2026-05-30T14:12:52.1568940+00:00" testType="13cdc9d9-ddb5-4fa4-a97d-d965ccfc6d4b" outcome="Passed" testListId="8c84fa94-04c1-424b-9868-57a2d4851a1d" relativeResultsDirectory="4d8cfc07-697e-41f7-908b-f5ffe9e7c25e" />
    <UnitTestResult executionId="7f5082a8-2fda-4990-96cf-73687786cf87" testId="f2fdbc8e-3876-4826-f4cb-cb3df8d86bb4" testName="ArchLucid.Core.Tests.Diagnostics.SanitizedLoggerInformationExtensionsTests.LogInformationCommitRunIdempotentReturn_strips_control_chars_in_user_strings" computerName="runnervm3jyl0" duration="00:00:00.0029393" startTime="2026-05-30T14:12:52.5691076+00:00" endTime="2026-05-30T14:12:52.5691076+00:00" testType="13cdc9d9-ddb5-4fa4-a97d-d965ccfc6d4b" outcome="Passed" testListId="8c84fa94-04c1-424b-9868-57a2d4851a1d" relativeResultsDirectory="7f5082a8-2fda-4990-96cf-73687786cf87" />
    <UnitTestResult executionId="bd344c7c-3e6a-4e88-946f-dd612314dfe0" testId="f35c0b07-3b99-13c7-f87e-ebdfa56a4aab" testName="ArchLucid.Core.Tests.Security.AllowedDocumentUrlPolicyTests.TryGetRejectionReason_WhenUrlTargetsUnsafeAddress_Rejects(rawUrl: &quot;not-a-url&quot;, expectedPhrase: &quot;absolute HTTPS URL&quot;)" computerName="runnervm3jyl0" duration="00:00:00.0000138" startTime="2026-05-30T14:12:52.1516668+00:00" endTime="2026-05-30T14:12:52.1516669+00:00" testType="13cdc9d9-ddb5-4fa4-a97d-d965ccfc6d4b" outcome="Passed" testListId="8c84fa94-04c1-424b-9868-57a2d4851a1d" relativeResultsDirectory="bd344c7c-3e6a-4e88-946f-dd612314dfe0" />
    <UnitTestResult executionId="c5eea9ef-8d96-437b-aa7d-51e3353abdaf" testId="65a7d986-100b-eaad-3c9f-b3b342c67fe7" testName="ArchLucid.Core.Tests.Pagination.PaginationDefaultsTests.Normalize_ClampsPageAndPageSize(page: 2, pageSize: 0, expectedPage: 2, expectedSize: 1)" computerName="runnervm3jyl0" duration="00:00:00.0000059" startTime="2026-05-30T14:12:52.6035860+00:00" endTime="2026-05-30T14:12:52.6035861+00:00" testType="13cdc9d9-ddb5-4fa4-a97d-d965ccfc6d4b" outcome="Passed" testListId="8c84fa94-04c1-424b-9868-57a2d4851a1d" relativeResultsDirectory="c5eea9ef-8d96-437b-aa7d-51e3353abdaf" />
    <UnitTestResult executionId="612c7825-ee2f-4611-8f7d-005edf1e07be" testId="2de6f46a-f4dd-77be-2c82-7a1ee03c76a8" testName="ArchLucid.Core.Tests.Integration.IntegrationEventTypesTests.MapToCanonical_maps_legacy_vendor_alias(canonical: &quot;com.archlucid.manifest.finalized.v1&quot;)" computerName="runnervm3jyl0" duration="00:00:00.0000154" startTime="2026-05-30T14:12:52.4082799+00:00" endTime="2026-05-30T14:12:52.4082800+00:00" testType="13cdc9d9-ddb5-4fa4-a97d-d965ccfc6d4b" outcome="Passed" testListId="8c84fa94-04c1-424b-9868-57a2d4851a1d" relativeResultsDirectory="612c7825-ee2f-4611-8f7d-005edf1e07be" />
    <UnitTestResult executionId="916523ec-736b-4571-8f2d-f8bf863036ce" testId="2714a540-434e-ca6d-ac49-1e1cdc096255" testName="ArchLucid.Core.Tests.Configuration.AuthorityPipelineOptionsConfigurationTests.AuthorityPipeline_OrchestratorBackend_round_trips_enum_values_via_IConfiguration_binding" computerName="runnervm3jyl0" duration="00:00:00.0035503" startTime="2026-05-30T14:12:52.6323281+00:00" endTime="2026-05-30T14:12:52.6323282+00:00" testType="13cdc9d9-ddb5-4fa4-a97d-d965ccfc6d4b" outcome="Passed" testListId="8c84fa94-04c1-424b-9868-57a2d4851a1d" relativeResultsDirectory="916523ec-736b-4571-8f2d-f8bf863036ce" />
    <UnitTestResult executionId="cad12128-e968-492d-bf42-7ca8cfb87eef" testId="0ce24edd-229d-4209-97e2-a7b0cf37e34a" testName="ArchLucid.Core.Tests.Auth.Saml.SamlIdpMetadataFileDiagnosticsTests.Evaluate_fails_when_sso_endpoint_missing" computerName="runnervm3jyl0" duration="00:00:00.0163198" startTime="2026-05-30T14:12:52.0826786+00:00" endTime="2026-05-30T14:12:52.0826789+00:00" testType="13cdc9d9-ddb5-4fa4-a97d-d965ccfc6d4b" outcome="Passed" testListId="8c84fa94-04c1-424b-9868-57a2d4851a1d" relativeResultsDirectory="cad12128-e968-492d-bf42-7ca8cfb87eef" />
    <UnitTestResult executionId="018389b4-4935-437a-923c-326266d19040" testId="618d796a-958f-6428-7a6e-7cf22db249ff" testName="ArchLucid.Core.Tests.Integration.PublisherIntegrationPayloadAndRecipeDocumentationGuardTests.ServiceBus_app_property_resolver_reads_alert_payload_keys_documented_for_operators" computerName="runnervm3jyl0" duration="00:00:00.0003079" startTime="2026-05-30T14:12:52.1591606+00:00" endTime="2026-05-30T14:12:52.1591607+00:00" testType="13cdc9d9-ddb5-4fa4-a97d-d965ccfc6d4b" outcome="Passed" testListId="8c84fa94-04c1-424b-9868-57a2d4851a1d" relativeResultsDirectory="018389b4-4935-437a-923c-326266d19040" />
    <UnitTestResult executionId="cdfdf18b-fe7e-4c0f-b8bf-498094f73fe8" testId="17781dbe-94c2-d138-95a0-9bca2dd56b45" testName="ArchLucid.Core.Tests.CustomerSuccess.TenantHealthScoringCalculatorTests.Quality_is_neutral_without_signals" computerName="runnervm3jyl0" duration="00:00:00.0015833" startTime="2026-05-30T14:12:52.4260954+00:00" endTime="2026-05-30T14:12:52.4260955+00:00" testType="13cdc9d9-ddb5-4fa4-a97d-d965ccfc6d4b" outcome="Passed" testListId="8c84fa94-04c1-424b-9868-57a2d4851a1d" relativeResultsDirectory="cdfdf18b-fe7e-4c0f-b8bf-498094f73fe8" />
    <UnitTestResult executionId="738bc4a2-9695-40ff-8885-f1fd4967f106" testId="441f7194-863b-471f-8bab-907d50dea0ef" testName="ArchLucid.Core.Tests.Security.AllowedDocumentUrlPolicyTests.TryGetRejectionReason_WhenUrlIsEmptyOrPublicHttps_Allows(rawUrl: &quot;https://example.com:8443/path?q=1&quot;)" computerName="runnervm3jyl0" duration="00:00:00.0002573" startTime="2026-05-30T14:12:52.1556407+00:00" endTime="2026-05-30T14:12:52.1556407+00:00" testType="13cdc9d9-ddb5-4fa4-a97d-d965ccfc6d4b" outcome="Passed" testListId="8c84fa94-04c1-424b-9868-57a2d4851a1d" relativeResultsDirectory="738bc4a2-9695-40ff-8885-f1fd4967f106" />
    <UnitTestResult executionId="5493c71c-4a75-4473-a959-669c1ebaec68" testId="7e8e5f52-f984-a8fa-64c9-1fc5f8a70604" testName="ArchLucid.Core.Tests.Diagnostics.ExecutiveRoiSavingsGaugeTelemetryTests.BuildMeasurements_includes_per_tenant_rows_when_enabled" computerName="runnervm3jyl0" duration="00:00:00.0108863" startTime="2026-05-30T14:12:52.2789241+00:00" endTime="2026-05-30T14:12:52.2789242+00:00" testType="13cdc9d9-ddb5-4fa4-a97d-d965ccfc6d4b" outcome="Passed" testListId="8c84fa94-04c1-424b-9868-57a2d4851a1d" relativeResultsDirectory="5493c71c-4a75-4473-a959-669c1ebaec68" />
    <UnitTestResult executionId="30b5bdc7-c677-4b0e-846c-5608bc6d2b62" testId="0f3265f8-19a0-40c8-7030-9a732ff5a3b9" testName="ArchLucid.Core.Tests.Diagnostics.SanitizedLoggerErrorExtensionsTests.LogErrorUnhandledWorkerHttpRequest_throws_when_exception_null" computerName="runnervm3jyl0" duration="00:00:00.0006188" startTime="2026-05-30T14:12:52.6107694+00:00" endTime="2026-05-30T14:12:52.6107695+00:00" testType="13cdc9d9-ddb5-4fa4-a97d-d965ccfc6d4b" outcome="Passed" testListId="8c84fa94-04c1-424b-9868-57a2d4851a1d" relativeResultsDirectory="30b5bdc7-c677-4b0e-846c-5608bc6d2b62" />
    <UnitTestResult executionId="b8b03df9-26d1-4f9f-8e5f-c75f4baa308d" testId="4acbeae0-793a-6996-cfd4-c20aee967c97" testName="ArchLucid.Core.Tests.GoToMarket.SyntheticAggregateRoiBulletinSampleTests.ForQuarter_returns_sufficient_sample_with_fixed_counts" computerName="runnervm3jyl0" duration="00:00:00.0010129" startTime="2026-05-30T14:12:52.5883838+00:00" endTime="2026-05-30T14:12:52.5883839+00:00" testType="13cdc9d9-ddb5-4fa4-a97d-d965ccfc6d4b" outcome="Passed" testListId="8c84fa94-04c1-424b-9868-57a2d4851a1d" relativeResultsDirectory="b8b03df9-26d1-4f9f-8e5f-c75f4baa308d" />
    <UnitTestResult executionId="96d548ec-bbcc-4206-a5bd-433499f34402" testId="7b886412-fba3-caa1-f36a-e21b8bec6b6d" testName="ArchLucid.Core.Tests.Manifest.Sections.TopologySectionTests.Assigns_string_collections_and_typed_graph_nodes" computerName="runnervm3jyl0" duration="00:00:00.0072595" startTime="2026-05-30T14:12:52.3603779+00:00" endTime="2026-05-30T14:12:52.3603779+00:00" testType="13cdc9d9-ddb5-4fa4-a97d-d965ccfc6d4b" outcome="Passed" testListId="8c84fa94-04c1-424b-9868-57a2d4851a1d" relativeResultsDirectory="96d548ec-bbcc-4206-a5bd-433499f34402" />
    <UnitTestResult executionId="8bab2bcf-3305-42a8-8940-bd89b6c893f3" testId="1ccda5a5-3cbb-d58c-78c2-92bf43432cd5" testName="ArchLucid.Core.Tests.GoldenCorpus.RealLlmOutputStructuralValidatorTests.ValidateAgentResultStructure_rejects_empty_findings(t: Topology)" computerName="runnervm3jyl0" duration="00:00:00.0009570" startTime="2026-05-30T14:12:52.4611695+00:00" endTime="2026-05-30T14:12:52.4611696+00:00" testType="13cdc9d9-ddb5-4fa4-a97d-d965ccfc6d4b" outcome="Passed" testListId="8c84fa94-04c1-424b-9868-57a2d4851a1d" relativeResultsDirectory="8bab2bcf-3305-42a8-8940-bd89b6c893f3" />
    <UnitTestResult executionId="90eb4a92-fd12-4d90-8ac9-4c83c0d725c8" testId="88cf253f-21ee-a714-37fc-e1a58d3ca541" testName="ArchLucid.Core.Tests.ArgumentExtensionsTests.ThrowIfNull_WhenArgumentIsNull_ExceptionMessageContainsParameterName" computerName="runnervm3jyl0" duration="00:00:00.0004733" startTime="2026-05-30T14:12:52.3563695+00:00" endTime="2026-05-30T14:12:52.3563695+00:00" testType="13cdc9d9-ddb5-4fa4-a97d-d965ccfc6d4b" outcome="Passed" testListId="8c84fa94-04c1-424b-9868-57a2d4851a1d" relativeResultsDirectory="90eb4a92-fd12-4d90-8ac9-4c83c0d725c8" />
    <UnitTestResult executionId="459a79de-2611-4b80-a80a-6c4078d0c611" testId="fa592884-a100-bfdf-193f-0d4c4f9a7e8e" testName="ArchLucid.Core.Tests.Diagnostics.SanitizedLoggerWarningExtensionsTests.LogWarningArchitectureRunExecutionFailed_strips_control_chars_and_passes_exception" computerName="runnervm3jyl0" duration="00:00:00.0022970" startTime="2026-05-30T14:12:52.4693304+00:00" endTime="2026-05-30T14:12:52.4693305+00:00" testType="13cdc9d9-ddb5-4fa4-a97d-d965ccfc6d4b" outcome="Passed" testListId="8c84fa94-04c1-424b-9868-57a2d4851a1d" relativeResultsDirectory="459a79de-2611-4b80-a80a-6c4078d0c611" />
    <UnitTestResult executionId="e19c643b-85a8-46e5-972e-0a90bf50354f" testId="877a0670-1584-adf3-7272-29634b18dda0" testName="ArchLucid.Core.Tests.Hosting.AspNetCoreHostingUrlsTests.ShouldUseHttpsRedirection_WhenNullConfiguration_Throws" computerName="runnervm3jyl0" duration="00:00:00.0007552" startTime="2026-05-30T14:12:52.6310266+00:00" endTime="2026-05-30T14:12:52.6310267+00:00" testType="13cdc9d9-ddb5-4fa4-a97d-d965ccfc6d4b" outcome="Passed" testListId="8c84fa94-04c1-424b-9868-57a2d4851a1d" relativeResultsDirectory="e19c643b-85a8-46e5-972e-0a90bf50354f" />
    <UnitTestResult executionId="607fc900-e1c8-4633-83a6-9c771d1c186d" testId="7ba5ac01-891c-246a-c621-a5072a1a54a8" testName="ArchLucid.Core.Tests.Hosting.ProductionDangerousMisconfigurationLintTests.AppliesDangerousFailFast_archlucid_production_on_development_aspnet_is_true" computerName="runnervm3jyl0" duration="00:00:00.0002419" startTime="2026-05-30T14:12:52.2931461+00:00" endTime="2026-05-30T14:12:52.2931462+00:00" testType="13cdc9d9-ddb5-4fa4-a97d-d965ccfc6d4b" outcome="Passed" testListId="8c84fa94-04c1-424b-9868-57a2d4851a1d" relativeResultsDirectory="607fc900-e1c8-4633-83a6-9c771d1c186d" />
    <UnitTestResult executionId="1b4a9170-b240-4136-8c91-dbc182c87d01" testId="5ae0bdc9-fa7b-3c84-4a7d-a40ce12089d4" testName="ArchLucid.Core.Tests.Budgeting.LlmBudgetTelemetryTests.MonthlyHardCapRemainingUsd_whenCapNotPositive_returnsZero" computerName="runnervm3jyl0" duration="00:00:00.0035887" startTime="2026-05-30T14:12:52.3261107+00:00" endTime="2026-05-30T14:12:52.3261107+00:00" testType="13cdc9d9-ddb5-4fa4-a97d-d965ccfc6d4b" outcome="Passed" testListId="8c84fa94-04c1-424b-9868-57a2d4851a1d" relativeResultsDirectory="1b4a9170-b240-4136-8c91-dbc182c87d01" />
    <UnitTestResult executionId="b8fdf75e-f7c9-4c19-b2c9-8f2b87b624e3" testId="ca2b3f68-c8b1-c20a-e579-de4b47cf761a" testName="ArchLucid.Core.Tests.Diagnostics.SanitizedLoggerInformationExtensionsTests.LogInformationAgentExecutionBatchStarting_throws_when_logger_null" computerName="runnervm3jyl0" duration="00:00:00.0007025" startTime="2026-05-30T14:12:52.5621160+00:00" endTime="2026-05-30T14:12:52.5621161+00:00" testType="13cdc9d9-ddb5-4fa4-a97d-d965ccfc6d4b" outcome="Passed" testListId="8c84fa94-04c1-424b-9868-57a2d4851a1d" relativeResultsDirectory="b8fdf75e-f7c9-4c19-b2c9-8f2b87b624e3" />
    <UnitTestResult executionId="13b03284-23ef-418a-b3b2-0f161e92588b" testId="1ff0e09a-2eb9-a6e9-d2dc-8ddd12f577a0" testName="ArchLucid.Core.Tests.Pagination.PaginationDefaultsTests.Normalize_ClampsPageAndPageSize(page: 0, pageSize: 10, expectedPage: 1, expectedSize: 10)" computerName="runnervm3jyl0" duration="00:00:00.0000074" startTime="2026-05-30T14:12:52.6014235+00:00" endTime="2026-05-30T14:12:52.6014235+00:00" testType="13cdc9d9-ddb5-4fa4-a97d-d965ccfc6d4b" outcome="Passed" testListId="8c84fa94-04c1-424b-9868-57a2d4851a1d" relativeResultsDirectory="13b03284-23ef-418a-b3b2-0f161e92588b" />
    <UnitTestResult executionId="6e2d5df9-3488-45c8-8f84-a95d40400245" testId="a97e22ab-d6f1-e49e-731d-f2a6ec2f56ca" testName="ArchLucid.Core.Tests.Marketing.MarketingAttributionBucketMapperTests.MapCoarsePlatform_buckets_low_cardinality(source: null, expected: &quot;unknown&quot;)" computerName="runnervm3jyl0" duration="00:00:00.0000079" startTime="2026-05-30T14:12:52.3439094+00:00" endTime="2026-05-30T14:12:52.3439094+00:00" testType="13cdc9d9-ddb5-4fa4-a97d-d965ccfc6d4b" outcome="Passed" testListId="8c84fa94-04c1-424b-9868-57a2d4851a1d" relativeResultsDirectory="6e2d5df9-3488-45c8-8f84-a95d40400245" />
    <UnitTestResult executionId="9503ec78-300d-43fc-b6d5-57e4b765b000" testId="a960dce8-bc52-9ee0-f98b-3f4177589144" testName="ArchLucid.Core.Tests.Integration.IntegrationEventPayloadContractTests.Recipe_fixture_alert_fired_validates_against_committed_schema" computerName="runnervm3jyl0" duration="00:00:00.0003566" startTime="2026-05-30T14:12:52.5870773+00:00" endTime="2026-05-30T14:12:52.5870774+00:00" testType="13cdc9d9-ddb5-4fa4-a97d-d965ccfc6d4b" outcome="Passed" testListId="8c84fa94-04c1-424b-9868-57a2d4851a1d" relativeResultsDirectory="9503ec78-300d-43fc-b6d5-57e4b765b000" />
    <UnitTestResult executionId="4039d7c6-74f6-4d12-b7ba-044937cd857a" testId="d9d881ce-149a-44d8-56bb-4f4ade25fcbc" testName="ArchLucid.Core.Tests.CustomerSuccess.TenantHealthScoringCalculatorTests.Quality_tracks_trusted_ratio" computerName="runnervm3jyl0" duration="00:00:00.0002560" startTime="2026-05-30T14:12:52.4265236+00:00" endTime="2026-05-30T14:12:52.4265236+00:00" testType="13cdc9d9-ddb5-4fa4-a97d-d965ccfc6d4b" outcome="Passed" testListId="8c84fa94-04c1-424b-9868-57a2d4851a1d" relativeResultsDirectory="4039d7c6-74f6-4d12-b7ba-044937cd857a" />
    <UnitTestResult executionId="5565880f-4864-4d01-b730-ed52397b6035" testId="07e0d8af-d6b1-9324-ca18-fc529b7a1223" testName="ArchLucid.Core.Tests.Scoping.ScopeContextAuditExtensionsTests.CreateAuditEvent_with_blank_data_json_uses_empty_object(dataJson: &quot;   &quot;)" computerName="runnervm3jyl0" duration="00:00:00.0001663" startTime="2026-05-30T14:12:52.4749607+00:00" endTime="2026-05-30T14:12:52.4749608+00:00" testType="13cdc9d9-ddb5-4fa4-a97d-d965ccfc6d4b" outcome="Passed" testListId="8c84fa94-04c1-424b-9868-57a2d4851a1d" relativeResultsDirectory="5565880f-4864-4d01-b730-ed52397b6035" />
    <UnitTestResult executionId="6c0273b9-ab6c-44e6-8437-01c63e3a247c" testId="635af2f2-604d-f0d1-4414-024c4cd43782" testName="ArchLucid.Core.Tests.Integration.IntegrationEventServiceBusCorrelationIdTests.Trim_truncates_to_service_bus_max_length" computerName="runnervm3jyl0" duration="00:00:00.0003968" startTime="2026-05-30T14:12:52.3595155+00:00" endTime="2026-05-30T14:12:52.3595155+00:00" testType="13cdc9d9-ddb5-4fa4-a97d-d965ccfc6d4b" outcome="Passed" testListId="8c84fa94-04c1-424b-9868-57a2d4851a1d" relativeResultsDirectory="6c0273b9-ab6c-44e6-8437-01c63e3a247c" />
    <UnitTestResult executionId="a326ff00-decc-444c-b773-ab98afd5ab6f" testId="a0c1bb46-b705-b4ef-1fb2-6441f9495921" testName="ArchLucid.Core.Tests.Explanation.StructuredExplanationTests.Defaults_schema_version_one_empty_evidence_null_optionals" computerName="runnervm3jyl0" duration="00:00:00.0003253" startTime="2026-05-30T14:12:52.3128003+00:00" endTime="2026-05-30T14:12:52.3128003+00:00" testType="13cdc9d9-ddb5-4fa4-a97d-d965ccfc6d4b" outcome="Passed" testListId="8c84fa94-04c1-424b-9868-57a2d4851a1d" relativeResultsDirectory="a326ff00-decc-444c-b773-ab98afd5ab6f" />
    <UnitTestResult executionId="f3fa41b7-ff05-4d57-a2af-98507c9fbed7" testId="0aa71dc0-19a3-50a5-50c5-f9b382f51bbc" testName="ArchLucid.Core.Tests.Roi.TenantEaDiscountMathTests.MultiplierFromPercentage_maps_percentage_to_effective_price_multiplier(pct: 0, expectedMultiplier: 1)" computerName="runnervm3jyl0" duration="00:00:00.0000144" startTime="2026-05-30T14:12:52.1459709+00:00" endTime="2026-05-30T14:12:52.1459710+00:00" testType="13cdc9d9-ddb5-4fa4-a97d-d965ccfc6d4b" outcome="Passed" testListId="8c84fa94-04c1-424b-9868-57a2d4851a1d" relativeResultsDirectory="f3fa41b7-ff05-4d57-a2af-98507c9fbed7" />
    <UnitTestResult executionId="85829d03-0a61-4e49-ac8f-be52c9b98288" testId="3e4868f9-3468-a8e6-8e88-2ca537243ecc" testName="ArchLucid.Core.Tests.Marketing.MarketingAttributionBucketMapperTests.MapCoarsePlatform_buckets_low_cardinality(source: &quot;archlucid&quot;, expected: &quot;internal&quot;)" computerName="runnervm3jyl0" duration="00:00:00.0003966" startTime="2026-05-30T14:12:52.3420750+00:00" endTime="2026-05-30T14:12:52.3420750+00:00" testType="13cdc9d9-ddb5-4fa4-a97d-d965ccfc6d4b" outcome="Passed" testListId="8c84fa94-04c1-424b-9868-57a2d4851a1d" relativeResultsDirectory="85829d03-0a61-4e49-ac8f-be52c9b98288" />
    <UnitTestResult executionId="9fbf2e87-023e-4e33-8c7c-5f6df33db550" testId="09115c3b-65d3-0ab3-78f4-397e6cb1f604" testName="ArchLucid.Core.Tests.Diagnostics.BusinessMetricsTests.FindingsProducedTotal_increment_with_severity_tag_emits_measurement" computerName="runnervm3jyl0" duration="00:00:00.0015823" startTime="2026-05-30T14:12:53.4371322+00:00" endTime="2026-05-30T14:12:53.4371325+00:00" testType="13cdc9d9-ddb5-4fa4-a97d-d965ccfc6d4b" outcome="Passed" testListId="8c84fa94-04c1-424b-9868-57a2d4851a1d" relativeResultsDirectory="9fbf2e87-023e-4e33-8c7c-5f6df33db550" />
    <UnitTestResult executionId="521b1f9a-e80d-4f56-9bf3-e5170f42f5d1" testId="ae7b65ad-da2c-3f92-4418-713276705b25" testName="ArchLucid.Core.Tests.Diagnostics.SanitizedLoggerInformationExtensionsTests.LogInformationAgentExecutionBatchStarting_strips_control_chars_in_user_strings" computerName="runnervm3jyl0" duration="00:00:00.0070922" startTime="2026-05-30T14:12:52.5489806+00:00" endTime="2026-05-30T14:12:52.5489806+00:00" testType="13cdc9d9-ddb5-4fa4-a97d-d965ccfc6d4b" outcome="Passed" testListId="8c84fa94-04c1-424b-9868-57a2d4851a1d" relativeResultsDirectory="521b1f9a-e80d-4f56-9bf3-e5170f42f5d1" />
    <UnitTestResult executionId="df4e28f1-7842-40f2-aba7-c2bb8f994db6" testId="18eb7716-9644-b900-a983-b1fe55ca6b0d" testName="ArchLucid.Core.Tests.Security.AllowedDocumentUrlPolicyTests.TryGetRejectionReason_WhenUrlTargetsUnsafeAddress_Rejects(rawUrl: &quot;https://10.0.0.5/doc&quot;, expectedPhrase: &quot;private&quot;)" computerName="runnervm3jyl0" duration="00:00:00.0003299" startTime="2026-05-30T14:12:52.1512210+00:00" endTime="2026-05-30T14:12:52.1512211+00:00" testType="13cdc9d9-ddb5-4fa4-a97d-d965ccfc6d4b" outcome="Passed" testListId="8c84fa94-04c1-424b-9868-57a2d4851a1d" relativeResultsDirectory="df4e28f1-7842-40f2-aba7-c2bb8f994db6" />
    <UnitTestResult executionId="75dd4b49-5340-4f36-aa6f-8a25e542cb29" testId="69b32526-ee6b-ac41-a059-a58e1972b36e" testName="ArchLucid.Core.Tests.Roi.TenantEaDiscountMathTests.PercentageFromMultiplier_inverts_multiplier(multiplier: 0.85, expectedPct: 15)" computerName="runnervm3jyl0" duration="00:00:00.0000127" startTime="2026-05-30T14:12:52.1446333+00:00" endTime="2026-05-30T14:12:52.1446333+00:00" testType="13cdc9d9-ddb5-4fa4-a97d-d965ccfc6d4b" outcome="Passed" testListId="8c84fa94-04c1-424b-9868-57a2d4851a1d" relativeResultsDirectory="75dd4b49-5340-4f36-aa6f-8a25e542cb29" />
    <UnitTestResult executionId="63ecafdc-6ae2-4c5e-9da4-fd2c3d89555f" testId="ce0e611d-1f5e-e793-03b4-9be928496588" testName="ArchLucid.Core.Tests.Configuration.ExecutiveRoiSavingsGaugeOptionsConfigurationTests.ExecutiveRoiSavingsGaugeOptions_section_binds_record_per_tenant_flag" computerName="runnervm3jyl0" duration="00:00:00.0009119" startTime="2026-05-30T14:12:52.6057565+00:00" endTime="2026-05-30T14:12:52.6057566+00:00" testType="13cdc9d9-ddb5-4fa4-a97d-d965ccfc6d4b" outcome="Passed" testListId="8c84fa94-04c1-424b-9868-57a2d4851a1d" relativeResultsDirectory="63ecafdc-6ae2-4c5e-9da4-fd2c3d89555f" />
    <UnitTestResult executionId="c3b69f77-014e-476a-9262-cdd1f10d1254" testId="b1da7d47-ec69-70ae-619c-e93686de3398" testName="ArchLucid.Core.Tests.Integration.IntegrationEventsOptionsValidatorTests.Validate_defaults_succeed" computerName="runnervm3jyl0" duration="00:00:00.0010367" startTime="2026-05-30T14:12:52.4886963+00:00" endTime="2026-05-30T14:12:52.4886964+00:00" testType="13cdc9d9-ddb5-4fa4-a97d-d965ccfc6d4b" outcome="Passed" testListId="8c84fa94-04c1-424b-9868-57a2d4851a1d" relativeResultsDirectory="c3b69f77-014e-476a-9262-cdd1f10d1254" />
    <UnitTestResult executionId="e577330d-fe7f-4ad9-b742-52239c3f4b8f" testId="cb5ae3aa-fac1-cd27-19ff-556bef165fa7" testName="ArchLucid.Core.Tests.Auth.Saml.SamlSpConfigurationDiagnosticsTests.EvaluateAsync_when_enabled_validates_signing_certificate_and_metadata" computerName="runnervm3jyl0" duration="00:00:00.6673729" startTime="2026-05-30T14:12:52.8730381+00:00" endTime="2026-05-30T14:12:52.8730384+00:00" testType="13cdc9d9-ddb5-4fa4-a97d-d965ccfc6d4b" outcome="Passed" testListId="8c84fa94-04c1-424b-9868-57a2d4851a1d" relativeResultsDirectory="e577330d-fe7f-4ad9-b742-52239c3f4b8f" />
    <UnitTestResult executionId="b25dd283-0b72-4b93-be4c-5c8ada4d5fa4" testId="c5112c1f-fed3-3689-40bb-fd40f81e6a7f" testName="ArchLucid.Core.Tests.TimeProviderExtensionsTests.UtcToday_matches_date_part_of_utc_now" computerName="runnervm3jyl0" duration="00:00:00.0007825" startTime="2026-05-30T14:12:52.3123601+00:00" endTime="2026-05-30T14:12:52.3123602+00:00" testType="13cdc9d9-ddb5-4fa4-a97d-d965ccfc6d4b" outcome="Passed" testListId="8c84fa94-04c1-424b-9868-57a2d4851a1d" relativeResultsDirectory="b25dd283-0b72-4b93-be4c-5c8ada4d5fa4" />
    <UnitTestResult executionId="58e7886d-cbf3-4fb5-949f-6d9ed3931f01" testId="d32924de-3e7e-0f27-1663-df9c1f75afe4" testName="ArchLucid.Core.Tests.TimeSpanExtensionsTests.Clamp_in_range_returns_value" computerName="runnervm3jyl0" duration="00:00:00.0007823" startTime="2026-05-30T14:12:52.4843747+00:00" endTime="2026-05-30T14:12:52.4843748+00:00" testType="13cdc9d9-ddb5-4fa4-a97d-d965ccfc6d4b" outcome="Passed" testListId="8c84fa94-04c1-424b-9868-57a2d4851a1d" relativeResultsDirectory="58e7886d-cbf3-4fb5-949f-6d9ed3931f01" />
    <UnitTestResult executionId="87316d87-a52f-4041-9936-1fba4d8775d4" testId="5324125e-1e16-8584-af10-eaa883f26453" testName="ArchLucid.Core.Tests.Diagnostics.MeterListenerCounterSnapshotProviderTests.Snapshot_returns_isolated_copy_of_findings_dictionary" computerName="runnervm3jyl0" duration="00:00:00.0006386" startTime="2026-05-30T14:12:53.4603091+00:00" endTime="2026-05-30T14:12:53.4603091+00:00" testType="13cdc9d9-ddb5-4fa4-a97d-d965ccfc6d4b" outcome="Passed" testListId="8c84fa94-04c1-424b-9868-57a2d4851a1d" relativeResultsDirectory="87316d87-a52f-4041-9936-1fba4d8775d4" />
    <UnitTestResult executionId="b6f94b65-5861-4894-a548-5831aea786f6" testId="3cece9b1-f117-a7a0-99a1-c51c4614165e" testName="ArchLucid.Core.Tests.Support.SupportBundleNextStepsBuilderTests.BuildForApiHost_Includes_correlation_and_retention_guidance" computerName="runnervm3jyl0" duration="00:00:00.0080110" startTime="2026-05-30T14:12:52.3243730+00:00" endTime="2026-05-30T14:12:52.3243731+00:00" testType="13cdc9d9-ddb5-4fa4-a97d-d965ccfc6d4b" outcome="Passed" testListId="8c84fa94-04c1-424b-9868-57a2d4851a1d" relativeResultsDirectory="b6f94b65-5861-4894-a548-5831aea786f6" />
    <UnitTestResult executionId="bceaf816-0e51-401a-ba7c-61386caabe7c" testId="8ab1caae-8f36-cd20-a407-a4a7eff829d9" testName="ArchLucid.Core.Tests.Resilience.CircuitBreakerGateMetricsTests.ThrowIfBroken_when_open_emits_rejection_metric" computerName="runnervm3jyl0" duration="00:00:00.0036988" startTime="2026-05-30T14:12:53.4191995+00:00" endTime="2026-05-30T14:12:53.4192008+00:00" testType="13cdc9d9-ddb5-4fa4-a97d-d965ccfc6d4b" outcome="Passed" testListId="8c84fa94-04c1-424b-9868-57a2d4851a1d" relativeResultsDirectory="bceaf816-0e51-401a-ba7c-61386caabe7c" />
    <UnitTestResult executionId="3106a1ed-8d83-4631-820c-debaa5db9012" testId="17a6b67c-43af-e05a-54a5-621a58158b35" testName="ArchLucid.Core.Tests.Diagnostics.SanitizedLoggerDebugExtensionsTests.LogDebugCuratedEvidenceProposalSkipped_throws_when_logger_null" computerName="runnervm3jyl0" duration="00:00:00.0032859" startTime="2026-05-30T14:12:52.3657382+00:00" endTime="2026-05-30T14:12:52.3657383+00:00" testType="13cdc9d9-ddb5-4fa4-a97d-d965ccfc6d4b" outcome="Passed" testListId="8c84fa94-04c1-424b-9868-57a2d4851a1d" relativeResultsDirectory="3106a1ed-8d83-4631-820c-debaa5db9012" />
    <UnitTestResult executionId="8d565223-9837-4cc1-acff-1646ede6e054" testId="abbc2955-3eac-93ae-9c3f-8fc428098e25" testName="ArchLucid.Core.Tests.Configuration.HostEnvironmentClassificationTests.IsProductionOrStagingLike_IsTrue_for_IsStaging" computerName="runnervm3jyl0" duration="00:00:00.0001329" startTime="2026-05-30T14:12:52.3357545+00:00" endTime="2026-05-30T14:12:52.3357545+00:00" testType="13cdc9d9-ddb5-4fa4-a97d-d965ccfc6d4b" outcome="Passed" testListId="8c84fa94-04c1-424b-9868-57a2d4851a1d" relativeResultsDirectory="8d565223-9837-4cc1-acff-1646ede6e054" />
    <UnitTestResult executionId="ae8c943c-3f34-4373-8088-b4b1788d9348" testId="7bce16c4-b11e-99fc-4c2b-f6af8ff985f5" testName="ArchLucid.Core.Tests.Integration.IntegrationEventsOptionsValidatorTests.Validate_invalid_replay_webhook_url_fails" computerName="runnervm3jyl0" duration="00:00:00.0009888" startTime="2026-05-30T14:12:52.5099339+00:00" endTime="2026-05-30T14:12:52.5099339+00:00" testType="13cdc9d9-ddb5-4fa4-a97d-d965ccfc6d4b" outcome="Passed" testListId="8c84fa94-04c1-424b-9868-57a2d4851a1d" relativeResultsDirectory="ae8c943c-3f34-4373-8088-b4b1788d9348" />
    <UnitTestResult executionId="81a05de7-453c-40dc-8163-6d892a0e1db7" testId="d3e324c4-fef8-aca5-eaa0-409f11c0d070" testName="ArchLucid.Core.Tests.Integration.IntegrationEventsOptionsValidatorTests.Validate_queue_without_transport_fails" computerName="runnervm3jyl0" duration="00:00:00.0021126" startTime="2026-05-30T14:12:52.4933289+00:00" endTime="2026-05-30T14:12:52.4933290+00:00" testType="13cdc9d9-ddb5-4fa4-a97d-d965ccfc6d4b" outcome="Passed" testListId="8c84fa94-04c1-424b-9868-57a2d4851a1d" relativeResultsDirectory="81a05de7-453c-40dc-8163-6d892a0e1db7" />
    <UnitTestResult executionId="597af6d2-48fd-4d0f-a97c-f4932b8de255" testId="d6f9bcff-a5f8-de15-0605-0bf12737243a" testName="ArchLucid.Core.Tests.Notifications.Teams.TeamsIncomingWebhookConnectionUpsertValidationTests.TryValidateKeyVaultSecretName_accepts_secret_name_references(value: &quot;teams-incoming-webhook-demo&quot;)" computerName="runnervm3jyl0" duration="00:00:00.0000130" startTime="2026-05-30T14:12:52.4571972+00:00" endTime="2026-05-30T14:12:52.4571972+00:00" testType="13cdc9d9-ddb5-4fa4-a97d-d965ccfc6d4b" outcome="Passed" testListId="8c84fa94-04c1-424b-9868-57a2d4851a1d" relativeResultsDirectory="597af6d2-48fd-4d0f-a97c-f4932b8de255" />
    <UnitTestResult executionId="c3a5be6c-3b29-4efe-b1a7-6293b1b95ef5" testId="6ea75b19-8791-af1d-bf6f-01c8542b4e40" testName="ArchLucid.Core.Tests.Integration.IntegrationEventPayloadContractTests.GovernanceApprovalSubmitted_payload_has_expected_contract" computerName="runnervm3jyl0" duration="00:00:00.0019226" startTime="2026-05-30T14:12:52.5879508+00:00" endTime="2026-05-30T14:12:52.5879509+00:00" testType="13cdc9d9-ddb5-4fa4-a97d-d965ccfc6d4b" outcome="Passed" testListId="8c84fa94-04c1-424b-9868-57a2d4851a1d" relativeResultsDirectory="c3a5be6c-3b29-4efe-b1a7-6293b1b95ef5" />
    <UnitTestResult executionId="3fea8474-5adb-4aa2-a16b-94831ff9a231" testId="b9ba8270-fd7d-d6ad-de10-fa0df4004357" testName="ArchLucid.Core.Tests.Configuration.TrialLifecycleEmailRoutingOptionsTests.IsLogicAppOwned_false_when_owner_whitespace" computerName="runnervm3jyl0" duration="00:00:00.0000891" startTime="2026-05-30T14:12:52.4241075+00:00" endTime="2026-05-30T14:12:52.4241076+00:00" testType="13cdc9d9-ddb5-4fa4-a97d-d965ccfc6d4b" outcome="Passed" testListId="8c84fa94-04c1-424b-9868-57a2d4851a1d" relativeResultsDirectory="3fea8474-5adb-4aa2-a16b-94831ff9a231" />
    <UnitTestResult executionId="5a24c963-7cce-45a3-acee-564f4c287048" testId="43e240f4-beff-11f9-2f6c-02ade3720c75" testName="ArchLucid.Core.Tests.Hosting.ProductionDangerousMisconfigurationLintTests.DescribeFailFastFindings_require_telemetry_export_when_unconfigured_emits_rule_name" computerName="runnervm3jyl0" duration="00:00:00.0034007" startTime="2026-05-30T14:12:52.2926828+00:00" endTime="2026-05-30T14:12:52.2926829+00:00" testType="13cdc9d9-ddb5-4fa4-a97d-d965ccfc6d4b" outcome="Passed" testListId="8c84fa94-04c1-424b-9868-57a2d4851a1d" relativeResultsDirectory="5a24c963-7cce-45a3-acee-564f4c287048" />
    <UnitTestResult executionId="0dc87243-4527-47b5-b3b0-acefefdce9fe" testId="801752f0-cf93-a178-48c6-6cc46b081605" testName="ArchLucid.Core.Tests.Explanation.StructuredExplanationLlmPromptSchemaTests.BuildRunExplanationJsonResponseInstructions_includes_all_structured_explanation_properties" computerName="runnervm3jyl0" duration="00:00:00.0003422" startTime="2026-05-30T14:12:52.2033858+00:00" endTime="2026-05-30T14:12:52.2033858+00:00" testType="13cdc9d9-ddb5-4fa4-a97d-d965ccfc6d4b" outcome="Passed" testListId="8c84fa94-04c1-424b-9868-57a2d4851a1d" relativeResultsDirectory="0dc87243-4527-47b5-b3b0-acefefdce9fe" />
    <UnitTestResult executionId="01beb26e-8a7d-4dd1-acbd-ca4bb8248002" testId="bd615da4-429c-58f7-e2f5-80f890f46df2" testName="ArchLucid.Core.Tests.Identity.RunIdTests.Explicit_conversion_round_trips_guid" computerName="runnervm3jyl0" duration="00:00:00.0002486" startTime="2026-05-30T14:12:52.5191066+00:00" endTime="2026-05-30T14:12:52.5191067+00:00" testType="13cdc9d9-ddb5-4fa4-a97d-d965ccfc6d4b" outcome="Passed" testListId="8c84fa94-04c1-424b-9868-57a2d4851a1d" relativeResultsDirectory="01beb26e-8a7d-4dd1-acbd-ca4bb8248002" />
    <UnitTestResult executionId="9e8ebe3d-bdc6-4e81-bbae-d30118e2cc54" testId="984b373a-9521-ab77-fa1d-cd83d5088a18" testName="ArchLucid.Core.Tests.Configuration.TrialLifecycleEmailRoutingOptionsTests.IsLogicAppOwnerMode_matches_logic_app_token_only(owner: &quot;Hosted&quot;, expected: False)" computerName="runnervm3jyl0" duration="00:00:00.0002682" startTime="2026-05-30T14:12:52.4191987+00:00" endTime="2026-05-30T14:12:52.4191989+00:00" testType="13cdc9d9-ddb5-4fa4-a97d-d965ccfc6d4b" outcome="Passed" testListId="8c84fa94-04c1-424b-9868-57a2d4851a1d" relativeResultsDirectory="9e8ebe3d-bdc6-4e81-bbae-d30118e2cc54" />
    <UnitTestResult executionId="ec796e48-e1ee-45cd-8739-4c3eefe1ccc0" testId="f390531b-11c2-a855-a3d8-fdfd7b578ff6" testName="ArchLucid.Core.Tests.Diagnostics.SanitizedLoggerInformationExtensionsTests.LogInformationAgentResultSubmitted_strips_control_chars_in_user_strings" computerName="runnervm3jyl0" duration="00:00:00.0043992" startTime="2026-05-30T14:12:52.5816023+00:00" endTime="2026-05-30T14:12:52.5816023+00:00" testType="13cdc9d9-ddb5-4fa4-a97d-d965ccfc6d4b" outcome="Passed" testListId="8c84fa94-04c1-424b-9868-57a2d4851a1d" relativeResultsDirectory="ec796e48-e1ee-45cd-8739-4c3eefe1ccc0" />
    <UnitTestResult executionId="60cddc2e-347f-4e1e-94c4-f0a278400c43" testId="524a9c70-458e-e1da-12ab-f42b3f7169f9" testName="ArchLucid.Core.Tests.Diagnostics.SanitizedLoggerErrorExtensionsTests.LogErrorUnhandledWorkerHttpRequest_strips_control_chars_and_passes_exception" computerName="runnervm3jyl0" duration="00:00:00.0022347" startTime="2026-05-30T14:12:52.6112061+00:00" endTime="2026-05-30T14:12:52.6112061+00:00" testType="13cdc9d9-ddb5-4fa4-a97d-d965ccfc6d4b" outcome="Passed" testListId="8c84fa94-04c1-424b-9868-57a2d4851a1d" relativeResultsDirectory="60cddc2e-347f-4e1e-94c4-f0a278400c43" />
    <UnitTestResult executionId="fb9f98a1-a4df-427a-877d-8c6502bda29b" testId="d28dadc7-4c0c-5114-fddc-af0e26412ce2" testName="ArchLucid.Core.Tests.Diagnostics.LlmGenAiInstrumentationTests.RecordLlmGenAiOperationDurationMilliseconds_emits_histogram_with_operation_and_status_tags" computerName="runnervm3jyl0" duration="00:00:00.0021231" startTime="2026-05-30T14:12:53.4480146+00:00" endTime="2026-05-30T14:12:53.4480147+00:00" testType="13cdc9d9-ddb5-4fa4-a97d-d965ccfc6d4b" outcome="Passed" testListId="8c84fa94-04c1-424b-9868-57a2d4851a1d" relativeResultsDirectory="fb9f98a1-a4df-427a-877d-8c6502bda29b" />
    <UnitTestResult executionId="93e24b7e-caec-42b6-9778-05df5862e04f" testId="41d851ef-dd28-18a2-c9c6-f811df5590fe" testName="ArchLucid.Core.Tests.Hosting.OperatorConfigurationLintEvaluatorTests.Evaluate_RealMode_ReachableProbe_AddsNoConnectivityAdvisory" computerName="runnervm3jyl0" duration="00:00:00.0052355" startTime="2026-05-30T14:12:52.1917837+00:00" endTime="2026-05-30T14:12:52.1917838+00:00" testType="13cdc9d9-ddb5-4fa4-a97d-d965ccfc6d4b" outcome="Passed" testListId="8c84fa94-04c1-424b-9868-57a2d4851a1d" relativeResultsDirectory="93e24b7e-caec-42b6-9778-05df5862e04f" />
    <UnitTestResult executionId="10d65df9-e1f0-48e7-bdae-e45c9fb08c58" testId="ca84b63d-b1b7-0f31-6f2c-c6b0b457a3a1" testName="ArchLucid.Core.Tests.Scoping.ScopeContextAuditExtensionsTests.CreateAuditEvent_null_scope_throws" computerName="runnervm3jyl0" duration="00:00:00.0005794" startTime="2026-05-30T14:12:52.4756617+00:00" endTime="2026-05-30T14:12:52.4756618+00:00" testType="13cdc9d9-ddb5-4fa4-a97d-d965ccfc6d4b" outcome="Passed" testListId="8c84fa94-04c1-424b-9868-57a2d4851a1d" relativeResultsDirectory="10d65df9-e1f0-48e7-bdae-e45c9fb08c58" />
    <UnitTestResult executionId="04ffdb3c-5b54-4fe5-9572-b04c00affb01" testId="5f5d5d3f-e1c2-a560-b1c0-17cb42a4d657" testName="ArchLucid.Core.Tests.Configuration.HostEnvironmentClassificationTests.IsDevelopmentOrSandbox_IsTrue_for_development" computerName="runnervm3jyl0" duration="00:00:00.0001443" startTime="2026-05-30T14:12:52.3376730+00:00" endTime="2026-05-30T14:12:52.3376730+00:00" testType="13cdc9d9-ddb5-4fa4-a97d-d965ccfc6d4b" outcome="Passed" testListId="8c84fa94-04c1-424b-9868-57a2d4851a1d" relativeResultsDirectory="04ffdb3c-5b54-4fe5-9572-b04c00affb01" />
    <UnitTestResult executionId="3e3f2574-b8d1-45ba-a613-02f5594901f9" testId="d6d18391-351d-6469-4b89-571d66535276" testName="ArchLucid.Core.Tests.Configuration.FeatureFlagsTests.FeatureManagementAuthorityPipelineModeResolver_WhenInMemoryStorage_DoesNotQueryFeatureFlags" computerName="runnervm3jyl0" duration="00:00:00.0064457" startTime="2026-05-30T14:12:52.2396183+00:00" endTime="2026-05-30T14:12:52.2396184+00:00" testType="13cdc9d9-ddb5-4fa4-a97d-d965ccfc6d4b" outcome="Passed" testListId="8c84fa94-04c1-424b-9868-57a2d4851a1d" relativeResultsDirectory="3e3f2574-b8d1-45ba-a613-02f5594901f9" />
    <UnitTestResult executionId="d60c5897-d1a5-4508-9d30-95f67f240dc6" testId="0b154ac0-0069-5664-99da-a810082f4a12" testName="ArchLucid.Core.Tests.Configuration.DataConsistencyEnforcementOptionsConfigurationTests.DataConsistency_Enforcement_defaults_AutoQuarantine_false" computerName="runnervm3jyl0" duration="00:00:00.0004988" startTime="2026-05-30T14:12:52.5862063+00:00" endTime="2026-05-30T14:12:52.5862063+00:00" testType="13cdc9d9-ddb5-4fa4-a97d-d965ccfc6d4b" outcome="Passed" testListId="8c84fa94-04c1-424b-9868-57a2d4851a1d" relativeResultsDirectory="d60c5897-d1a5-4508-9d30-95f67f240dc6" />
    <UnitTestResult executionId="effc76ee-d086-4627-bb1a-f30dbf999dab" testId="72545b5b-c274-9c22-acfd-113e867f6e54" testName="ArchLucid.Core.Tests.Llm.Redaction.PromptRedactorTests.RedactAlways_applies_rules_when_prompt_redaction_disabled" computerName="runnervm3jyl0" duration="00:00:00.0009398" startTime="2026-05-30T14:12:52.6343468+00:00" endTime="2026-05-30T14:12:52.6343468+00:00" testType="13cdc9d9-ddb5-4fa4-a97d-d965ccfc6d4b" outcome="Passed" testListId="8c84fa94-04c1-424b-9868-57a2d4851a1d" relativeResultsDirectory="effc76ee-d086-4627-bb1a-f30dbf999dab" />
    <UnitTestResult executionId="a7066d2b-db3e-4774-ae47-80b49368d6d5" testId="686abdbe-8b88-2994-db7e-0d1ddd02986b" testName="ArchLucid.Core.Tests.Marketing.MarketingAttributionBucketMapperTests.MapCoarsePlatform_buckets_low_cardinality(source: &quot;Google Ads&quot;, expected: &quot;google&quot;)" computerName="runnervm3jyl0" duration="00:00:00.0000080" startTime="2026-05-30T14:12:52.3434716+00:00" endTime="2026-05-30T14:12:52.3434716+00:00" testType="13cdc9d9-ddb5-4fa4-a97d-d965ccfc6d4b" outcome="Passed" testListId="8c84fa94-04c1-424b-9868-57a2d4851a1d" relativeResultsDirectory="a7066d2b-db3e-4774-ae47-80b49368d6d5" />
    <UnitTestResult executionId="ef9c77b7-72b7-41de-82ea-f0ee5e1246b4" testId="1f1f28a7-b294-5ef7-f2a3-90168fe81ea5" testName="ArchLucid.Core.Tests.AzureExtractor.AzureExtractorPackageZipValidatorTests.Validate_missing_manifest_is_schema_rejection" computerName="runnervm3jyl0" duration="00:00:00.0003822" startTime="2026-05-30T14:12:52.5067821+00:00" endTime="2026-05-30T14:12:52.5067822+00:00" testType="13cdc9d9-ddb5-4fa4-a97d-d965ccfc6d4b" outcome="Passed" testListId="8c84fa94-04c1-424b-9868-57a2d4851a1d" relativeResultsDirectory="ef9c77b7-72b7-41de-82ea-f0ee5e1246b4" />
    <UnitTestResult executionId="9fd7f5f3-3aff-4482-8a51-425fee30b316" testId="36dbe6d8-d46d-fd78-d3ce-862b37f95625" testName="ArchLucid.Core.Tests.Tenancy.TenantErasureEligibilityTests.IsTenantLoginBlocked_true_when_erasure_requested_in_past" computerName="runnervm3jyl0" duration="00:00:00.0012690" startTime="2026-05-30T14:12:52.5337715+00:00" endTime="2026-05-30T14:12:52.5337716+00:00" testType="13cdc9d9-ddb5-4fa4-a97d-d965ccfc6d4b" outcome="Passed" testListId="8c84fa94-04c1-424b-9868-57a2d4851a1d" relativeResultsDirectory="9fd7f5f3-3aff-4482-8a51-425fee30b316" />
    <UnitTestResult executionId="7010b8a1-eb35-4631-bb39-c29ff416dc42" testId="2ce9bcd3-2e47-b902-e4d2-3d700742b4fc" testName="ArchLucid.Core.Tests.Requests.RequestConstraintClassifierTests.HasPrivateNetworkingConstraint_detects_private_networking_phrasing" computerName="runnervm3jyl0" duration="00:00:00.0001812" startTime="2026-05-30T14:12:52.6135444+00:00" endTime="2026-05-30T14:12:52.6135444+00:00" testType="13cdc9d9-ddb5-4fa4-a97d-d965ccfc6d4b" outcome="Passed" testListId="8c84fa94-04c1-424b-9868-57a2d4851a1d" relativeResultsDirectory="7010b8a1-eb35-4631-bb39-c29ff416dc42" />
    <UnitTestResult executionId="5c37306e-97ce-46a9-ad37-006bd9740d6d" testId="642ce207-69da-217d-5bf5-e9c0c6cf7aa6" testName="ArchLucid.Core.Tests.Authentication.ApiKeyMaterialMaskerTests.MaskCommaSeparatedSegments_masks_each_segment" computerName="runnervm3jyl0" duration="00:00:00.0007182" startTime="2026-05-30T14:12:52.6336564+00:00" endTime="2026-05-30T14:12:52.6336565+00:00" testType="13cdc9d9-ddb5-4fa4-a97d-d965ccfc6d4b" outcome="Passed" testListId="8c84fa94-04c1-424b-9868-57a2d4851a1d" relativeResultsDirectory="5c37306e-97ce-46a9-ad37-006bd9740d6d" />
    <UnitTestResult executionId="59418fb1-193d-454c-b915-c013411c02b2" testId="4d11715b-4ae5-6f22-b24a-d7c729300cfd" testName="ArchLucid.Core.Tests.GoldenCorpus.RealLlmOutputStructuralValidatorTests.ValidateAgentResultStructure_rejects_missing_base_key(t: Compliance, omit: &quot;evidenceRefs&quot;)" computerName="runnervm3jyl0" duration="00:00:00.0630255" startTime="2026-05-30T14:12:52.4307235+00:00" endTime="2026-05-30T14:12:52.4307236+00:00" testType="13cdc9d9-ddb5-4fa4-a97d-d965ccfc6d4b" outcome="Passed" testListId="8c84fa94-04c1-424b-9868-57a2d4851a1d" relativeResultsDirectory="59418fb1-193d-454c-b915-c013411c02b2" />
    <UnitTestResult executionId="8c8b11e2-ad19-42d3-b927-455419c64d6f" testId="a59f6c74-4543-edb7-a6e7-57b5f48d0a2a" testName="ArchLucid.Core.Tests.Requests.RequestConstraintClassifierTests.All_members_throw_when_request_is_null" computerName="runnervm3jyl0" duration="00:00:00.0036561" startTime="2026-05-30T14:12:52.6157917+00:00" endTime="2026-05-30T14:12:52.6157918+00:00" testType="13cdc9d9-ddb5-4fa4-a97d-d965ccfc6d4b" outcome="Passed" testListId="8c84fa94-04c1-424b-9868-57a2d4851a1d" relativeResultsDirectory="8c8b11e2-ad19-42d3-b927-455419c64d6f" />
    <UnitTestResult executionId="a36cd349-e4a1-411a-80b6-b539736943b3" testId="f530e585-d131-5be7-d516-1b5e8624afc1" testName="ArchLucid.Core.Tests.Support.SupportBundleLogDiagnosticsAnalyzerTests.BuildSummary_with_no_log_text_lists_none_detected" computerName="runnervm3jyl0" duration="00:00:00.0016223" startTime="2026-05-30T14:12:52.3648723+00:00" endTime="2026-05-30T14:12:52.3648724+00:00" testType="13cdc9d9-ddb5-4fa4-a97d-d965ccfc6d4b" outcome="Passed" testListId="8c84fa94-04c1-424b-9868-57a2d4851a1d" relativeResultsDirectory="a36cd349-e4a1-411a-80b6-b539736943b3" />
    <UnitTestResult executionId="c39d090b-9e5e-411e-998c-de926ef44636" testId="5466aa5a-cd96-1fa4-d9e7-34689dcb9d22" testName="ArchLucid.Core.Tests.Budgeting.LlmBudgetTelemetryTests.MonthlyHardCapUtilizationFraction_whenPressureNegative_treatsPressureAsZero" computerName="runnervm3jyl0" duration="00:00:00.0002863" startTime="2026-05-30T14:12:52.3265229+00:00" endTime="2026-05-30T14:12:52.3265229+00:00" testType="13cdc9d9-ddb5-4fa4-a97d-d965ccfc6d4b" outcome="Passed" testListId="8c84fa94-04c1-424b-9868-57a2d4851a1d" relativeResultsDirectory="c39d090b-9e5e-411e-998c-de926ef44636" />
    <UnitTestResult executionId="693853df-af12-42f4-bad4-680f89dbea6b" testId="e2a40f95-cb5a-35f3-03d8-489b4aac50ca" testName="ArchLucid.Core.Tests.Integration.IntegrationEventsOptionsTests.SectionName_matches_appsettings_group" computerName="runnervm3jyl0" duration="00:00:00.0001023" startTime="2026-05-30T14:12:52.2995969+00:00" endTime="2026-05-30T14:12:52.2995970+00:00" testType="13cdc9d9-ddb5-4fa4-a97d-d965ccfc6d4b" outcome="Passed" testListId="8c84fa94-04c1-424b-9868-57a2d4851a1d" relativeResultsDirectory="693853df-af12-42f4-bad4-680f89dbea6b" />
    <UnitTestResult executionId="edf7500a-4537-4024-9e73-3d4829ba6589" testId="a2620668-0108-c61e-6c79-69746785b988" testName="ArchLucid.Core.Tests.Diagnostics.LogSanitizerTests.Sanitize_null_returns_empty" computerName="runnervm3jyl0" duration="00:00:00.0001035" startTime="2026-05-30T14:12:52.6278110+00:00" endTime="2026-05-30T14:12:52.6278111+00:00" testType="13cdc9d9-ddb5-4fa4-a97d-d965ccfc6d4b" outcome="Passed" testListId="8c84fa94-04c1-424b-9868-57a2d4851a1d" relativeResultsDirectory="edf7500a-4537-4024-9e73-3d4829ba6589" />
    <UnitTestResult executionId="790cebd1-7870-4dd0-9698-ade53f4ebef1" testId="cb3c402d-90c0-eac0-1bd9-6de6877c9e31" testName="ArchLucid.Core.Tests.Notifications.Teams.TeamsNotificationTriggerCatalogTests.Serialize_returns_default_for_null_or_all_unknown_input" computerName="runnervm3jyl0" duration="00:00:00.0005476" startTime="2026-05-30T14:12:52.2907002+00:00" endTime="2026-05-30T14:12:52.2907003+00:00" testType="13cdc9d9-ddb5-4fa4-a97d-d965ccfc6d4b" outcome="Passed" testListId="8c84fa94-04c1-424b-9868-57a2d4851a1d" relativeResultsDirectory="790cebd1-7870-4dd0-9698-ade53f4ebef1" />
    <UnitTestResult executionId="c23cd89b-8f40-4c81-bb29-be68ae9e2de9" testId="2f20a105-dc55-0db3-7c0d-948b003143e7" testName="ArchLucid.Core.Tests.Diagnostics.LlmGenAiInstrumentationTests.RecordLlmGenAiOperationDurationMilliseconds_rejects_unknown_operation" computerName="runnervm3jyl0" duration="00:00:00.0010169" startTime="2026-05-30T14:12:53.4458030+00:00" endTime="2026-05-30T14:12:53.4458030+00:00" testType="13cdc9d9-ddb5-4fa4-a97d-d965ccfc6d4b" outcome="Passed" testListId="8c84fa94-04c1-424b-9868-57a2d4851a1d" relativeResultsDirectory="c23cd89b-8f40-4c81-bb29-be68ae9e2de9" />
    <UnitTestResult executionId="4ff95e87-b10e-43b8-b295-07c3948c6a51" testId="443368eb-4457-c6c6-11ac-7772ba8f25d0" testName="ArchLucid.Core.Tests.Configuration.FallbackLlmConfigurationResolverTests.ResolveOrderedEndpoints_throws_when_enabled_and_nothing_complete" computerName="runnervm3jyl0" duration="00:00:00.0010346" startTime="2026-05-30T14:12:52.6076666+00:00" endTime="2026-05-30T14:12:52.6076666+00:00" testType="13cdc9d9-ddb5-4fa4-a97d-d965ccfc6d4b" outcome="Passed" testListId="8c84fa94-04c1-424b-9868-57a2d4851a1d" relativeResultsDirectory="4ff95e87-b10e-43b8-b295-07c3948c6a51" />
    <UnitTestResult executionId="26d5e0fb-8aff-4fdd-9d6b-69dc9978d9ea" testId="d35835a6-6440-b682-95bc-e72207999bef" testName="ArchLucid.Core.Tests.Notifications.Teams.TeamsNotificationTriggerCatalogTests.DefaultEnabledTriggersJson_round_trips_through_ParseOrDefault_to_full_catalog" computerName="runnervm3jyl0" duration="00:00:00.0006573" startTime="2026-05-30T14:12:52.2855433+00:00" endTime="2026-05-30T14:12:52.2855434+00:00" testType="13cdc9d9-ddb5-4fa4-a97d-d965ccfc6d4b" outcome="Passed" testListId="8c84fa94-04c1-424b-9868-57a2d4851a1d" relativeResultsDirectory="26d5e0fb-8aff-4fdd-9d6b-69dc9978d9ea" />
    <UnitTestResult executionId="7259b1cb-ef77-45b3-aa7c-6d75d9d7204a" testId="effdbd99-72e8-e97c-3cc5-65bdcd3a2e4c" testName="ArchLucid.Core.Tests.Integration.PublisherIntegrationPayloadAndRecipeDocumentationGuardTests.Power_automate_recipes_reference_publisher_correlation_keys_under_data(recipeFile: &quot;JIRA_ISSUE_VIA_POWER_AUTOMATE.md&quot;)" computerName="runnervm3jyl0" duration="00:00:00.0168769" startTime="2026-05-30T14:12:52.1573989+00:00" endTime="2026-05-30T14:12:52.1573990+00:00" testType="13cdc9d9-ddb5-4fa4-a97d-d965ccfc6d4b" outcome="Passed" testListId="8c84fa94-04c1-424b-9868-57a2d4851a1d" relativeResultsDirectory="7259b1cb-ef77-45b3-aa7c-6d75d9d7204a" />
    <UnitTestResult executionId="ccb907f2-98ce-40b7-bf10-bd36b4c2ef80" testId="b5188784-aa12-03df-f60b-2dab6c17e564" testName="ArchLucid.Core.Tests.Marketing.MarketingAttributionBucketMapperTests.MapCoarseMedium_buckets_low_cardinality(medium: null, expected: &quot;unknown&quot;)" computerName="runnervm3jyl0" duration="00:00:00.0000043" startTime="2026-05-30T14:12:52.3502181+00:00" endTime="2026-05-30T14:12:52.3502181+00:00" testType="13cdc9d9-ddb5-4fa4-a97d-d965ccfc6d4b" outcome="Passed" testListId="8c84fa94-04c1-424b-9868-57a2d4851a1d" relativeResultsDirectory="ccb907f2-98ce-40b7-bf10-bd36b4c2ef80" />
    <UnitTestResult executionId="57709850-6916-4392-94a8-898416d4ffd3" testId="f6661f80-77c8-023c-fd54-d16d7be171e8" testName="ArchLucid.Core.Tests.Diagnostics.SanitizedLoggerHostLeaderElectionExtensionsTests.LogWarningHostLeaderLeaseRenewalFailedStopping_scrubs_both_placeholders" computerName="runnervm3jyl0" duration="00:00:00.0024121" startTime="2026-05-30T14:12:52.2597105+00:00" endTime="2026-05-30T14:12:52.2597105+00:00" testType="13cdc9d9-ddb5-4fa4-a97d-d965ccfc6d4b" outcome="Passed" testListId="8c84fa94-04c1-424b-9868-57a2d4851a1d" relativeResultsDirectory="57709850-6916-4392-94a8-898416d4ffd3" />
    <UnitTestResult executionId="83901ecb-6335-43b8-8d4c-135ba3d15d65" testId="7034ea48-845f-4631-d6c5-594b6a066b2b" testName="ArchLucid.Core.Tests.Integration.IntegrationEventTypesTests.MapToCanonical_trims_whitespace_around_legacy_alias(canonical: &quot;com.archlucid.compliance.drift.escalated&quot;)" computerName="runnervm3jyl0" duration="00:00:00.0000073" startTime="2026-05-30T14:12:52.3975654+00:00" endTime="2026-05-30T14:12:52.3975654+00:00" testType="13cdc9d9-ddb5-4fa4-a97d-d965ccfc6d4b" outcome="Passed" testListId="8c84fa94-04c1-424b-9868-57a2d4851a1d" relativeResultsDirectory="83901ecb-6335-43b8-8d4c-135ba3d15d65" />
    <UnitTestResult executionId="cc36b891-b194-42c2-8b05-0d18940bf09d" testId="7b2b12c5-6ed9-c454-59c8-6d10bd98e328" testName="ArchLucid.Core.Tests.Security.WebhookSecretsTests.SecureEquals_rejects_null_or_empty" computerName="runnervm3jyl0" duration="00:00:00.0008372" startTime="2026-05-30T14:12:52.0866847+00:00" endTime="2026-05-30T14:12:52.0866848+00:00" testType="13cdc9d9-ddb5-4fa4-a97d-d965ccfc6d4b" outcome="Passed" testListId="8c84fa94-04c1-424b-9868-57a2d4851a1d" relativeResultsDirectory="cc36b891-b194-42c2-8b05-0d18940bf09d" />
    <UnitTestResult executionId="ae68bae4-b5bf-4b2f-918e-81785c768123" testId="2c98d3d6-e7cf-2625-0ba5-421f4542a137" testName="ArchLucid.Core.Tests.AzureExtractor.AzureExtractorPackageZipValidatorTests.Validate_unsupported_schema_is_schema_rejection" computerName="runnervm3jyl0" duration="00:00:00.0003355" startTime="2026-05-30T14:12:52.4998966+00:00" endTime="2026-05-30T14:12:52.4998966+00:00" testType="13cdc9d9-ddb5-4fa4-a97d-d965ccfc6d4b" outcome="Passed" testListId="8c84fa94-04c1-424b-9868-57a2d4851a1d" relativeResultsDirectory="ae68bae4-b5bf-4b2f-918e-81785c768123" />
    <UnitTestResult executionId="dc680732-677d-4f3d-83eb-3e67d033333e" testId="061d7cb1-28ae-fdb7-855c-b527fbfea527" testName="ArchLucid.Core.Tests.AzureExtractor.AzureExtractorPackageZipValidatorTests.Validate_legacy_schema_zero_is_schema_rejection" computerName="runnervm3jyl0" duration="00:00:00.0006820" startTime="2026-05-30T14:12:52.4993798+00:00" endTime="2026-05-30T14:12:52.4993798+00:00" testType="13cdc9d9-ddb5-4fa4-a97d-d965ccfc6d4b" outcome="Passed" testListId="8c84fa94-04c1-424b-9868-57a2d4851a1d" relativeResultsDirectory="dc680732-677d-4f3d-83eb-3e67d033333e" />
    <UnitTestResult executionId="8d8a7b78-af9f-455a-a41b-0064679338dd" testId="103789bb-e2ea-0348-0012-9701036ebae1" testName="ArchLucid.Core.Tests.Configuration.TrialLifecycleEmailRoutingOptionsTests.IsLogicAppOwnerMode_matches_logic_app_token_only(owner: &quot;&quot;, expected: False)" computerName="runnervm3jyl0" duration="00:00:00.0000029" startTime="2026-05-30T14:12:52.4232491+00:00" endTime="2026-05-30T14:12:52.4232491+00:00" testType="13cdc9d9-ddb5-4fa4-a97d-d965ccfc6d4b" outcome="Passed" testListId="8c84fa94-04c1-424b-9868-57a2d4851a1d" relativeResultsDirectory="8d8a7b78-af9f-455a-a41b-0064679338dd" />
    <UnitTestResult executionId="7852c525-e171-40f2-a48d-7415a09cf4bf" testId="59f13dde-781e-8ef9-9f98-540d94239a72" testName="ArchLucid.Core.Tests.Integration.IntegrationEventPayloadContractTests.AlertResolved_payload_has_expected_contract" computerName="runnervm3jyl0" duration="00:00:00.0019420" startTime="2026-05-30T14:12:52.5675349+00:00" endTime="2026-05-30T14:12:52.5675350+00:00" testType="13cdc9d9-ddb5-4fa4-a97d-d965ccfc6d4b" outcome="Passed" testListId="8c84fa94-04c1-424b-9868-57a2d4851a1d" relativeResultsDirectory="7852c525-e171-40f2-a48d-7415a09cf4bf" />
    <UnitTestResult executionId="2f39efa7-92e4-4ef1-8865-96ca975eda60" testId="1da9fe0f-eb2a-5c7e-12b7-57f9b2d433d1" testName="ArchLucid.Core.Tests.Integration.IntegrationEventCatalogSyncTests.Catalog_json_matches_integration_event_types_and_schema_artifacts" computerName="runnervm3jyl0" duration="00:00:00.0784941" startTime="2026-05-30T14:12:52.3155258+00:00" endTime="2026-05-30T14:12:52.3155259+00:00" testType="13cdc9d9-ddb5-4fa4-a97d-d965ccfc6d4b" outcome="Passed" testListId="8c84fa94-04c1-424b-9868-57a2d4851a1d" relativeResultsDirectory="2f39efa7-92e4-4ef1-8865-96ca975eda60" />
    <UnitTestResult executionId="e390f85b-673c-46aa-95c1-6c1ac96c054c" testId="3eac1752-904e-ded5-bf1a-48e989df4767" testName="ArchLucid.Core.Tests.Tenancy.TenantErasureEligibilityTests.IsTenantLoginBlocked_false_when_erasure_requested_in_future" computerName="runnervm3jyl0" duration="00:00:00.0002000" startTime="2026-05-30T14:12:52.5342937+00:00" endTime="2026-05-30T14:12:52.5342938+00:00" testType="13cdc9d9-ddb5-4fa4-a97d-d965ccfc6d4b" outcome="Passed" testListId="8c84fa94-04c1-424b-9868-57a2d4851a1d" relativeResultsDirectory="e390f85b-673c-46aa-95c1-6c1ac96c054c" />
    <UnitTestResult executionId="0e8a604b-8318-4b83-a152-a3f41bc953c6" testId="ac94b718-b9ef-be59-bfe6-da673191be9e" testName="ArchLucid.Core.Tests.Diagnostics.TrialFunnelInstrumentationTests.SponsorBannerFirstCommitBadgeRenderedTotal_add_emits_measurement" computerName="runnervm3jyl0" duration="00:00:00.0025092" startTime="2026-05-30T14:12:53.5091592+00:00" endTime="2026-05-30T14:12:53.5091593+00:00" testType="13cdc9d9-ddb5-4fa4-a97d-d965ccfc6d4b" outcome="Passed" testListId="8c84fa94-04c1-424b-9868-57a2d4851a1d" relativeResultsDirectory="0e8a604b-8318-4b83-a152-a3f41bc953c6" />
    <UnitTestResult executionId="2a62ab90-889d-4557-8f9b-a24eefa73126" testId="cf73dfe5-53ab-5daf-164a-8d9c56c2c222" testName="ArchLucid.Core.Tests.Marketing.MarketingAttributionBucketMapperTests.MapCoarseMedium_buckets_low_cardinality(medium: &quot;&quot;, expected: &quot;unknown&quot;)" computerName="runnervm3jyl0" duration="00:00:00.0000083" startTime="2026-05-30T14:12:52.3493276+00:00" endTime="2026-05-30T14:12:52.3493276+00:00" testType="13cdc9d9-ddb5-4fa4-a97d-d965ccfc6d4b" outcome="Passed" testListId="8c84fa94-04c1-424b-9868-57a2d4851a1d" relativeResultsDirectory="2a62ab90-889d-4557-8f9b-a24eefa73126" />
    <UnitTestResult executionId="e2cac107-a2b4-4ea3-b5c7-234e07be40de" testId="d993b939-6cc5-425c-f1d8-76454ed47991" testName="ArchLucid.Core.Tests.Configuration.EvidenceBulkUploadOptionsTests.EvidenceBulkUploadOptions_DefaultsToThirtyFiles" computerName="runnervm3jyl0" duration="00:00:00.0002230" startTime="2026-05-30T14:12:52.5125102+00:00" endTime="2026-05-30T14:12:52.5125103+00:00" testType="13cdc9d9-ddb5-4fa4-a97d-d965ccfc6d4b" outcome="Passed" testListId="8c84fa94-04c1-424b-9868-57a2d4851a1d" relativeResultsDirectory="e2cac107-a2b4-4ea3-b5c7-234e07be40de" />
    <UnitTestResult executionId="81cd5c86-f266-4f87-90f8-d198ad0df3c0" testId="af469850-58be-1f88-cdec-91a3c6488a8c" testName="ArchLucid.Core.Tests.Diagnostics.SanitizedLoggerDebugExtensionsTests.LogDebugAgentTaskFinished_throws_when_logger_null" computerName="runnervm3jyl0" duration="00:00:00.0006458" startTime="2026-05-30T14:12:52.3947931+00:00" endTime="2026-05-30T14:12:52.3947932+00:00" testType="13cdc9d9-ddb5-4fa4-a97d-d965ccfc6d4b" outcome="Passed" testListId="8c84fa94-04c1-424b-9868-57a2d4851a1d" relativeResultsDirectory="81cd5c86-f266-4f87-90f8-d198ad0df3c0" />
    <UnitTestResult executionId="e7338bfe-b87d-4889-a63f-6a7111dec1d2" testId="bf3fc1fc-9514-fc1a-3009-cd970c80929c" testName="ArchLucid.Core.Tests.Notifications.Teams.TeamsNotificationTriggerCatalogTests.All_contains_v1_default_six_triggers" computerName="runnervm3jyl0" duration="00:00:00.0013216" startTime="2026-05-30T14:12:52.2922389+00:00" endTime="2026-05-30T14:12:52.2922390+00:00" testType="13cdc9d9-ddb5-4fa4-a97d-d965ccfc6d4b" outcome="Passed" testListId="8c84fa94-04c1-424b-9868-57a2d4851a1d" relativeResultsDirectory="e7338bfe-b87d-4889-a63f-6a7111dec1d2" />
    <UnitTestResult executionId="d259e1eb-1993-4613-af8e-28ca4b58bbfd" testId="3da1eb06-8655-3668-add0-3b18531beeca" testName="ArchLucid.Core.Tests.ArgumentExtensionsTests.ThrowIfNull_WorksWithStringType" computerName="runnervm3jyl0" duration="00:00:00.0001024" startTime="2026-05-30T14:12:52.3555066+00:00" endTime="2026-05-30T14:12:52.3555066+00:00" testType="13cdc9d9-ddb5-4fa4-a97d-d965ccfc6d4b" outcome="Passed" testListId="8c84fa94-04c1-424b-9868-57a2d4851a1d" relativeResultsDirectory="d259e1eb-1993-4613-af8e-28ca4b58bbfd" />
    <UnitTestResult executionId="1b579614-0e4d-4c21-bf35-bff741d37bac" testId="82facacb-a9b2-ad81-298e-2930e506dd3d" testName="ArchLucid.Core.Tests.Audit.DurableAuditLogRetryTests.TryLogAsync_suppresses_after_max_attempts" computerName="runnervm3jyl0" duration="00:00:00.0525125" startTime="2026-05-30T14:12:53.7427424+00:00" endTime="2026-05-30T14:12:53.7427426+00:00" testType="13cdc9d9-ddb5-4fa4-a97d-d965ccfc6d4b" outcome="Passed" testListId="8c84fa94-04c1-424b-9868-57a2d4851a1d" relativeResultsDirectory="1b579614-0e4d-4c21-bf35-bff741d37bac" />
    <UnitTestResult executionId="634ea8c0-f97a-4342-8ed7-7889b67711a2" testId="b60ea65a-15c7-27a4-5e43-d3970de045ed" testName="ArchLucid.Core.Tests.Configuration.TrialLocalIdentityOptionsTests.Properties_round_trip_for_configuration_binding" computerName="runnervm3jyl0" duration="00:00:00.0006285" startTime="2026-05-30T14:12:52.2898193+00:00" endTime="2026-05-30T14:12:52.2898193+00:00" testType="13cdc9d9-ddb5-4fa4-a97d-d965ccfc6d4b" outcome="Passed" testListId="8c84fa94-04c1-424b-9868-57a2d4851a1d" relativeResultsDirectory="634ea8c0-f97a-4342-8ed7-7889b67711a2" />
    <UnitTestResult executionId="4d08d728-2b81-4dd8-932d-e3ddf91b6337" testId="2fc9b6c4-7518-d84b-3632-e7f15dfb8190" testName="ArchLucid.Core.Tests.Configuration.RateLimitingFixedWindowDefaultTests.RateLimitingDefaults_EvidenceBulkUploadPermitLimit_is_20" computerName="runnervm3jyl0" duration="00:00:00.0001033" startTime="2026-05-30T14:12:52.5259901+00:00" endTime="2026-05-30T14:12:52.5259902+00:00" testType="13cdc9d9-ddb5-4fa4-a97d-d965ccfc6d4b" outcome="Passed" testListId="8c84fa94-04c1-424b-9868-57a2d4851a1d" relativeResultsDirectory="4d08d728-2b81-4dd8-932d-e3ddf91b6337" />
    <UnitTestResult executionId="58ec7b16-adcc-4b26-804e-140b1a0fd64c" testId="09d03553-0c74-a8ad-77b1-b386b14933b5" testName="ArchLucid.Core.Tests.Security.WebhookSecretsTests.IsValidHmacSha256Signature_accepts_sha256_prefixed_header" computerName="runnervm3jyl0" duration="00:00:00.0001907" startTime="2026-05-30T14:12:52.1424550+00:00" endTime="2026-05-30T14:12:52.1424551+00:00" testType="13cdc9d9-ddb5-4fa4-a97d-d965ccfc6d4b" outcome="Passed" testListId="8c84fa94-04c1-424b-9868-57a2d4851a1d" relativeResultsDirectory="58ec7b16-adcc-4b26-804e-140b1a0fd64c" />
    <UnitTestResult executionId="f62e270e-58a9-41e9-9301-b4b197c08923" testId="075b61de-93eb-8100-e64f-671d5514b70f" testName="ArchLucid.Core.Tests.Hosting.ProductionDangerousMisconfigurationLintTests.DescribeFailFastFindings_staging_strict_jwt_without_authority_or_pem_emits_stable_rule_name" computerName="runnervm3jyl0" duration="00:00:00.0063475" startTime="2026-05-30T14:12:52.3004814+00:00" endTime="2026-05-30T14:12:52.3004815+00:00" testType="13cdc9d9-ddb5-4fa4-a97d-d965ccfc6d4b" outcome="Passed" testListId="8c84fa94-04c1-424b-9868-57a2d4851a1d" relativeResultsDirectory="f62e270e-58a9-41e9-9301-b4b197c08923" />
    <UnitTestResult executionId="15b6f51a-8664-4b1b-8fa7-c2ae83de1e75" testId="286e7a59-1834-98d6-a313-1885ce8a469b" testName="ArchLucid.Core.Tests.Configuration.ConfigurationKeyCatalogTests.ReferenceDoc_ListsEveryCatalogPathInBackticks" computerName="runnervm3jyl0" duration="00:00:00.0146265" startTime="2026-05-30T14:12:52.4499255+00:00" endTime="2026-05-30T14:12:52.4499256+00:00" testType="13cdc9d9-ddb5-4fa4-a97d-d965ccfc6d4b" outcome="Passed" testListId="8c84fa94-04c1-424b-9868-57a2d4851a1d" relativeResultsDirectory="15b6f51a-8664-4b1b-8fa7-c2ae83de1e75" />
    <UnitTestResult executionId="cc04b484-38c2-40a4-9a57-6be7717b73b9" testId="6a5cf12f-fafc-c78c-3aa7-f61dfcc9ffcc" testName="ArchLucid.Core.Tests.Integration.IntegrationEventServiceBusCorrelationIdTests.TryResolveForPublish_prefers_activity_correlation_over_payload" computerName="runnervm3jyl0" duration="00:00:00.0016541" startTime="2026-05-30T14:12:52.3639697+00:00" endTime="2026-05-30T14:12:52.3639698+00:00" testType="13cdc9d9-ddb5-4fa4-a97d-d965ccfc6d4b" outcome="Passed" testListId="8c84fa94-04c1-424b-9868-57a2d4851a1d" relativeResultsDirectory="cc04b484-38c2-40a4-9a57-6be7717b73b9" />
[...]
    <TestEntry testId="dca13317-9242-d3b2-04eb-8192a50317e1" executionId="0c3b30de-65ba-44fa-99f4-f9998c4cf6f1" testListId="8c84fa94-04c1-424b-9868-57a2d4851a1d" />
    <TestEntry testId="b1f825df-2cff-e5fa-fe65-d75315a99b65" executionId="b97400b9-67c1-4c8f-ba93-c200e6b20460" testListId="8c84fa94-04c1-424b-9868-57a2d4851a1d" />
    <TestEntry testId="a057ffc3-477c-5a9f-2add-687728b5e747" executionId="3bbfe681-37f5-46f0-a872-72af45da73a9" testListId="8c84fa94-04c1-424b-9868-57a2d4851a1d" />
    <TestEntry testId="1f84c446-7e74-a5f2-379b-3ed9ddb44ee7" executionId="c5d95291-85c8-456d-94db-3455836027c8" testListId="8c84fa94-04c1-424b-9868-57a2d4851a1d" />
    <TestEntry testId="af6c8ad2-fadb-e6eb-9739-e6cf92ed74ff" executionId="71479c8c-f767-4898-bfd8-41daee95001c" testListId="8c84fa94-04c1-424b-9868-57a2d4851a1d" />
    <TestEntry testId="ae323583-ae83-9da1-b930-ff4b15155394" executionId="65175b59-19b7-4878-b56a-1a6db222344a" testListId="8c84fa94-04c1-424b-9868-57a2d4851a1d" />
    <TestEntry testId="c7c63656-81be-7cb9-1de2-755bb9a1b31d" executionId="ba1eee43-22be-438e-863c-233b308f0956" testListId="8c84fa94-04c1-424b-9868-57a2d4851a1d" />
    <TestEntry testId="5e563c43-e44c-11f5-c781-5ab1a3e62e8b" executionId="7b7cd9b2-82b3-4ced-b281-60524891856e" testListId="8c84fa94-04c1-424b-9868-57a2d4851a1d" />
    <TestEntry testId="2a20b84f-fec5-0337-f82b-3cc8b30eca34" executionId="bf1091d6-8cf5-43aa-97e3-941e49c5082c" testListId="8c84fa94-04c1-424b-9868-57a2d4851a1d" />
    <TestEntry testId="0716303e-defd-7559-013d-fce58d7c789e" executionId="4d8ae626-1014-41ab-8b33-314721b98e1a" testListId="8c84fa94-04c1-424b-9868-57a2d4851a1d" />
    <TestEntry testId="f3d2777a-76d7-68c6-ec9d-00b66fee9eca" executionId="bd703e96-21c4-4d55-8bfc-74c82db21ad6" testListId="8c84fa94-04c1-424b-9868-57a2d4851a1d" />
    <TestEntry testId="61d082fc-20f5-3e2c-3fbb-c4a09ed20187" executionId="a44ee534-87ef-4d81-acd9-65f5be0c6b45" testListId="8c84fa94-04c1-424b-9868-57a2d4851a1d" />
    <TestEntry testId="8a57a0fc-36f3-0a9d-6091-6c93832b46f6" executionId="b730f4e2-c8c1-45ff-ad57-5f834fb20ea7" testListId="8c84fa94-04c1-424b-9868-57a2d4851a1d" />
    <TestEntry testId="f76421c5-f8aa-27b5-fdca-f366e105afec" executionId="3cd3473f-7d8e-4aad-9fdb-2ba498718962" testListId="8c84fa94-04c1-424b-9868-57a2d4851a1d" />
    <TestEntry testId="1fe5517f-ddf8-c4e7-ad21-913fe5791fdf" executionId="3d4867f6-a5db-4512-a6fc-4d7df7baf25d" testListId="8c84fa94-04c1-424b-9868-57a2d4851a1d" />
    <TestEntry testId="06ae4fb1-8a5d-0701-e5aa-c85aef842c77" executionId="91846d1a-7e50-4674-aa79-a542879068ac" testListId="8c84fa94-04c1-424b-9868-57a2d4851a1d" />
    <TestEntry testId="7f16759f-4bca-187c-fa8d-dd33aff31c22" executionId="fcc52a76-bb0d-449b-819e-04bad73d4788" testListId="8c84fa94-04c1-424b-9868-57a2d4851a1d" />
    <TestEntry testId="d33b3cca-538a-510d-e975-5825ef829946" executionId="70a92254-2dcd-4644-8441-a302ecf5edda" testListId="8c84fa94-04c1-424b-9868-57a2d4851a1d" />
    <TestEntry testId="e47a7253-c550-2366-9cf6-f3b6a12d654c" executionId="a3f56fbb-677f-495a-b757-6111499cabd3" testListId="8c84fa94-04c1-424b-9868-57a2d4851a1d" />
    <TestEntry testId="6ef6d74e-4000-9db4-0a38-5504e370d89c" executionId="1c6903cd-3fba-46bc-99e5-657ac856e82a" testListId="8c84fa94-04c1-424b-9868-57a2d4851a1d" />
    <TestEntry testId="6943df9a-d0cf-4f55-a30a-b187e0bfb8f2" executionId="1187d34d-ce36-4afc-962f-34bfe9216982" testListId="8c84fa94-04c1-424b-9868-57a2d4851a1d" />
    <TestEntry testId="e9ea8c4f-6617-87c6-caaf-c32cbb1b9048" executionId="6def6845-63bf-45e0-9fc2-35d8124fcca5" testListId="8c84fa94-04c1-424b-9868-57a2d4851a1d" />
    <TestEntry testId="2a482994-eff1-cb3a-25c6-98d3df78a3d6" executionId="4244cce8-813a-468c-8184-6b8a4e55232b" testListId="8c84fa94-04c1-424b-9868-57a2d4851a1d" />
    <TestEntry testId="b171b876-5e55-2616-08e8-076c7f5209b2" executionId="711b40ee-d689-471b-b677-5b1cfd797c8d" testListId="8c84fa94-04c1-424b-9868-57a2d4851a1d" />
    <TestEntry testId="4b0a5968-9d00-082e-3ab5-cefa537f3cc0" executionId="7c0fa1ee-8fe0-44b1-9a25-72bf2870fd39" testListId="8c84fa94-04c1-424b-9868-57a2d4851a1d" />
    <TestEntry testId="3f54ad5e-6b6c-3590-9c82-07a62ac41ae8" executionId="3b88ac98-6a21-4630-9db9-c32b8a328ad1" testListId="8c84fa94-04c1-424b-9868-57a2d4851a1d" />
    <TestEntry testId="882acd05-c440-a9eb-ab9a-1db9c917f721" executionId="7efbad0e-a8bd-43f4-b11a-29efc9503d30" testListId="8c84fa94-04c1-424b-9868-57a2d4851a1d" />
    <TestEntry testId="3bf2b9b7-f69f-7b42-1d72-4c168b0c573e" executionId="873bcae3-3c1d-42b2-abe2-a281ae11206f" testListId="8c84fa94-04c1-424b-9868-57a2d4851a1d" />
    <TestEntry testId="a24870d5-33dc-1831-1fde-6896533579a3" executionId="c2910c27-fb8b-46c6-9464-e671d80f638e" testListId="8c84fa94-04c1-424b-9868-57a2d4851a1d" />
    <TestEntry testId="062efe2e-db39-55f4-4f8a-03faa5ec6ca0" executionId="b4486ed3-f63a-4712-bbf3-c77d1cefa2ae" testListId="8c84fa94-04c1-424b-9868-57a2d4851a1d" />
    <TestEntry testId="b7ae243a-3127-e384-4712-7c3fcf95bf6d" executionId="a3c00dec-eaeb-43d1-9539-4f36c21f4d68" testListId="8c84fa94-04c1-424b-9868-57a2d4851a1d" />
    <TestEntry testId="6279ecf3-a44b-5c63-42c8-d46b52c387ab" executionId="58add995-d287-40be-82b2-b30d7eb69874" testListId="8c84fa94-04c1-424b-9868-57a2d4851a1d" />
    <TestEntry testId="3bd70b36-eb51-c1b0-f2fc-176b2eb53c69" executionId="baa24c17-4dab-47da-8952-1119db506d0b" testListId="8c84fa94-04c1-424b-9868-57a2d4851a1d" />
    <TestEntry testId="6aa1acc8-7ad8-584d-03ca-0993d8659c68" executionId="8c4bb86d-a70c-43b3-948b-a95bcfc15a18" testListId="8c84fa94-04c1-424b-9868-57a2d4851a1d" />
    <TestEntry testId="26254692-358b-8a9f-d828-3c35c20cd831" executionId="37b88d50-0621-4f81-9c52-b9facff70614" testListId="8c84fa94-04c1-424b-9868-57a2d4851a1d" />
    <TestEntry testId="73b3534a-e88e-d04d-9537-d9504de03792" executionId="962e330b-db6c-4f6a-beff-a701787b0428" testListId="8c84fa94-04c1-424b-9868-57a2d4851a1d" />
    <TestEntry testId="601ab071-96f2-9c94-ff0b-c4a744479b82" executionId="772c6c9c-7879-4c1b-b6d0-0284d27ed0fa" testListId="8c84fa94-04c1-424b-9868-57a2d4851a1d" />
    <TestEntry testId="b042d253-b4e4-39aa-8d47-f6af65a9df89" executionId="61a91e8e-dac4-4446-835c-dd649645b60c" testListId="8c84fa94-04c1-424b-9868-57a2d4851a1d" />
    <TestEntry testId="02be9933-352a-5816-b22b-b3cecf0ae8c5" executionId="2750740d-73c1-4320-b8ce-0b1a9102c85d" testListId="8c84fa94-04c1-424b-9868-57a2d4851a1d" />
    <TestEntry testId="5f6bf7cd-cfc3-a0f1-7932-4b45e0a97d3a" executionId="1d286de8-644c-4f69-965b-0550cf5d8100" testListId="8c84fa94-04c1-424b-9868-57a2d4851a1d" />
    <TestEntry testId="ea8a25d0-a852-b16c-e45c-c3ae5d828675" executionId="08ddb7d2-f604-4367-b058-00ac9d8c8599" testListId="8c84fa94-04c1-424b-9868-57a2d4851a1d" />
    <TestEntry testId="6c86b3fa-343e-fd45-49ab-afb371809b5c" executionId="cdf83fbd-3773-46e8-9a99-b2d066f62a1b" testListId="8c84fa94-04c1-424b-9868-57a2d4851a1d" />
    <TestEntry testId="56431bab-1a7e-7c2f-48ca-a633f4dd83ac" executionId="cea73d42-f434-40c9-a3fc-bbc627683220" testListId="8c84fa94-04c1-424b-9868-57a2d4851a1d" />
    <TestEntry testId="d20fb59a-38af-cb99-e7b8-7d22ba4d0533" executionId="b0ae12ae-ee8b-4c6d-ba7c-8b60a3d78871" testListId="8c84fa94-04c1-424b-9868-57a2d4851a1d" />
    <TestEntry testId="a431e0d1-81c3-75ef-1fc9-efd31b754a15" executionId="23862883-a095-4578-ac0c-12528f3bca1f" testListId="8c84fa94-04c1-424b-9868-57a2d4851a1d" />
    <TestEntry testId="cbf32b10-92d4-9f7a-48f1-47f29222fbdf" executionId="52d51fb5-307c-47bc-957c-988d89b7ad69" testListId="8c84fa94-04c1-424b-9868-57a2d4851a1d" />
    <TestEntry testId="bffcbd96-948d-681a-1bc8-ef9c10ff250f" executionId="7aa88c19-23f4-4e67-a3a9-925208481a4e" testListId="8c84fa94-04c1-424b-9868-57a2d4851a1d" />
    <TestEntry testId="8706c16f-174d-0d96-d9d5-2583e0ce5f71" executionId="72afa744-c436-4002-a2e5-20eec7b90e84" testListId="8c84fa94-04c1-424b-9868-57a2d4851a1d" />
    <TestEntry testId="786f698a-1abb-cd98-e714-34b52fab23eb" executionId="579aa0e3-32b5-4c46-a44c-4dc5c0fa7607" testListId="8c84fa94-04c1-424b-9868-57a2d4851a1d" />
    <TestEntry testId="4be1820e-f167-257b-52f9-a915baa5db1e" executionId="1582de37-8499-4c0b-8822-5af7cc5c14c4" testListId="8c84fa94-04c1-424b-9868-57a2d4851a1d" />
    <TestEntry testId="9587f15a-57f5-89b1-3d58-652ef85e40e1" executionId="0bf6b590-c74f-4b30-b616-7e82284d9fe0" testListId="8c84fa94-04c1-424b-9868-57a2d4851a1d" />
    <TestEntry testId="9e8cef70-6c6c-f431-15ea-e9a1ade7d567" executionId="b0e51989-c6b2-4d8a-852d-e5243b42a262" testListId="8c84fa94-04c1-424b-9868-57a2d4851a1d" />
    <TestEntry testId="fc31a3be-b88f-8dc8-c246-59375aad13e2" executionId="3225fccd-4a3e-4b3c-aea4-86e723eac193" testListId="8c84fa94-04c1-424b-9868-57a2d4851a1d" />
    <TestEntry testId="e98fed52-589b-f549-912f-d860c50e1625" executionId="26ed389a-6808-43b4-8513-965f21634559" testListId="8c84fa94-04c1-424b-9868-57a2d4851a1d" />
    <TestEntry testId="f0179560-9b46-20ca-2475-a27a82b406df" executionId="c0342956-e412-4ef6-a5da-a18c340fb819" testListId="8c84fa94-04c1-424b-9868-57a2d4851a1d" />
    <TestEntry testId="139c86a0-7065-7317-dc59-c309b2ac3dae" executionId="29db7a1f-dcc5-4b93-af55-89f4c42542df" testListId="8c84fa94-04c1-424b-9868-57a2d4851a1d" />
    <TestEntry testId="65ea10b6-dc93-0799-e33b-4d19f4d8b7fc" executionId="62d94fd2-3ec5-4b93-bec1-37a5f8e59fd9" testListId="8c84fa94-04c1-424b-9868-57a2d4851a1d" />
    <TestEntry testId="1a8ee01a-6230-b3aa-4242-408f2c192177" executionId="a3d54a11-7665-4077-a53f-72aac581462a" testListId="8c84fa94-04c1-424b-9868-57a2d4851a1d" />
    <TestEntry testId="cd560a9c-219e-9ce9-acae-2bac02c00de7" executionId="e6a6bca3-ca8c-478c-a11f-018ddba918f2" testListId="8c84fa94-04c1-424b-9868-57a2d4851a1d" />
    <TestEntry testId="ff144f24-3e9e-7344-df2e-b5ee37c86fbb" executionId="3824dd25-cb5c-4a3e-92b3-1d8a03623957" testListId="8c84fa94-04c1-424b-9868-57a2d4851a1d" />
    <TestEntry testId="42e9122a-bf8c-cd9d-3ac2-02606f822f00" executionId="d36255f7-1648-4109-8d4e-b90dabc177ad" testListId="8c84fa94-04c1-424b-9868-57a2d4851a1d" />
    <TestEntry testId="fea666ed-a244-22f4-5354-399319adb5b5" executionId="24082140-92cc-4bd1-bea3-4572f9ec5adb" testListId="8c84fa94-04c1-424b-9868-57a2d4851a1d" />
    <TestEntry testId="6f0c3c1d-35a1-82a9-dff6-7c4a81d3b9eb" executionId="f76eb3cf-abda-48d6-8002-87e4bc322c5f" testListId="8c84fa94-04c1-424b-9868-57a2d4851a1d" />
    <TestEntry testId="a5324e47-04a6-4929-bfd1-3c106e39af59" executionId="2ee8aa47-d94d-4be0-a2fd-36888254ce22" testListId="8c84fa94-04c1-424b-9868-57a2d4851a1d" />
    <TestEntry testId="3f73bc36-2187-61e4-c8d2-dc13efa9d7c5" executionId="360048d4-010e-4f2a-9c86-f1553c1a4361" testListId="8c84fa94-04c1-424b-9868-57a2d4851a1d" />
    <TestEntry testId="f36f6191-2e92-6d8a-e824-abdb69d5d4be" executionId="b48e9f0d-1be2-42be-801c-12580592f718" testListId="8c84fa94-04c1-424b-9868-57a2d4851a1d" />
    <TestEntry testId="20cbcc60-2ef4-d7dc-4692-d34516bd77c7" executionId="8e65d0ac-f145-423a-bfdd-ef257e774f06" testListId="8c84fa94-04c1-424b-9868-57a2d4851a1d" />
    <TestEntry testId="5197e9b7-ed95-20e1-aaa4-391d90125a4f" executionId="db9e7319-a061-4feb-832d-0b34e389fff7" testListId="8c84fa94-04c1-424b-9868-57a2d4851a1d" />
    <TestEntry testId="ce73d15d-94fb-7e0e-74ac-fa65c32035f9" executionId="81797ed4-19b7-426a-b72d-bc3a051d5b0d" testListId="8c84fa94-04c1-424b-9868-57a2d4851a1d" />
    <TestEntry testId="0c614002-5929-a7f7-508d-1c416574be49" executionId="0718cbfa-963f-4abb-b14c-35b08f1a5610" testListId="8c84fa94-04c1-424b-9868-57a2d4851a1d" />
    <TestEntry testId="ec355cad-7ed3-11fb-f684-3865654da9b2" executionId="320da368-8e5e-443e-9896-fbf4135fa275" testListId="8c84fa94-04c1-424b-9868-57a2d4851a1d" />
    <TestEntry testId="06534b7d-2c86-c5ac-d31d-7d4e5d51c5c8" executionId="ddcd839b-a16e-4f3d-ac4c-9aed8f368ebf" testListId="8c84fa94-04c1-424b-9868-57a2d4851a1d" />
    <TestEntry testId="bf779044-12c2-4fd0-f635-62edc1eaa8e3" executionId="f3db2132-307e-4b35-9b2d-543f3771d907" testListId="8c84fa94-04c1-424b-9868-57a2d4851a1d" />
    <TestEntry testId="e729bb45-4dcd-08fe-5f7c-a8d89feebdda" executionId="f0e00c22-3a48-4d7b-8f4f-026b59cd7b50" testListId="8c84fa94-04c1-424b-9868-57a2d4851a1d" />
    <TestEntry testId="e0d9f1c1-6b43-5548-f7bf-ce34df47bcbf" executionId="53cf879e-6c4e-4d9b-bd8a-f1b5e7b1ad98" testListId="8c84fa94-04c1-424b-9868-57a2d4851a1d" />
    <TestEntry testId="f7de79ee-e380-bc66-c60b-20d2b8bd13bf" executionId="ff705dc2-87bb-430a-9691-5dba8738c473" testListId="8c84fa94-04c1-424b-9868-57a2d4851a1d" />
    <TestEntry testId="7e5cf6f3-3850-53a3-4779-04cbaad4c320" executionId="1a99816e-b614-4446-ab80-3d4c4c18d99c" testListId="8c84fa94-04c1-424b-9868-57a2d4851a1d" />
    <TestEntry testId="bdc515fb-e197-13e3-b2fd-1b09fbbc85c7" executionId="48636f12-314c-479e-9ad6-acd9ccd3984b" testListId="8c84fa94-04c1-424b-9868-57a2d4851a1d" />
    <TestEntry testId="52eb7295-87dd-37e5-7a48-0f620a17c126" executionId="536308fc-4acd-42c5-94d7-06c4a0859e51" testListId="8c84fa94-04c1-424b-9868-57a2d4851a1d" />
    <TestEntry testId="7b95bb9e-b980-efe3-6155-e76cde65abc1" executionId="2f41716b-b472-43f7-8c4d-7584dfaf2695" testListId="8c84fa94-04c1-424b-9868-57a2d4851a1d" />
    <TestEntry testId="c398ccd6-a23e-2374-3d1e-d120e7c06c65" executionId="2d6e6eb8-0e8d-4382-ada4-170041d65884" testListId="8c84fa94-04c1-424b-9868-57a2d4851a1d" />
    <TestEntry testId="0bd373cb-0e62-b3a3-0934-4dd5daf515c6" executionId="03159f95-072a-4bca-8939-40710728086c" testListId="8c84fa94-04c1-424b-9868-57a2d4851a1d" />
    <TestEntry testId="a3745df0-950b-6ba6-6623-3973bafaaecd" executionId="4a837003-0bb2-4e49-bdc3-e84ce7f5d9c1" testListId="8c84fa94-04c1-424b-9868-57a2d4851a1d" />
    <TestEntry testId="9538c686-e090-7032-ff9e-e15f3e4211e0" executionId="76b2aa76-ae18-4584-a489-13c535dd0e71" testListId="8c84fa94-04c1-424b-9868-57a2d4851a1d" />
    <TestEntry testId="9849103a-6484-3a7a-fb38-908159c90e7b" executionId="333e6dbe-0acb-4939-b9b7-428c996ae965" testListId="8c84fa94-04c1-424b-9868-57a2d4851a1d" />
    <TestEntry testId="01837c03-dc7e-4e9b-2bf0-b15fcc5f31b4" executionId="e70e264b-e15d-4e4b-a03f-89e4a667cd40" testListId="8c84fa94-04c1-424b-9868-57a2d4851a1d" />
    <TestEntry testId="c1976714-4d6b-73d3-f434-a3d00ccc001f" executionId="c2bdfd90-1a56-417f-93d5-94c2ba11a533" testListId="8c84fa94-04c1-424b-9868-57a2d4851a1d" />
    <TestEntry testId="0fb15051-4ce7-2843-e3b5-632b28cd5928" executionId="e7d6a534-90a6-4d7b-a852-1c53cf325f15" testListId="8c84fa94-04c1-424b-9868-57a2d4851a1d" />
    <TestEntry testId="4a00ddbd-9f89-4548-53b1-2e735729cc0a" executionId="70a42787-0e42-4434-99e5-4bf541eb13da" testListId="8c84fa94-04c1-424b-9868-57a2d4851a1d" />
    <TestEntry testId="c4dccc47-cb51-11d3-bdc0-5fa8e4078ca0" executionId="5028c038-8ca6-4d74-bb81-594f7e5d8498" testListId="8c84fa94-04c1-424b-9868-57a2d4851a1d" />
    <TestEntry testId="dd3e003a-ade0-f45a-a617-0a587e504fa9" executionId="f7136d97-1c97-4aed-bb89-ee0ee1d2586a" testListId="8c84fa94-04c1-424b-9868-57a2d4851a1d" />
    <TestEntry testId="ea0d5551-fe0d-e9cf-b26a-970dab887886" executionId="c029764f-fb24-464e-98eb-57e666f826fb" testListId="8c84fa94-04c1-424b-9868-57a2d4851a1d" />
    <TestEntry testId="c785fb45-1b3c-d8af-45f2-5cf78bf883d5" executionId="2cf755fc-a860-46e5-8ff7-028e99ea68aa" testListId="8c84fa94-04c1-424b-9868-57a2d4851a1d" />
    <TestEntry testId="835563bb-986f-4f45-2981-9b956c9c3dd1" executionId="36bdb3df-4c61-4b98-8a65-bcf3c11dad72" testListId="8c84fa94-04c1-424b-9868-57a2d4851a1d" />
    <TestEntry testId="4b56caed-6f93-2d7f-317d-a31fbfe467e4" executionId="9f2cbb7c-5b13-4e1d-83d9-f470f0f548b3" testListId="8c84fa94-04c1-424b-9868-57a2d4851a1d" />
    <TestEntry testId="685d6170-76ea-0e48-c049-bd894ea50158" executionId="136d671f-fa6b-464c-9e09-859859977327" testListId="8c84fa94-04c1-424b-9868-57a2d4851a1d" />
    <TestEntry testId="c9669363-1c87-9faa-0674-dc42507c8017" executionId="2ebd80a3-e4c4-4eb7-9ca9-8c39743dbd30" testListId="8c84fa94-04c1-424b-9868-57a2d4851a1d" />
    <TestEntry testId="75dc0dca-b128-3699-136e-3a9d0c3fcbf2" executionId="6320fb6c-442b-4ad9-b5ae-a1ebc9db6cdd" testListId="8c84fa94-04c1-424b-9868-57a2d4851a1d" />
    <TestEntry testId="6482727b-ab5f-ee05-26bd-a2c8aa9a1e8a" executionId="d0d6c9d5-2653-4ae6-aedc-a218b038fad9" testListId="8c84fa94-04c1-424b-9868-57a2d4851a1d" />
    <TestEntry testId="91d37aa5-13da-565f-512e-35659ad03568" executionId="d087e88e-96ac-476a-a51a-89787e5f215d" testListId="8c84fa94-04c1-424b-9868-57a2d4851a1d" />
    <TestEntry testId="81feec31-c47a-9ada-5b2d-3c0f67b47753" executionId="38525e04-916e-43b6-88e3-a4f0d7541af4" testListId="8c84fa94-04c1-424b-9868-57a2d4851a1d" />
    <TestEntry testId="09f4ad67-1afc-272a-e8ca-f1ee50a1de63" executionId="1631a951-8f3c-4b1c-8ed7-fdb1459a3129" testListId="8c84fa94-04c1-424b-9868-57a2d4851a1d" />
    <TestEntry testId="416e5b42-9ffa-eede-8ced-01d3e666ebbf" executionId="923ac529-68a2-4bfe-95b9-ccb5e47dc394" testListId="8c84fa94-04c1-424b-9868-57a2d4851a1d" />
    <TestEntry testId="7a120067-2fba-5bcc-f876-4075cc817a6d" executionId="02e7dbc0-9b59-49c3-a4e0-c71d6fd3c7e2" testListId="8c84fa94-04c1-424b-9868-57a2d4851a1d" />
    <TestEntry testId="6d2f51d5-2da6-fa6c-ad72-7121f3d52d6e" executionId="039a9ce1-a748-4a5e-b269-430d4441021b" testListId="8c84fa94-04c1-424b-9868-57a2d4851a1d" />
    <TestEntry testId="d9ba92e6-2ec7-5c8d-b3c6-95d2e909713b" executionId="52f9e763-b64e-4830-8a39-2a4bc25fcbd4" testListId="8c84fa94-04c1-424b-9868-57a2d4851a1d" />
    <TestEntry testId="b5f8c7a1-a7a3-3fe9-5778-15cec7a6ea3b" executionId="01c47038-59f5-4adc-a9be-60be256b1f3d" testListId="8c84fa94-04c1-424b-9868-57a2d4851a1d" />
    <TestEntry testId="c96e9b66-05a7-749c-a80c-17bf5f9701a6" executionId="ea372430-18a7-4675-8fb8-245ad1b528c8" testListId="8c84fa94-04c1-424b-9868-57a2d4851a1d" />
    <TestEntry testId="9462c1fa-89e4-8187-cafe-7d1d195d3868" executionId="9a3b7314-82cd-431d-9a9c-da2b613ad9e2" testListId="8c84fa94-04c1-424b-9868-57a2d4851a1d" />
    <TestEntry testId="6969431e-de9e-06de-cf8c-57294118b6d2" executionId="ea789b2a-cadf-4ec9-9907-2ae2c46591d6" testListId="8c84fa94-04c1-424b-9868-57a2d4851a1d" />
    <TestEntry testId="befcb6d3-e8f8-c1c6-38fe-1b136611c901" executionId="0154ca0b-0c68-4471-a016-ba308588c08b" testListId="8c84fa94-04c1-424b-9868-57a2d4851a1d" />
    <TestEntry testId="e7b4859b-b3db-b927-c42b-b782ef67fa21" executionId="88736d70-b849-4e2e-99b3-de92f90b2a7f" testListId="8c84fa94-04c1-424b-9868-57a2d4851a1d" />
    <TestEntry testId="e317c452-6bc9-89d2-ce59-ac7b31528d83" executionId="03aee0e9-5723-4e7e-b527-0bf63d16ffe2" testListId="8c84fa94-04c1-424b-9868-57a2d4851a1d" />
  </TestEntries>
  <TestLists>
    <TestList name="Results Not in a List" id="8c84fa94-04c1-424b-9868-57a2d4851a1d" />
    <TestList name="All Loaded Results" id="19431567-8539-422a-85d7-44ee4e166bda" />
  </TestLists>
  <ResultSummary outcome="Completed">
    <Counters total="533" executed="533" passed="533" failed="0" error="0" timeout="0" aborted="0" inconclusive="0" passedButRunAborted="0" notRunnable="0" notExecuted="0" disconnected="0" warning="0" completed="0" inProgress="0" pending="0" />
    <Output>
      <StdOut>[xUnit.net 00:00:00.00] xUnit.net VSTest Adapter v2.8.2+699d445a1a (64-bit .NET 10.0.8)
[xUnit.net 00:00:00.08]   Discovering: ArchLucid.Core.Tests
[xUnit.net 00:00:00.22]   Discovered:  ArchLucid.Core.Tests
[xUnit.net 00:00:00.23]   Starting:    ArchLucid.Core.Tests
[xUnit.net 00:00:01.99]   Finished:    ArchLucid.Core.Tests
</StdOut>
    </Output>
    <CollectorDataEntries>
      <Collector agentName="runnervm3jyl0" uri="datacollector://microsoft/CoverletCodeCoverage/1.0" collectorDisplayName="XPlat code coverage">
        <UriAttachments>
          <UriAttachment>
            <A href="runnervm3jyl0/coverage.cobertura.xml"></A>
          </UriAttachment>
        </UriAttachments>
      </Collector>
    </CollectorDataEntries>
  </ResultSummary>
</TestRun>