<?xml version="1.0" encoding="utf-8"?>
<TestRun id="5ed79c90-2b9f-4014-bae1-6f0b0a03b23c" name="@runnervm3jyl0 2026-05-30 14:18:08" xmlns="http://microsoft.com/schemas/VisualStudio/TeamTest/2010">
  <Times creation="2026-05-30T14:18:08.0141560+00:00" queuing="2026-05-30T14:18:08.0141561+00:00" start="2026-05-30T14:15:36.0822944+00:00" finish="2026-05-30T14:18:12.3518235+00:00" />
  <TestSettings name="default" id="67def1fe-09ec-4783-b993-6e66329ff146">
    <Deployment runDeploymentRoot="_runnervm3jyl0_2026-05-30_14_18_08" />
  </TestSettings>
  <Results>
    <UnitTestResult executionId="1758158d-c39f-4df9-b711-b4a21cd2405e" testId="673e6ed6-14b4-2823-d137-f236bc95454f" testName="ArchLucid.Host.Composition.Tests.StartupConfigWarningsInstrumentationTests.ContentSafetyConfigurationWarnings_when_archlucid_environment_staging_emits_metric" computerName="runnervm3jyl0" duration="00:00:00.0063588" startTime="2026-05-30T14:18:08.4816651+00:00" endTime="2026-05-30T14:18:08.4816651+00:00" testType="13cdc9d9-ddb5-4fa4-a97d-d965ccfc6d4b" outcome="Passed" testListId="8c84fa94-04c1-424b-9868-57a2d4851a1d" relativeResultsDirectory="1758158d-c39f-4df9-b711-b4a21cd2405e" />
    <UnitTestResult executionId="7bad0a6d-cd1b-47d0-9579-67568848cbfb" testId="d1902d51-d3ef-2c88-9cbd-9b8236f5970c" testName="ArchLucid.Host.Composition.Tests.Jobs.DataArchivalArchLucidJobTests.Name_is_canonical_data_archival_slug" computerName="runnervm3jyl0" duration="00:00:00.0008481" startTime="2026-05-30T14:18:08.0113177+00:00" endTime="2026-05-30T14:18:08.0113177+00:00" testType="13cdc9d9-ddb5-4fa4-a97d-d965ccfc6d4b" outcome="Passed" testListId="8c84fa94-04c1-424b-9868-57a2d4851a1d" relativeResultsDirectory="7bad0a6d-cd1b-47d0-9579-67568848cbfb" />
    <UnitTestResult executionId="1d66c202-0b64-4972-8f54-e7a529792dc7" testId="731433d1-3383-1b42-cb7a-8e13511f9336" testName="ArchLucid.Host.Composition.Tests.StorageProviderDiGraphValidationTests.InMemory_storage_full_composition_validates_on_build" computerName="runnervm3jyl0" duration="00:00:00.0457789" startTime="2026-05-30T14:18:08.1514312+00:00" endTime="2026-05-30T14:18:08.1514313+00:00" testType="13cdc9d9-ddb5-4fa4-a97d-d965ccfc6d4b" outcome="Passed" testListId="8c84fa94-04c1-424b-9868-57a2d4851a1d" relativeResultsDirectory="1d66c202-0b64-4972-8f54-e7a529792dc7" />
    <UnitTestResult executionId="95dbf809-5135-49fa-97c0-0a315721c789" testId="224ac9bd-235a-2156-8ce8-844c8201f0d7" testName="ArchLucid.Host.Composition.Tests.Jobs.OrphanProbeArchLucidJobTests.RunOnceAsync_returns_success_when_executor_completes" computerName="runnervm3jyl0" duration="00:00:00.0034090" startTime="2026-05-30T14:18:08.1565111+00:00" endTime="2026-05-30T14:18:08.1565112+00:00" testType="13cdc9d9-ddb5-4fa4-a97d-d965ccfc6d4b" outcome="Passed" testListId="8c84fa94-04c1-424b-9868-57a2d4851a1d" relativeResultsDirectory="95dbf809-5135-49fa-97c0-0a315721c789" />
    <UnitTestResult executionId="0032d792-b4c8-4b4d-9cc2-c8a101afa4b9" testId="84f21c09-9c1e-2c95-e5d9-a349bf3ce288" testName="ArchLucid.Host.Composition.Tests.AuthSafetyGuardTests.GuardDevelopmentBypassInProduction_archlucid_environment_staging_does_not_throw" computerName="runnervm3jyl0" duration="00:00:00.0035552" startTime="2026-05-30T14:18:08.0077659+00:00" endTime="2026-05-30T14:18:08.0077660+00:00" testType="13cdc9d9-ddb5-4fa4-a97d-d965ccfc6d4b" outcome="Passed" testListId="8c84fa94-04c1-424b-9868-57a2d4851a1d" relativeResultsDirectory="0032d792-b4c8-4b4d-9cc2-c8a101afa4b9" />
    <UnitTestResult executionId="55182a4f-88a8-4ab2-b5d9-ccd5ddf13827" testId="31f20661-b2ab-210d-f459-f0511b5911b9" testName="ArchLucid.Host.Composition.Tests.Demo.DemoCommitPagePreviewClientTests.GetLatestCommittedDemoCommitPageAsync_composes_all_sections_when_data_present" computerName="runnervm3jyl0" duration="00:00:00.0227705" startTime="2026-05-30T14:18:07.8579259+00:00" endTime="2026-05-30T14:18:07.8579260+00:00" testType="13cdc9d9-ddb5-4fa4-a97d-d965ccfc6d4b" outcome="Passed" testListId="8c84fa94-04c1-424b-9868-57a2d4851a1d" relativeResultsDirectory="55182a4f-88a8-4ab2-b5d9-ccd5ddf13827" />
    <UnitTestResult executionId="4d402063-3818-4695-98c2-fc603c20933a" testId="8d055dbd-f1e2-89dc-dada-87a84620c64b" testName="ArchLucid.Host.Composition.Tests.Configuration.RedisHealthProbeConnectionResolverTests.TryResolve_falls_through_to_llm_then_hot_path" computerName="runnervm3jyl0" duration="00:00:00.0008887" startTime="2026-05-30T14:18:07.9357890+00:00" endTime="2026-05-30T14:18:07.9357891+00:00" testType="13cdc9d9-ddb5-4fa4-a97d-d965ccfc6d4b" outcome="Passed" testListId="8c84fa94-04c1-424b-9868-57a2d4851a1d" relativeResultsDirectory="4d402063-3818-4695-98c2-fc603c20933a" />
    <UnitTestResult executionId="f607e933-84b9-47f1-b6c0-f1dbe6275b4f" testId="b1eb965d-1370-3678-9943-80531366a4cb" testName="ArchLucid.Host.Composition.Tests.BillingProductionSafetyRulesTests.CollectAzureMarketplaceLandingPageUrl_when_localhost_adds_error" computerName="runnervm3jyl0" duration="00:00:00.0014361" startTime="2026-05-30T14:18:08.1896274+00:00" endTime="2026-05-30T14:18:08.1896275+00:00" testType="13cdc9d9-ddb5-4fa4-a97d-d965ccfc6d4b" outcome="Passed" testListId="8c84fa94-04c1-424b-9868-57a2d4851a1d" relativeResultsDirectory="f607e933-84b9-47f1-b6c0-f1dbe6275b4f" />
    <UnitTestResult executionId="6cdbb9d8-1068-412f-951f-0a5381db9741" testId="84fe8f29-9f66-2795-888c-16df8b3ef2d6" testName="ArchLucid.Host.Composition.Tests.StartupConfigWarningsInstrumentationTests.ContentSafetyConfigurationWarnings_when_fail_open_in_staging_emits_metric_and_log" computerName="runnervm3jyl0" duration="00:00:00.0021219" startTime="2026-05-30T14:18:08.4953892+00:00" endTime="2026-05-30T14:18:08.4953894+00:00" testType="13cdc9d9-ddb5-4fa4-a97d-d965ccfc6d4b" outcome="Passed" testListId="8c84fa94-04c1-424b-9868-57a2d4851a1d" relativeResultsDirectory="6cdbb9d8-1068-412f-951f-0a5381db9741" />
    <UnitTestResult executionId="5b84f0a4-8e53-45a1-ba78-9264df783b14" testId="551f11dd-b40d-ca5f-f238-ce7cbf817d5f" testName="ArchLucid.Host.Composition.Tests.Jobs.AdvisoryScanArchLucidJobTests.RunOnceAsync_returns_job_failure_when_list_due_throws" computerName="runnervm3jyl0" duration="00:00:00.0146365" startTime="2026-05-30T14:18:08.1406914+00:00" endTime="2026-05-30T14:18:08.1406915+00:00" testType="13cdc9d9-ddb5-4fa4-a97d-d965ccfc6d4b" outcome="Passed" testListId="8c84fa94-04c1-424b-9868-57a2d4851a1d" relativeResultsDirectory="5b84f0a4-8e53-45a1-ba78-9264df783b14" />
    <UnitTestResult executionId="b7b62b2a-4dce-40db-91e7-ed86130b9056" testId="859afec8-7f2e-8b4a-6329-7cfe9c6c51cb" testName="ArchLucid.Host.Composition.Tests.DataConsistency.DataConsistencyEnforcementPolicyTests.ShouldEvaluateEnforcement_skips_when_off(mode: Warn, expected: True)" computerName="runnervm3jyl0" duration="00:00:00.0000086" startTime="2026-05-30T14:18:08.0895183+00:00" endTime="2026-05-30T14:18:08.0895184+00:00" testType="13cdc9d9-ddb5-4fa4-a97d-d965ccfc6d4b" outcome="Passed" testListId="8c84fa94-04c1-424b-9868-57a2d4851a1d" relativeResultsDirectory="b7b62b2a-4dce-40db-91e7-ed86130b9056" />
    <UnitTestResult executionId="91b7a912-55dc-4481-a84d-08596900c77f" testId="f9b9ee28-c09d-42ed-d677-84ae728476dc" testName="ArchLucid.Host.Composition.Tests.Services.Http.AzureRmAndRetailPricesHttpRetryPolicyTests.Named_azure_public_client_retries_after_two_503_then_200_and_logs_each_retry_attempt(namedClient: &quot;ArchLucid.AzureResourceManager&quot;)" computerName="runnervm3jyl0" duration="00:00:00.0108855" startTime="2026-05-30T14:18:08.2174828+00:00" endTime="2026-05-30T14:18:08.2174829+00:00" testType="13cdc9d9-ddb5-4fa4-a97d-d965ccfc6d4b" outcome="Passed" testListId="8c84fa94-04c1-424b-9868-57a2d4851a1d" relativeResultsDirectory="91b7a912-55dc-4481-a84d-08596900c77f" />
    <UnitTestResult executionId="4426d06a-80d8-4223-a480-535a1015e3bb" testId="3ec89837-cf3f-dea6-7072-f8eefc33da65" testName="ArchLucid.Host.Composition.Tests.DataConsistency.DataConsistencyEnforcementPolicyTests.ShouldAttemptGoldenManifestQuarantine_delegates_to_orphan_row_quarantine" computerName="runnervm3jyl0" duration="00:00:00.0001403" startTime="2026-05-30T14:18:08.0694430+00:00" endTime="2026-05-30T14:18:08.0694431+00:00" testType="13cdc9d9-ddb5-4fa4-a97d-d965ccfc6d4b" outcome="Passed" testListId="8c84fa94-04c1-424b-9868-57a2d4851a1d" relativeResultsDirectory="4426d06a-80d8-4223-a480-535a1015e3bb" />
    <UnitTestResult executionId="3eccae17-c5d5-4baf-9702-64e9ce6b1b15" testId="df26b2de-f838-4622-e784-37401f7bf7b4" testName="ArchLucid.Host.Composition.Tests.RealModeDeploymentFingerprintRulesTests.Collect_when_production_real_simulator_sentinel_adds_error" computerName="runnervm3jyl0" duration="00:00:00.0028845" startTime="2026-05-30T14:18:08.0621694+00:00" endTime="2026-05-30T14:18:08.0621695+00:00" testType="13cdc9d9-ddb5-4fa4-a97d-d965ccfc6d4b" outcome="Passed" testListId="8c84fa94-04c1-424b-9868-57a2d4851a1d" relativeResultsDirectory="3eccae17-c5d5-4baf-9702-64e9ce6b1b15" />
    <UnitTestResult executionId="5c9e188c-a5f7-462b-9936-4af0ef4b89be" testId="10a5dab0-0546-2350-552e-5315c236959a" testName="ArchLucid.Host.Composition.Tests.ServiceCollectionExtensionsCompositionResolveTests.AddArchLucidApplicationServices_resolves_CircuitBreakingContentSafetyGuard_when_enabled_with_endpoint_and_key" computerName="runnervm3jyl0" duration="00:00:00.0240554" startTime="2026-05-30T14:18:08.4494549+00:00" endTime="2026-05-30T14:18:08.4494550+00:00" testType="13cdc9d9-ddb5-4fa4-a97d-d965ccfc6d4b" outcome="Passed" testListId="8c84fa94-04c1-424b-9868-57a2d4851a1d" relativeResultsDirectory="5c9e188c-a5f7-462b-9936-4af0ef4b89be" />
    <UnitTestResult executionId="05131d36-5ada-4cc8-a5c8-02e36b784205" testId="bae1c1d2-dfa7-3cfd-82f8-718c3283ba0a" testName="ArchLucid.Host.Composition.Tests.ServiceCollectionExtensionsCompositionResolveTests.AddArchLucidApplicationServices_Simulator_resolves_IArchitectureRunCommitOrchestrator_as_AuthorityDriven" computerName="runnervm3jyl0" duration="00:00:00.1037888" startTime="2026-05-30T14:18:08.3926395+00:00" endTime="2026-05-30T14:18:08.3926395+00:00" testType="13cdc9d9-ddb5-4fa4-a97d-d965ccfc6d4b" outcome="Passed" testListId="8c84fa94-04c1-424b-9868-57a2d4851a1d" relativeResultsDirectory="05131d36-5ada-4cc8-a5c8-02e36b784205" />
    <UnitTestResult executionId="2a0fa64f-cbb4-464e-9720-03550095efe6" testId="5644344d-7e1b-a22f-f379-39665636a5cd" testName="ArchLucid.Host.Composition.Tests.DataConsistencyEnforcementWarnModeProductionPostConfigurerTests.PostConfigure_Warn_on_development_does_not_log" computerName="runnervm3jyl0" duration="00:00:00.0001871" startTime="2026-05-30T14:18:08.0926302+00:00" endTime="2026-05-30T14:18:08.0926302+00:00" testType="13cdc9d9-ddb5-4fa4-a97d-d965ccfc6d4b" outcome="Passed" testListId="8c84fa94-04c1-424b-9868-57a2d4851a1d" relativeResultsDirectory="2a0fa64f-cbb4-464e-9720-03550095efe6" />
    <UnitTestResult executionId="cd0bffd6-e8cc-4079-bb50-27b229d785bf" testId="0eb5e691-e814-7bce-124b-bcad42088b9d" testName="ArchLucid.Host.Composition.Tests.DataConsistency.DataConsistencyCounterInstrumentationContractTests.DataConsistencyOrphansQuarantined_add_reflects_bounded_insert_batches" computerName="runnervm3jyl0" duration="00:00:00.0110525" startTime="2026-05-30T14:18:08.1298746+00:00" endTime="2026-05-30T14:18:08.1298747+00:00" testType="13cdc9d9-ddb5-4fa4-a97d-d965ccfc6d4b" outcome="Passed" testListId="8c84fa94-04c1-424b-9868-57a2d4851a1d" relativeResultsDirectory="cd0bffd6-e8cc-4079-bb50-27b229d785bf" />
    <UnitTestResult executionId="fcf11b5f-d91f-4326-b4a1-ee8167b448cc" testId="f0f14460-988d-b7c3-9a10-9b7dd003f4e7" testName="ArchLucid.Host.Composition.Tests.Jobs.WeeklyExecutiveSummaryJobTests.RunOnceAsync_returns_success_when_feature_disabled" computerName="runnervm3jyl0" duration="00:00:00.0276108" startTime="2026-05-30T14:18:08.0008126+00:00" endTime="2026-05-30T14:18:08.0008126+00:00" testType="13cdc9d9-ddb5-4fa4-a97d-d965ccfc6d4b" outcome="Passed" testListId="8c84fa94-04c1-424b-9868-57a2d4851a1d" relativeResultsDirectory="fcf11b5f-d91f-4326-b4a1-ee8167b448cc" />
    <UnitTestResult executionId="d91a57c3-1630-4c43-b800-2e8684f8741d" testId="77808af8-33cf-6cae-5aa0-2fb7020cc909" testName="ArchLucid.Host.Composition.Tests.Jobs.ExecDigestWeeklyArchLucidJobTests.Name_is_canonical_exec_digest_weekly_slug" computerName="runnervm3jyl0" duration="00:00:00.0037641" startTime="2026-05-30T14:18:07.9433449+00:00" endTime="2026-05-30T14:18:07.9433450+00:00" testType="13cdc9d9-ddb5-4fa4-a97d-d965ccfc6d4b" outcome="Passed" testListId="8c84fa94-04c1-424b-9868-57a2d4851a1d" relativeResultsDirectory="d91a57c3-1630-4c43-b800-2e8684f8741d" />
    <UnitTestResult executionId="a366bf37-45b3-47a8-8c5b-0260c57e5504" testId="eb61a20d-77fa-d618-81ce-fb3826f4c951" testName="ArchLucid.Host.Composition.Tests.ArchLucidAuthorizationPoliciesRegistrationTests.AddArchLucidAuthorizationPolicies_sets_fallback_requiring_authenticated_user" computerName="runnervm3jyl0" duration="00:00:00.0012118" startTime="2026-05-30T14:18:08.2058552+00:00" endTime="2026-05-30T14:18:08.2058553+00:00" testType="13cdc9d9-ddb5-4fa4-a97d-d965ccfc6d4b" outcome="Passed" testListId="8c84fa94-04c1-424b-9868-57a2d4851a1d" relativeResultsDirectory="a366bf37-45b3-47a8-8c5b-0260c57e5504" />
    <UnitTestResult executionId="9414e58f-ba56-4bef-a0e7-390a6706bdcd" testId="82123d06-9841-2d50-9de9-d2233dec8606" testName="ArchLucid.Host.Composition.Tests.ContainerJobsOffloadRegistrationTests.AddArchLucidApplicationServices_Api_role_does_not_register_TenantHealthScoringHostedService" computerName="runnervm3jyl0" duration="00:00:00.0022340" startTime="2026-05-30T14:18:08.0969063+00:00" endTime="2026-05-30T14:18:08.0969064+00:00" testType="13cdc9d9-ddb5-4fa4-a97d-d965ccfc6d4b" outcome="Passed" testListId="8c84fa94-04c1-424b-9868-57a2d4851a1d" relativeResultsDirectory="9414e58f-ba56-4bef-a0e7-390a6706bdcd" />
    <UnitTestResult executionId="06fd7040-b087-4c4b-83c0-126a583c67bb" testId="a384f93d-9328-d1c6-1ae0-b1eb64276629" testName="ArchLucid.Host.Composition.Tests.ContainerJobsOffloadRegistrationTests.AddArchLucidApplicationServices_Worker_offloads_advisory_scan_does_not_register_AdvisoryScanHostedService" computerName="runnervm3jyl0" duration="00:00:00.0035471" startTime="2026-05-30T14:18:08.0959231+00:00" endTime="2026-05-30T14:18:08.0959232+00:00" testType="13cdc9d9-ddb5-4fa4-a97d-d965ccfc6d4b" outcome="Passed" testListId="8c84fa94-04c1-424b-9868-57a2d4851a1d" relativeResultsDirectory="06fd7040-b087-4c4b-83c0-126a583c67bb" />
    <UnitTestResult executionId="e7fcabcd-6d24-47f4-aad7-c9fc44942737" testId="ac989c01-bfe5-90d3-4e10-4c5bb94120c4" testName="ArchLucid.Host.Composition.Tests.BillingProductionSafetyRulesTests.CollectStripeLiveKeyRequiresWebhookSigningSecret_when_sk_live_without_whsec_adds_error" computerName="runnervm3jyl0" duration="00:00:00.0010114" startTime="2026-05-30T14:18:08.1971727+00:00" endTime="2026-05-30T14:18:08.1971727+00:00" testType="13cdc9d9-ddb5-4fa4-a97d-d965ccfc6d4b" outcome="Passed" testListId="8c84fa94-04c1-424b-9868-57a2d4851a1d" relativeResultsDirectory="e7fcabcd-6d24-47f4-aad7-c9fc44942737" />
    <UnitTestResult executionId="eb1a68c7-dff8-48f5-ac37-0fbf7b85a1dc" testId="631f0b7a-3f6c-0f75-f342-05600529fa4b" testName="ArchLucid.Host.Composition.Tests.RealModeDeploymentFingerprintRulesTests.Collect_when_development_real_simulator_sentinel_does_not_apply" computerName="runnervm3jyl0" duration="00:00:00.0014885" startTime="2026-05-30T14:18:08.0640017+00:00" endTime="2026-05-30T14:18:08.0640018+00:00" testType="13cdc9d9-ddb5-4fa4-a97d-d965ccfc6d4b" outcome="Passed" testListId="8c84fa94-04c1-424b-9868-57a2d4851a1d" relativeResultsDirectory="eb1a68c7-dff8-48f5-ac37-0fbf7b85a1dc" />
    <UnitTestResult executionId="dc45993d-52b2-4165-ac4b-9fea567bb643" testId="cbb87830-a381-6fd8-c574-b9cc5b6f67d7" testName="ArchLucid.Host.Composition.Tests.AuthSafetyGuardTests.GuardDevelopmentBypassInProduction_development_environment_and_dev_bypass_logs_warning" computerName="runnervm3jyl0" duration="00:00:00.0038737" startTime="2026-05-30T14:18:08.0493942+00:00" endTime="2026-05-30T14:18:08.0493942+00:00" testType="13cdc9d9-ddb5-4fa4-a97d-d965ccfc6d4b" outcome="Passed" testListId="8c84fa94-04c1-424b-9868-57a2d4851a1d" relativeResultsDirectory="dc45993d-52b2-4165-ac4b-9fea567bb643" />
    <UnitTestResult executionId="e95f2e96-4c29-4c39-9f46-a1e2edea297c" testId="7602eeb8-a022-c8fc-0e10-2057e29fda3a" testName="ArchLucid.Host.Composition.Tests.Services.Http.AzureRetailPricesHttpResiliencePolicyTests.Retail_prices_client_opens_circuit_after_five_consecutive_failures" computerName="runnervm3jyl0" duration="00:00:00.1276251" startTime="2026-05-30T14:18:08.0931692+00:00" endTime="2026-05-30T14:18:08.0931693+00:00" testType="13cdc9d9-ddb5-4fa4-a97d-d965ccfc6d4b" outcome="Passed" testListId="8c84fa94-04c1-424b-9868-57a2d4851a1d" relativeResultsDirectory="e95f2e96-4c29-4c39-9f46-a1e2edea297c" />
    <UnitTestResult executionId="4b613ec5-3379-4ef0-b2e6-fc4f048642b8" testId="0f0ab63d-3f7c-3f8f-4655-2d766549b6cf" testName="ArchLucid.Host.Composition.Tests.StartupConfigWarningsInstrumentationTests.ContentSafetyConfigurationWarnings_development_no_warning_when_fail_open_in_config" computerName="runnervm3jyl0" duration="00:00:00.0046364" startTime="2026-05-30T14:18:08.4751979+00:00" endTime="2026-05-30T14:18:08.4751980+00:00" testType="13cdc9d9-ddb5-4fa4-a97d-d965ccfc6d4b" outcome="Passed" testListId="8c84fa94-04c1-424b-9868-57a2d4851a1d" relativeResultsDirectory="4b613ec5-3379-4ef0-b2e6-fc4f048642b8" />
    <UnitTestResult executionId="cb25aa88-3660-46e7-8eac-bcb097607d8d" testId="0f02438d-b1e4-b2e2-9209-2ee007448af4" testName="ArchLucid.Host.Composition.Tests.Configuration.RedisHealthProbeConnectionResolverTests.TryResolve_projection_string_wins_over_llm_and_hot_path" computerName="runnervm3jyl0" duration="00:00:00.0039543" startTime="2026-05-30T14:18:07.9368628+00:00" endTime="2026-05-30T14:18:07.9368629+00:00" testType="13cdc9d9-ddb5-4fa4-a97d-d965ccfc6d4b" outcome="Passed" testListId="8c84fa94-04c1-424b-9868-57a2d4851a1d" relativeResultsDirectory="cb25aa88-3660-46e7-8eac-bcb097607d8d" />
    <UnitTestResult executionId="8b786cbe-efe6-4eae-bcfd-1b67bc0dab89" testId="be7848a8-2d62-97c2-9f52-fd87141cbb5b" testName="ArchLucid.Host.Composition.Tests.SqlStorageDbConnectionFactoryRegistrationTests.AddArchLucidStorage_Sql_resolves_IDbConnectionFactory_as_SqlScopedResolutionDbConnectionFactory" computerName="runnervm3jyl0" duration="00:00:00.1144408" startTime="2026-05-30T14:18:07.9499424+00:00" endTime="2026-05-30T14:18:07.9499425+00:00" testType="13cdc9d9-ddb5-4fa4-a97d-d965ccfc6d4b" outcome="Passed" testListId="8c84fa94-04c1-424b-9868-57a2d4851a1d" relativeResultsDirectory="8b786cbe-efe6-4eae-bcfd-1b67bc0dab89" />
    <UnitTestResult executionId="d941c7cf-82f2-43a3-a4fa-59016bc55900" testId="26061f65-3c35-dcb3-91ac-e443c1355fa2" testName="ArchLucid.Host.Composition.Tests.ArchLucidJobRunnerTests.RunNamedJobAsync_invokes_matching_job" computerName="runnervm3jyl0" duration="00:00:00.0045413" startTime="2026-05-30T14:18:08.1397557+00:00" endTime="2026-05-30T14:18:08.1397558+00:00" testType="13cdc9d9-ddb5-4fa4-a97d-d965ccfc6d4b" outcome="Passed" testListId="8c84fa94-04c1-424b-9868-57a2d4851a1d" relativeResultsDirectory="d941c7cf-82f2-43a3-a4fa-59016bc55900" />
    <UnitTestResult executionId="683baf14-969e-4a46-be7e-c04cc32c0c8a" testId="4dff767a-c4d2-c6d4-a3f1-66c70c72ea64" testName="ArchLucid.Host.Composition.Tests.AuthSafetyGuardTests.GuardAllDevelopmentBypasses_production_host_and_invalid_mode_throws_auth_mode_required" computerName="runnervm3jyl0" duration="00:00:00.0011454" startTime="2026-05-30T14:18:08.0090781+00:00" endTime="2026-05-30T14:18:08.0090781+00:00" testType="13cdc9d9-ddb5-4fa4-a97d-d965ccfc6d4b" outcome="Passed" testListId="8c84fa94-04c1-424b-9868-57a2d4851a1d" relativeResultsDirectory="683baf14-969e-4a46-be7e-c04cc32c0c8a" />
    <UnitTestResult executionId="70df9fa6-b08d-4c49-b128-0978d78353f9" testId="4d8ebf7f-c27e-322e-68aa-d7c9f76638a3" testName="ArchLucid.Host.Composition.Tests.ContainerJobsOffloadRegistrationTests.AddArchLucidApplicationServices_Worker_default_registers_AdvisoryScanHostedService" computerName="runnervm3jyl0" duration="00:00:00.0036056" startTime="2026-05-30T14:18:08.0949329+00:00" endTime="2026-05-30T14:18:08.0949330+00:00" testType="13cdc9d9-ddb5-4fa4-a97d-d965ccfc6d4b" outcome="Passed" testListId="8c84fa94-04c1-424b-9868-57a2d4851a1d" relativeResultsDirectory="70df9fa6-b08d-4c49-b128-0978d78353f9" />
    <UnitTestResult executionId="0618bcf4-a7bb-43ee-879a-477d99274f08" testId="cb9e4ce7-b4fc-9fd8-0fc1-d06add8081eb" testName="ArchLucid.Host.Composition.Tests.StorageProviderDiGraphValidationTests.Sql_storage_AddArchLucidStorage_registers_sql_connection_abstractions" computerName="runnervm3jyl0" duration="00:00:00.0068369" startTime="2026-05-30T14:18:08.2107942+00:00" endTime="2026-05-30T14:18:08.2107942+00:00" testType="13cdc9d9-ddb5-4fa4-a97d-d965ccfc6d4b" outcome="Passed" testListId="8c84fa94-04c1-424b-9868-57a2d4851a1d" relativeResultsDirectory="0618bcf4-a7bb-43ee-879a-477d99274f08" />
    <UnitTestResult executionId="382067c5-204f-45e7-ad8c-9819c8195ab2" testId="428386ca-0d80-d131-0c3f-7ee21cfac44b" testName="ArchLucid.Host.Composition.Tests.ServiceCollectionExtensionsCompositionResolveTests.AddArchLucidApplicationServices_throws_when_FallbackLlm_enabled_but_incomplete" computerName="runnervm3jyl0" duration="00:00:00.0032983" startTime="2026-05-30T14:18:08.4537692+00:00" endTime="2026-05-30T14:18:08.4537693+00:00" testType="13cdc9d9-ddb5-4fa4-a97d-d965ccfc6d4b" outcome="Passed" testListId="8c84fa94-04c1-424b-9868-57a2d4851a1d" relativeResultsDirectory="382067c5-204f-45e7-ad8c-9819c8195ab2" />
    <UnitTestResult executionId="1b3760bb-5275-4140-822d-af1e4e19ba0b" testId="3728dda9-1854-2baa-8f9b-d188e3497c68" testName="ArchLucid.Host.Composition.Tests.Jobs.AuditEventChangeFeedArchLucidJobTests.RunOnceAsync_returns_job_failure_when_processor_throws" computerName="runnervm3jyl0" duration="00:00:00.0054263" startTime="2026-05-30T14:18:08.2157225+00:00" endTime="2026-05-30T14:18:08.2157226+00:00" testType="13cdc9d9-ddb5-4fa4-a97d-d965ccfc6d4b" outcome="Passed" testListId="8c84fa94-04c1-424b-9868-57a2d4851a1d" relativeResultsDirectory="1b3760bb-5275-4140-822d-af1e4e19ba0b" />
    <UnitTestResult executionId="a2147b5a-a32d-4a67-9863-c1cdce5aefec" testId="a085b616-d98c-d8b8-2589-b06a74a37c82" testName="ArchLucid.Host.Composition.Tests.ContainerJobsOffloadRulesTests.Collect_Production_Worker_offloaded_with_deployed_manifest_is_clean" computerName="runnervm3jyl0" duration="00:00:00.0046131" startTime="2026-05-30T14:18:08.1158777+00:00" endTime="2026-05-30T14:18:08.1158778+00:00" testType="13cdc9d9-ddb5-4fa4-a97d-d965ccfc6d4b" outcome="Passed" testListId="8c84fa94-04c1-424b-9868-57a2d4851a1d" relativeResultsDirectory="a2147b5a-a32d-4a67-9863-c1cdce5aefec" />
    <UnitTestResult executionId="9594492d-0e0b-4499-9f27-1a3ce112c5ff" testId="5cbfa03a-c6cd-b60e-9aa0-49435c5846c2" testName="ArchLucid.Host.Composition.Tests.BillingProductionSafetyRulesTests.IsBillingSafetyError_when_prefixed_returns_true" computerName="runnervm3jyl0" duration="00:00:00.0001224" startTime="2026-05-30T14:18:08.1936114+00:00" endTime="2026-05-30T14:18:08.1936115+00:00" testType="13cdc9d9-ddb5-4fa4-a97d-d965ccfc6d4b" outcome="Passed" testListId="8c84fa94-04c1-424b-9868-57a2d4851a1d" relativeResultsDirectory="9594492d-0e0b-4499-9f27-1a3ce112c5ff" />
    <UnitTestResult executionId="f229497a-5601-4bf6-be6a-9705a67da41d" testId="2c86c222-128c-e259-8d2a-6ffd2205d189" testName="ArchLucid.Host.Composition.Tests.DataConsistency.DataConsistencyEnforcementPolicyTests.ShouldAttemptOrphanRowQuarantine_matches_host_behavior(mode: Warn, autoQuarantine: False, orphanCount: 0, expected: False)" computerName="runnervm3jyl0" duration="00:00:00.0004048" startTime="2026-05-30T14:18:08.0733577+00:00" endTime="2026-05-30T14:18:08.0733577+00:00" testType="13cdc9d9-ddb5-4fa4-a97d-d965ccfc6d4b" outcome="Passed" testListId="8c84fa94-04c1-424b-9868-57a2d4851a1d" relativeResultsDirectory="f229497a-5601-4bf6-be6a-9705a67da41d" />
    <UnitTestResult executionId="361ce124-77e4-4293-9f18-d167237b1c83" testId="0f1f3116-8490-275b-002b-f52c9d4963e5" testName="ArchLucid.Host.Composition.Tests.DataConsistency.DataConsistencyEnforcementPolicyTests.IsAlertEligible_respects_normalized_threshold(count: 1, threshold: 1, eligible: True)" computerName="runnervm3jyl0" duration="00:00:00.0000053" startTime="2026-05-30T14:18:08.0852004+00:00" endTime="2026-05-30T14:18:08.0852005+00:00" testType="13cdc9d9-ddb5-4fa4-a97d-d965ccfc6d4b" outcome="Passed" testListId="8c84fa94-04c1-424b-9868-57a2d4851a1d" relativeResultsDirectory="361ce124-77e4-4293-9f18-d167237b1c83" />
    <UnitTestResult executionId="3d25fd7e-614c-4adc-98dc-0c212ef04bca" testId="d32f1d5e-b332-2d3a-e3cd-a8c2592de204" testName="ArchLucid.Host.Composition.Tests.Jobs.TrialEmailScanArchLucidJobTests.RunOnceAsync_returns_success_when_no_tenants" computerName="runnervm3jyl0" duration="00:00:00.0083278" startTime="2026-05-30T14:18:08.1204735+00:00" endTime="2026-05-30T14:18:08.1204736+00:00" testType="13cdc9d9-ddb5-4fa4-a97d-d965ccfc6d4b" outcome="Passed" testListId="8c84fa94-04c1-424b-9868-57a2d4851a1d" relativeResultsDirectory="3d25fd7e-614c-4adc-98dc-0c212ef04bca" />
    <UnitTestResult executionId="657b6ece-d11f-47ca-a50c-a5641fe8634b" testId="b6a769fa-c533-e101-4583-22f094c0af0f" testName="ArchLucid.Host.Composition.Tests.ServiceCollectionExtensionsCompositionResolveTests.AddArchLucidApplicationServices_resolves_stub_content_safety_guard_when_enabled" computerName="runnervm3jyl0" duration="00:00:00.0068829" startTime="2026-05-30T14:18:08.2695269+00:00" endTime="2026-05-30T14:18:08.2695270+00:00" testType="13cdc9d9-ddb5-4fa4-a97d-d965ccfc6d4b" outcome="Passed" testListId="8c84fa94-04c1-424b-9868-57a2d4851a1d" relativeResultsDirectory="657b6ece-d11f-47ca-a50c-a5641fe8634b" />
    <UnitTestResult executionId="13cdce0d-d154-4d78-875f-53db17bb0eb3" testId="544c8ae1-4567-7431-ab49-040f9edc3d53" testName="ArchLucid.Host.Composition.Tests.AuthSafetyGuardTests.GuardAllDevelopmentBypasses_production_and_development_bypass_all_true_throws" computerName="runnervm3jyl0" duration="00:00:00.0007936" startTime="2026-05-30T14:18:08.0101978+00:00" endTime="2026-05-30T14:18:08.0101979+00:00" testType="13cdc9d9-ddb5-4fa4-a97d-d965ccfc6d4b" outcome="Passed" testListId="8c84fa94-04c1-424b-9868-57a2d4851a1d" relativeResultsDirectory="13cdce0d-d154-4d78-875f-53db17bb0eb3" />
    <UnitTestResult executionId="1b19ed58-0b77-4412-bc33-75f9a77d3517" testId="ea1ac80d-95d8-2b65-fe44-25b775f362e9" testName="ArchLucid.Host.Composition.Tests.BillingProductionSafetyRulesTests.CollectStripeLiveKeyRequiresWebhookSigningSecret_when_sk_live_with_whsec_is_clean" computerName="runnervm3jyl0" duration="00:00:00.0019759" startTime="2026-05-30T14:18:08.1884280+00:00" endTime="2026-05-30T14:18:08.1884281+00:00" testType="13cdc9d9-ddb5-4fa4-a97d-d965ccfc6d4b" outcome="Passed" testListId="8c84fa94-04c1-424b-9868-57a2d4851a1d" relativeResultsDirectory="1b19ed58-0b77-4412-bc33-75f9a77d3517" />
    <UnitTestResult executionId="e12a4c92-47e0-4824-9774-c5812aeb0cb0" testId="b97c5540-488e-8191-0e52-fd24e600c4d0" testName="ArchLucid.Host.Composition.Tests.Demo.DemoSeedRunResolverTests.ResolveLatestCommittedDemoRunAsync_falls_back_to_newest_committed_demo_run" computerName="runnervm3jyl0" duration="00:00:00.1326604" startTime="2026-05-30T14:18:07.8207631+00:00" endTime="2026-05-30T14:18:07.8207632+00:00" testType="13cdc9d9-ddb5-4fa4-a97d-d965ccfc6d4b" outcome="Passed" testListId="8c84fa94-04c1-424b-9868-57a2d4851a1d" relativeResultsDirectory="e12a4c92-47e0-4824-9774-c5812aeb0cb0" />
    <UnitTestResult executionId="ed868a55-c8cb-416d-bfab-c83120f6fdfd" testId="5a77da73-92cb-a941-628e-a6633ce79b4d" testName="ArchLucid.Host.Composition.Tests.Jobs.AuditEventChangeFeedArchLucidJobTests.Name_is_canonical_audit_change_feed_slug" computerName="runnervm3jyl0" duration="00:00:00.0051061" startTime="2026-05-30T14:18:08.2101866+00:00" endTime="2026-05-30T14:18:08.2101867+00:00" testType="13cdc9d9-ddb5-4fa4-a97d-d965ccfc6d4b" outcome="Passed" testListId="8c84fa94-04c1-424b-9868-57a2d4851a1d" relativeResultsDirectory="ed868a55-c8cb-416d-bfab-c83120f6fdfd" />
    <UnitTestResult executionId="4ce9a177-d90c-416d-a300-e93c039e043c" testId="d2e51a66-4ff9-b3c0-a94e-545a79be66b6" testName="ArchLucid.Host.Composition.Tests.ServiceCollectionExtensionsCompositionResolveTests.AddArchLucidApplicationServices_RealAzure_with_FallbackLlm_resolves_FallbackAgentCompletionClient" computerName="runnervm3jyl0" duration="00:00:00.0270749" startTime="2026-05-30T14:18:08.4279166+00:00" endTime="2026-05-30T14:18:08.4279167+00:00" testType="13cdc9d9-ddb5-4fa4-a97d-d965ccfc6d4b" outcome="Passed" testListId="8c84fa94-04c1-424b-9868-57a2d4851a1d" relativeResultsDirectory="4ce9a177-d90c-416d-a300-e93c039e043c" />
    <UnitTestResult executionId="259004e3-bd1d-4c0a-a787-5c675d4558ef" testId="83ee8f43-8144-1e27-e641-9ab679ed81d7" testName="ArchLucid.Host.Composition.Tests.AuthSafetyGuardTests.GuardDevelopmentBypassInProduction_archlucid_environment_lowercase_production_throws" computerName="runnervm3jyl0" duration="00:00:00.0006089" startTime="2026-05-30T14:18:08.0095939+00:00" endTime="2026-05-30T14:18:08.0095940+00:00" testType="13cdc9d9-ddb5-4fa4-a97d-d965ccfc6d4b" outcome="Passed" testListId="8c84fa94-04c1-424b-9868-57a2d4851a1d" relativeResultsDirectory="259004e3-bd1d-4c0a-a787-5c675d4558ef" />
    <UnitTestResult executionId="1d2fe5d3-76e5-410f-a77f-3a3233ad7907" testId="099620dc-1f6a-c164-ca28-d926031eeedb" testName="ArchLucid.Host.Composition.Tests.AuthSafetyGuardTests.GuardDevelopmentBypassInProduction_environment_name_prod_throws_even_when_not_IsProduction" computerName="runnervm3jyl0" duration="00:00:00.0006712" startTime="2026-05-30T14:18:08.0419229+00:00" endTime="2026-05-30T14:18:08.0419229+00:00" testType="13cdc9d9-ddb5-4fa4-a97d-d965ccfc6d4b" outcome="Passed" testListId="8c84fa94-04c1-424b-9868-57a2d4851a1d" relativeResultsDirectory="1d2fe5d3-76e5-410f-a77f-3a3233ad7907" />
    <UnitTestResult executionId="4b4244f3-24bb-48e3-8007-a12a76085156" testId="83478377-7823-4082-6cf6-d3bc2c649ed5" testName="ArchLucid.Host.Composition.Tests.DataConsistency.DataConsistencyEnforcementPolicyTests.IsAlertEligible_respects_normalized_threshold(count: 10, threshold: 10, eligible: True)" computerName="runnervm3jyl0" duration="00:00:00.0001864" startTime="2026-05-30T14:18:08.0799851+00:00" endTime="2026-05-30T14:18:08.0799851+00:00" testType="13cdc9d9-ddb5-4fa4-a97d-d965ccfc6d4b" outcome="Passed" testListId="8c84fa94-04c1-424b-9868-57a2d4851a1d" relativeResultsDirectory="4b4244f3-24bb-48e3-8007-a12a76085156" />
    <UnitTestResult executionId="0bdefab3-ae81-4d71-b84a-4d4516979243" testId="49efa5e8-0334-84a0-d7b1-7bad8fad1df1" testName="ArchLucid.Host.Composition.Tests.Jobs.WeeklyArchitectureDigestArchLucidJobTests.RunOnceAsync_returns_success_with_in_memory_repository" computerName="runnervm3jyl0" duration="00:00:00.1100640" startTime="2026-05-30T14:18:07.9691797+00:00" endTime="2026-05-30T14:18:07.9691798+00:00" testType="13cdc9d9-ddb5-4fa4-a97d-d965ccfc6d4b" outcome="Passed" testListId="8c84fa94-04c1-424b-9868-57a2d4851a1d" relativeResultsDirectory="0bdefab3-ae81-4d71-b84a-4d4516979243" />
    <UnitTestResult executionId="2d3a4961-bef1-4ae0-8af1-05a38fbd9cba" testId="94534614-cff6-2ec5-dbc4-7a0e11f33ad2" testName="ArchLucid.Host.Composition.Tests.DataConsistency.DataConsistencyEnforcementPolicyTests.IsAlertEligible_respects_normalized_threshold(count: 0, threshold: 1, eligible: False)" computerName="runnervm3jyl0" duration="00:00:00.0000028" startTime="2026-05-30T14:18:08.0856862+00:00" endTime="2026-05-30T14:18:08.0856863+00:00" testType="13cdc9d9-ddb5-4fa4-a97d-d965ccfc6d4b" outcome="Passed" testListId="8c84fa94-04c1-424b-9868-57a2d4851a1d" relativeResultsDirectory="2d3a4961-bef1-4ae0-8af1-05a38fbd9cba" />
    <UnitTestResult executionId="c88f40e8-298c-4000-8dee-8a7e22ab1d81" testId="4c55cb4d-e528-875c-7b6a-345075fead0f" testName="ArchLucid.Host.Composition.Tests.AuthSafetyGuardTests.GuardDevelopmentBypassInProduction_environment_name_non_production_jwt_bearer_does_not_throw" computerName="runnervm3jyl0" duration="00:00:00.0006061" startTime="2026-05-30T14:18:08.0463886+00:00" endTime="2026-05-30T14:18:08.0463886+00:00" testType="13cdc9d9-ddb5-4fa4-a97d-d965ccfc6d4b" outcome="Passed" testListId="8c84fa94-04c1-424b-9868-57a2d4851a1d" relativeResultsDirectory="c88f40e8-298c-4000-8dee-8a7e22ab1d81" />
    <UnitTestResult executionId="dd1f7801-ca1c-496f-b373-9fed230d509d" testId="fbd3600b-3b38-886f-5f7f-0d18ae7ec6f3" testName="ArchLucid.Host.Composition.Tests.BillingProductionSafetyRulesTests.CollectStripeTestKeyDisallowedInProduction_when_sk_live_is_clean" computerName="runnervm3jyl0" duration="00:00:00.0008842" startTime="2026-05-30T14:18:08.1905727+00:00" endTime="2026-05-30T14:18:08.1905728+00:00" testType="13cdc9d9-ddb5-4fa4-a97d-d965ccfc6d4b" outcome="Passed" testListId="8c84fa94-04c1-424b-9868-57a2d4851a1d" relativeResultsDirectory="dd1f7801-ca1c-496f-b373-9fed230d509d" />
    <UnitTestResult executionId="9b42c548-5eb8-4922-a9a7-6b57921ccc46" testId="72f9abe7-b38d-16f4-15f2-ae2eca8b73c1" testName="ArchLucid.Host.Composition.Tests.Configuration.RedisHealthProbeConnectionResolverTests.TryResolve_returns_null_when_no_redis_values_configured" computerName="runnervm3jyl0" duration="00:00:00.0032953" startTime="2026-05-30T14:18:07.9350720+00:00" endTime="2026-05-30T14:18:07.9350720+00:00" testType="13cdc9d9-ddb5-4fa4-a97d-d965ccfc6d4b" outcome="Passed" testListId="8c84fa94-04c1-424b-9868-57a2d4851a1d" relativeResultsDirectory="9b42c548-5eb8-4922-a9a7-6b57921ccc46" />
    <UnitTestResult executionId="0564132b-e5fe-4bbc-8421-80a10177b715" testId="4d216a86-5625-23f0-c7dd-dae4975cd943" testName="ArchLucid.Host.Composition.Tests.Jobs.TrialLifecycleArchLucidJobTests.RunOnceAsync_returns_job_failure_when_tenant_repository_resolution_throws" computerName="runnervm3jyl0" duration="00:00:00.0056491" startTime="2026-05-30T14:18:08.0973981+00:00" endTime="2026-05-30T14:18:08.0973982+00:00" testType="13cdc9d9-ddb5-4fa4-a97d-d965ccfc6d4b" outcome="Passed" testListId="8c84fa94-04c1-424b-9868-57a2d4851a1d" relativeResultsDirectory="0564132b-e5fe-4bbc-8421-80a10177b715" />
    <UnitTestResult executionId="6838704f-b002-47bf-9b9b-05e4a19fc425" testId="9cfe0f4d-0658-54cf-ca1c-a3c202434f3e" testName="ArchLucid.Host.Composition.Tests.Jobs.TrialEmailScanArchLucidJobTests.Name_is_canonical_trial_email_scan_slug" computerName="runnervm3jyl0" duration="00:00:00.0012857" startTime="2026-05-30T14:18:08.1264821+00:00" endTime="2026-05-30T14:18:08.1264821+00:00" testType="13cdc9d9-ddb5-4fa4-a97d-d965ccfc6d4b" outcome="Passed" testListId="8c84fa94-04c1-424b-9868-57a2d4851a1d" relativeResultsDirectory="6838704f-b002-47bf-9b9b-05e4a19fc425" />
    <UnitTestResult executionId="72d805ba-e5db-4f3a-bdde-894d33e94f60" testId="69cfa1cb-8b34-c2e8-45a1-4626ec95815d" testName="ArchLucid.Host.Composition.Tests.ExecDigest.ExecDigestUnsubscribeTokenFactoryTests.Round_trips_tenant_id" computerName="runnervm3jyl0" duration="00:00:00.0827963" startTime="2026-05-30T14:18:07.7762705+00:00" endTime="2026-05-30T14:18:07.7763028+00:00" testType="13cdc9d9-ddb5-4fa4-a97d-d965ccfc6d4b" outcome="Passed" testListId="8c84fa94-04c1-424b-9868-57a2d4851a1d" relativeResultsDirectory="72d805ba-e5db-4f3a-bdde-894d33e94f60" />
    <UnitTestResult executionId="4d0f2b9d-2602-4f44-ab18-101161b7f31d" testId="3a21fad4-7c69-1822-b789-bfef117603df" testName="ArchLucid.Host.Composition.Tests.Demo.DemoReadModelClientTests.GetLatestCommittedDemoExplainAsync_substitutes_empty_graph_when_provenance_is_null" computerName="runnervm3jyl0" duration="00:00:00.0068882" startTime="2026-05-30T14:18:07.9734910+00:00" endTime="2026-05-30T14:18:07.9734911+00:00" testType="13cdc9d9-ddb5-4fa4-a97d-d965ccfc6d4b" outcome="Passed" testListId="8c84fa94-04c1-424b-9868-57a2d4851a1d" relativeResultsDirectory="4d0f2b9d-2602-4f44-ab18-101161b7f31d" />
    <UnitTestResult executionId="4f690d3b-e468-44cf-b2d4-12b7a82b774c" testId="63abdb10-c22e-624c-585c-b82258c573fb" testName="ArchLucid.Host.Composition.Tests.AuthSafetyGuardTests.GuardDevelopmentBypassInProduction_staging_host_and_development_bypass_throws" computerName="runnervm3jyl0" duration="00:00:00.0113163" startTime="2026-05-30T14:18:07.9981939+00:00" endTime="2026-05-30T14:18:07.9981940+00:00" testType="13cdc9d9-ddb5-4fa4-a97d-d965ccfc6d4b" outcome="Passed" testListId="8c84fa94-04c1-424b-9868-57a2d4851a1d" relativeResultsDirectory="4f690d3b-e468-44cf-b2d4-12b7a82b774c" />
    <UnitTestResult executionId="15fb89bd-a733-473b-a4fc-14a8f9134557" testId="7592e1ec-3835-1573-ee98-1908fbe22012" testName="ArchLucid.Host.Composition.Tests.Demo.DemoReadModelClientTests.GetLatestCommittedDemoExplainAsync_returns_payload_when_resolver_returns_committed_run" computerName="runnervm3jyl0" duration="00:00:00.0121970" startTime="2026-05-30T14:18:07.9636218+00:00" endTime="2026-05-30T14:18:07.9636218+00:00" testType="13cdc9d9-ddb5-4fa4-a97d-d965ccfc6d4b" outcome="Passed" testListId="8c84fa94-04c1-424b-9868-57a2d4851a1d" relativeResultsDirectory="15fb89bd-a733-473b-a4fc-14a8f9134557" />
    <UnitTestResult executionId="4c23ea34-6f8d-48e9-ab9a-f2ad6f5d5c51" testId="0f16495c-b665-7282-7203-4fbd4c70a304" testName="ArchLucid.Host.Composition.Tests.Demo.DemoSeedRunResolverTests.ResolveLatestCommittedDemoRunAsync_returns_null_when_no_committed_demo_run_exists" computerName="runnervm3jyl0" duration="00:00:00.0056657" startTime="2026-05-30T14:18:07.8349208+00:00" endTime="2026-05-30T14:18:07.8349208+00:00" testType="13cdc9d9-ddb5-4fa4-a97d-d965ccfc6d4b" outcome="Passed" testListId="8c84fa94-04c1-424b-9868-57a2d4851a1d" relativeResultsDirectory="4c23ea34-6f8d-48e9-ab9a-f2ad6f5d5c51" />
    <UnitTestResult executionId="51731544-6832-4553-8c3e-a3a073fb7acd" testId="5ccd7d2c-a648-c7e0-7c5a-1dad11d761a0" testName="ArchLucid.Host.Composition.Tests.Demo.DemoCommitPagePreviewClientTests.GetLatestCommittedDemoCommitPageAsync_returns_null_when_explanation_missing" computerName="runnervm3jyl0" duration="00:00:00.0181544" startTime="2026-05-30T14:18:07.8353742+00:00" endTime="2026-05-30T14:18:07.8353742+00:00" testType="13cdc9d9-ddb5-4fa4-a97d-d965ccfc6d4b" outcome="Passed" testListId="8c84fa94-04c1-424b-9868-57a2d4851a1d" relativeResultsDirectory="51731544-6832-4553-8c3e-a3a073fb7acd" />
    <UnitTestResult executionId="018a4fd7-433a-482b-8bf6-f09b91e1bf6c" testId="ee387524-dff3-2692-2553-e1fd8102db00" testName="ArchLucid.Host.Composition.Tests.RealModeDeploymentFingerprintRulesTests.Collect_when_production_real_valid_deployment_is_clean" computerName="runnervm3jyl0" duration="00:00:00.0009580" startTime="2026-05-30T14:18:08.0588718+00:00" endTime="2026-05-30T14:18:08.0588718+00:00" testType="13cdc9d9-ddb5-4fa4-a97d-d965ccfc6d4b" outcome="Passed" testListId="8c84fa94-04c1-424b-9868-57a2d4851a1d" relativeResultsDirectory="018a4fd7-433a-482b-8bf6-f09b91e1bf6c" />
    <UnitTestResult executionId="9e4c2def-ea85-4109-ad28-37f66f37c575" testId="b1c5fd34-a76c-fa90-4b03-5a5caf078fd9" testName="ArchLucid.Host.Composition.Tests.DataConsistency.DataConsistencyEnforcementPolicyTests.ShouldAttemptOrphanRowQuarantine_matches_host_behavior(mode: Warn, autoQuarantine: True, orphanCount: 5, expected: True)" computerName="runnervm3jyl0" duration="00:00:00.0000019" startTime="2026-05-30T14:18:08.0778845+00:00" endTime="2026-05-30T14:18:08.0778846+00:00" testType="13cdc9d9-ddb5-4fa4-a97d-d965ccfc6d4b" outcome="Passed" testListId="8c84fa94-04c1-424b-9868-57a2d4851a1d" relativeResultsDirectory="9e4c2def-ea85-4109-ad28-37f66f37c575" />
    <UnitTestResult executionId="4ef00009-92bd-425d-ab17-9e9c4b00ebea" testId="8c5ed460-64ad-cb30-9b48-261ad319e691" testName="ArchLucid.Host.Composition.Tests.Demo.DemoReadModelClientTests.GetLatestCommittedDemoExplainAsync_returns_null_when_explanation_summary_missing" computerName="runnervm3jyl0" duration="00:00:00.0032448" startTime="2026-05-30T14:18:07.9788751+00:00" endTime="2026-05-30T14:18:07.9788752+00:00" testType="13cdc9d9-ddb5-4fa4-a97d-d965ccfc6d4b" outcome="Passed" testListId="8c84fa94-04c1-424b-9868-57a2d4851a1d" relativeResultsDirectory="4ef00009-92bd-425d-ab17-9e9c4b00ebea" />
    <UnitTestResult executionId="3f96a39f-0d36-4840-99e6-625a6841d284" testId="57cfe1c4-a66e-c7da-cb08-99580c1b5076" testName="ArchLucid.Host.Composition.Tests.StorageProviderDiGraphValidationTests.InMemory_storage_resolves_core_and_decisioning_port_compatibility_services" computerName="runnervm3jyl0" duration="00:00:00.0518054" startTime="2026-05-30T14:18:08.2035568+00:00" endTime="2026-05-30T14:18:08.2035569+00:00" testType="13cdc9d9-ddb5-4fa4-a97d-d965ccfc6d4b" outcome="Passed" testListId="8c84fa94-04c1-424b-9868-57a2d4851a1d" relativeResultsDirectory="3f96a39f-0d36-4840-99e6-625a6841d284" />
    <UnitTestResult executionId="bdafd597-3f13-44a7-a8c1-70bba4a25779" testId="2e48b270-983b-3783-f980-77a6348a11a7" testName="ArchLucid.Host.Composition.Tests.Jobs.AdvisoryScanArchLucidJobTests.RunOnceAsync_returns_success_when_no_due_schedules" computerName="runnervm3jyl0" duration="00:00:00.0047923" startTime="2026-05-30T14:18:08.1455708+00:00" endTime="2026-05-30T14:18:08.1455708+00:00" testType="13cdc9d9-ddb5-4fa4-a97d-d965ccfc6d4b" outcome="Passed" testListId="8c84fa94-04c1-424b-9868-57a2d4851a1d" relativeResultsDirectory="bdafd597-3f13-44a7-a8c1-70bba4a25779" />
    <UnitTestResult executionId="ab99c021-1dfa-446d-96ab-547a442f2e5b" testId="f66f754c-759f-1bdc-d091-f756bb6d8050" testName="ArchLucid.Host.Composition.Tests.Jobs.FirstTenantFunnelArchivalArchLucidJobTests.RunOnceAsync_returns_success_when_per_tenant_emission_off" computerName="runnervm3jyl0" duration="00:00:00.0208392" startTime="2026-05-30T14:18:07.9380164+00:00" endTime="2026-05-30T14:18:07.9380164+00:00" testType="13cdc9d9-ddb5-4fa4-a97d-d965ccfc6d4b" outcome="Passed" testListId="8c84fa94-04c1-424b-9868-57a2d4851a1d" relativeResultsDirectory="ab99c021-1dfa-446d-96ab-547a442f2e5b" />
    <UnitTestResult executionId="9775b5de-25f1-45c3-b887-8685e4b4b7c3" testId="de2cb004-5548-3ae3-af5f-265d9508f9ef" testName="ArchLucid.Host.Composition.Tests.DataConsistency.DataConsistencyEnforcementPolicyTests.ShouldEvaluateEnforcement_skips_when_off(mode: Quarantine, expected: True)" computerName="runnervm3jyl0" duration="00:00:00.0001373" startTime="2026-05-30T14:18:08.0877115+00:00" endTime="2026-05-30T14:18:08.0877115+00:00" testType="13cdc9d9-ddb5-4fa4-a97d-d965ccfc6d4b" outcome="Passed" testListId="8c84fa94-04c1-424b-9868-57a2d4851a1d" relativeResultsDirectory="9775b5de-25f1-45c3-b887-8685e4b4b7c3" />
    <UnitTestResult executionId="d1c61e1c-0e68-4873-885f-28791128eed0" testId="a92925c7-8b10-fd81-1ca4-256067f98893" testName="ArchLucid.Host.Composition.Tests.Jobs.OrphanProbeArchLucidJobTests.Name_is_canonical_orphan_probe_slug" computerName="runnervm3jyl0" duration="00:00:00.0004317" startTime="2026-05-30T14:18:08.1533876+00:00" endTime="2026-05-30T14:18:08.1533877+00:00" testType="13cdc9d9-ddb5-4fa4-a97d-d965ccfc6d4b" outcome="Passed" testListId="8c84fa94-04c1-424b-9868-57a2d4851a1d" relativeResultsDirectory="d1c61e1c-0e68-4873-885f-28791128eed0" />
    <UnitTestResult executionId="36ea13c8-a1a7-43b7-a012-63284409c1d2" testId="aff1dda0-dbd8-72d7-f59f-121cad9bc48e" testName="ArchLucid.Host.Composition.Tests.Jobs.AuditEventChangeFeedArchLucidJobTests.RunOnceAsync_skips_processor_when_audit_events_disabled" computerName="runnervm3jyl0" duration="00:00:00.0074137" startTime="2026-05-30T14:18:08.2232092+00:00" endTime="2026-05-30T14:18:08.2232093+00:00" testType="13cdc9d9-ddb5-4fa4-a97d-d965ccfc6d4b" outcome="Passed" testListId="8c84fa94-04c1-424b-9868-57a2d4851a1d" relativeResultsDirectory="36ea13c8-a1a7-43b7-a012-63284409c1d2" />
    <UnitTestResult executionId="fb187ead-8738-481e-9e07-bdf51669de82" testId="269bc12f-7337-71fa-7005-93a857e9095a" testName="ArchLucid.Host.Composition.Tests.StartupConfigWarningsInstrumentationTests.AuthSafetyGuard_development_bypass_in_development_increments_startup_config_warning_metric" computerName="runnervm3jyl0" duration="00:00:00.0017035" startTime="2026-05-30T14:18:08.4878118+00:00" endTime="2026-05-30T14:18:08.4878118+00:00" testType="13cdc9d9-ddb5-4fa4-a97d-d965ccfc6d4b" outcome="Passed" testListId="8c84fa94-04c1-424b-9868-57a2d4851a1d" relativeResultsDirectory="fb187ead-8738-481e-9e07-bdf51669de82" />
    <UnitTestResult executionId="00c69710-7338-4bbd-ad59-83563e1d3c19" testId="8d909128-b1fd-cdec-0c0d-08a90cedbc39" testName="ArchLucid.Host.Composition.Tests.ServiceCollectionExtensionsRegistrationTests.AddArchLucidApplicationServices_does_not_throw_for_hosting_role(role: Worker)" computerName="runnervm3jyl0" duration="00:00:00.0094707" startTime="2026-05-30T14:18:07.9385681+00:00" endTime="2026-05-30T14:18:07.9385682+00:00" testType="13cdc9d9-ddb5-4fa4-a97d-d965ccfc6d4b" outcome="Passed" testListId="8c84fa94-04c1-424b-9868-57a2d4851a1d" relativeResultsDirectory="00c69710-7338-4bbd-ad59-83563e1d3c19" />
    <UnitTestResult executionId="8a8af99c-37f6-405a-b6f6-aac759246824" testId="2e369e91-1fd5-5fdb-321a-a92131d0c6cc" testName="ArchLucid.Host.Composition.Tests.ServiceCollectionExtensionsCompositionResolveTests.AddArchLucidApplicationServices_development_host_throws_when_null_guard_disallowed_and_safety_disabled" computerName="runnervm3jyl0" duration="00:00:00.0047452" startTime="2026-05-30T14:18:08.4700089+00:00" endTime="2026-05-30T14:18:08.4700090+00:00" testType="13cdc9d9-ddb5-4fa4-a97d-d965ccfc6d4b" outcome="Passed" testListId="8c84fa94-04c1-424b-9868-57a2d4851a1d" relativeResultsDirectory="8a8af99c-37f6-405a-b6f6-aac759246824" />
    <UnitTestResult executionId="9d35cfd1-4c0a-4dc2-b46b-ab8bdf3c343c" testId="01a49af4-2520-b749-7ed1-a623dfa5551f" testName="ArchLucid.Host.Composition.Tests.RealModeDeploymentFingerprintRulesTests.Collect_when_staging_real_unspecified_sentinel_adds_error" computerName="runnervm3jyl0" duration="00:00:00.0010539" startTime="2026-05-30T14:18:08.0594377+00:00" endTime="2026-05-30T14:18:08.0594378+00:00" testType="13cdc9d9-ddb5-4fa4-a97d-d965ccfc6d4b" outcome="Passed" testListId="8c84fa94-04c1-424b-9868-57a2d4851a1d" relativeResultsDirectory="9d35cfd1-4c0a-4dc2-b46b-ab8bdf3c343c" />
    <UnitTestResult executionId="c6701b65-ded8-4653-a3c9-97ff2f4f259e" testId="dadc4681-ed31-b266-766b-fdeadca341b2" testName="ArchLucid.Host.Composition.Tests.DataConsistency.DataConsistencyEnforcementPolicyTests.ShouldAttemptOrphanRowQuarantine_matches_host_behavior(mode: Alert, autoQuarantine: True, orphanCount: 5, expected: True)" computerName="runnervm3jyl0" duration="00:00:00.0001417" startTime="2026-05-30T14:18:08.0728504+00:00" endTime="2026-05-30T14:18:08.0728505+00:00" testType="13cdc9d9-ddb5-4fa4-a97d-d965ccfc6d4b" outcome="Passed" testListId="8c84fa94-04c1-424b-9868-57a2d4851a1d" relativeResultsDirectory="c6701b65-ded8-4653-a3c9-97ff2f4f259e" />
    <UnitTestResult executionId="1459d181-c34a-4c32-95be-460da044947f" testId="7793616d-f67c-3afe-45cd-7e36db363a47" testName="ArchLucid.Host.Composition.Tests.BillingProductionSafetyRulesTests.CollectAzureMarketplaceGaRequiresOfferId_when_ga_true_and_offer_set_is_clean" computerName="runnervm3jyl0" duration="00:00:00.0010509" startTime="2026-05-30T14:18:08.1879300+00:00" endTime="2026-05-30T14:18:08.1879301+00:00" testType="13cdc9d9-ddb5-4fa4-a97d-d965ccfc6d4b" outcome="Passed" testListId="8c84fa94-04c1-424b-9868-57a2d4851a1d" relativeResultsDirectory="1459d181-c34a-4c32-95be-460da044947f" />
    <UnitTestResult executionId="905e84b5-58f0-4d2a-bce5-1455b513df96" testId="61259e26-4ff6-0711-48af-3a94b2454fde" testName="ArchLucid.Host.Composition.Tests.Services.Auth.RoleSyncServiceTests.ApplyEntraJwtAndDirectoryOverridesAsync_without_tenant_id_leaves_role_claims" computerName="runnervm3jyl0" duration="00:00:00.0012016" startTime="2026-05-30T14:18:08.2052693+00:00" endTime="2026-05-30T14:18:08.2052694+00:00" testType="13cdc9d9-ddb5-4fa4-a97d-d965ccfc6d4b" outcome="Passed" testListId="8c84fa94-04c1-424b-9868-57a2d4851a1d" relativeResultsDirectory="905e84b5-58f0-4d2a-bce5-1455b513df96" />
    <UnitTestResult executionId="82b5c822-9f5b-4d91-8e1e-3c2b8c328683" testId="8a79ada4-6c54-4073-e145-af0629a4c524" testName="ArchLucid.Host.Composition.Tests.BillingProductionSafetyRulesTests.CollectStripeTestKeyDisallowedInProduction_when_sk_test_adds_error" computerName="runnervm3jyl0" duration="00:00:00.0029863" startTime="2026-05-30T14:18:08.1829155+00:00" endTime="2026-05-30T14:18:08.1829156+00:00" testType="13cdc9d9-ddb5-4fa4-a97d-d965ccfc6d4b" outcome="Passed" testListId="8c84fa94-04c1-424b-9868-57a2d4851a1d" relativeResultsDirectory="82b5c822-9f5b-4d91-8e1e-3c2b8c328683" />
    <UnitTestResult executionId="f01f94c8-43a9-44bb-bf4e-70ba46e07caa" testId="4c00a9be-0a84-a9aa-f37d-0ed689cdb95d" testName="ArchLucid.Host.Composition.Tests.Jobs.ServiceBusIntegrationEventsArchLucidJobTests.RunOnceAsync_returns_configuration_error_when_topic_missing" computerName="runnervm3jyl0" duration="00:00:00.0007801" startTime="2026-05-30T14:18:08.1058869+00:00" endTime="2026-05-30T14:18:08.1058870+00:00" testType="13cdc9d9-ddb5-4fa4-a97d-d965ccfc6d4b" outcome="Passed" testListId="8c84fa94-04c1-424b-9868-57a2d4851a1d" relativeResultsDirectory="f01f94c8-43a9-44bb-bf4e-70ba46e07caa" />
    <UnitTestResult executionId="703d250f-58f1-4048-bc78-95f3581cec85" testId="f5b58c4c-cd4b-e0b9-d0e9-14887fd90a80" testName="ArchLucid.Host.Composition.Tests.Configuration.RedisHealthProbeConnectionResolverTests.TryResolve_returns_null_when_only_whitespace" computerName="runnervm3jyl0" duration="00:00:00.0014784" startTime="2026-05-30T14:18:07.9363194+00:00" endTime="2026-05-30T14:18:07.9363195+00:00" testType="13cdc9d9-ddb5-4fa4-a97d-d965ccfc6d4b" outcome="Passed" testListId="8c84fa94-04c1-424b-9868-57a2d4851a1d" relativeResultsDirectory="703d250f-58f1-4048-bc78-95f3581cec85" />
    <UnitTestResult executionId="ad5ea4c7-445b-48cf-99d0-abab05022c2a" testId="c2d9706e-f9a3-9a35-ee1e-5e42ccd9ad19" testName="ArchLucid.Host.Composition.Tests.DataConsistencyEnforcementWarnModeProductionPostConfigurerTests.PostConfigure_Alert_does_not_log" computerName="runnervm3jyl0" duration="00:00:00.0038645" startTime="2026-05-30T14:18:08.0910861+00:00" endTime="2026-05-30T14:18:08.0910861+00:00" testType="13cdc9d9-ddb5-4fa4-a97d-d965ccfc6d4b" outcome="Passed" testListId="8c84fa94-04c1-424b-9868-57a2d4851a1d" relativeResultsDirectory="ad5ea4c7-445b-48cf-99d0-abab05022c2a" />
    <UnitTestResult executionId="f7005efa-a640-49af-beff-f2cc905a1002" testId="6cbe802f-518b-a911-d7d2-7ec9e4866bea" testName="ArchLucid.Host.Composition.Tests.ServiceCollectionExtensionsCompositionResolveTests.AddArchLucidApplicationServices_archlucid_environment_production_throws_when_content_safety_credentials_missing" computerName="runnervm3jyl0" duration="00:00:00.0049675" startTime="2026-05-30T14:18:08.4592777+00:00" endTime="2026-05-30T14:18:08.4592777+00:00" testType="13cdc9d9-ddb5-4fa4-a97d-d965ccfc6d4b" outcome="Passed" testListId="8c84fa94-04c1-424b-9868-57a2d4851a1d" relativeResultsDirectory="f7005efa-a640-49af-beff-f2cc905a1002" />
    <UnitTestResult executionId="011e29a7-5f9e-4e5e-a7a2-9f054aea87f7" testId="de1f2f1e-2036-5978-8bdb-63ac98b0ec22" testName="ArchLucid.Host.Composition.Tests.DataConsistency.DataConsistencyEnforcementPolicyTests.UsesAlertCounters_only_for_Alert_or_Quarantine(mode: Off)" computerName="runnervm3jyl0" duration="00:00:00.0002841" startTime="2026-05-30T14:18:08.0679407+00:00" endTime="2026-05-30T14:18:08.0679407+00:00" testType="13cdc9d9-ddb5-4fa4-a97d-d965ccfc6d4b" outcome="Passed" testListId="8c84fa94-04c1-424b-9868-57a2d4851a1d" relativeResultsDirectory="011e29a7-5f9e-4e5e-a7a2-9f054aea87f7" />
    <UnitTestResult executionId="578318bf-b95e-4736-84ba-704ea3235daa" testId="f5451a05-d4d8-4de6-2dc5-fc6204d12dc7" testName="ArchLucid.Host.Composition.Tests.AuthSafetyGuardTests.GuardDevelopmentBypassInProduction_production_jwt_bearer_does_not_throw" computerName="runnervm3jyl0" duration="00:00:00.0006820" startTime="2026-05-30T14:18:08.0084810+00:00" endTime="2026-05-30T14:18:08.0084811+00:00" testType="13cdc9d9-ddb5-4fa4-a97d-d965ccfc6d4b" outcome="Passed" testListId="8c84fa94-04c1-424b-9868-57a2d4851a1d" relativeResultsDirectory="578318bf-b95e-4736-84ba-704ea3235daa" />
    <UnitTestResult executionId="994c3838-c7cf-4cb2-ac22-424e9dcbef56" testId="4d0e49b8-358d-1eaf-8ab1-b6259819dc23" testName="ArchLucid.Host.Composition.Tests.AuthorityOrchestratorAdapterParityTests.ExecuteAsync_legacy_and_dtf_wrappers_match_terminal_shape_and_audit_event_types" computerName="runnervm3jyl0" duration="00:00:00.7759604" startTime="2026-05-30T14:18:08.4668224+00:00" endTime="2026-05-30T14:18:08.4668224+00:00" testType="13cdc9d9-ddb5-4fa4-a97d-d965ccfc6d4b" outcome="Passed" testListId="8c84fa94-04c1-424b-9868-57a2d4851a1d" relativeResultsDirectory="994c3838-c7cf-4cb2-ac22-424e9dcbef56" />
    <UnitTestResult executionId="36766443-061d-464a-a36d-4b876216e2d0" testId="e89e7bb2-9dd6-4fe7-6b42-9c52ae3354ba" testName="ArchLucid.Host.Composition.Tests.Jobs.AdvisoryScanArchLucidJobTests.Name_is_canonical_advisory_scan_slug" computerName="runnervm3jyl0" duration="00:00:00.0010168" startTime="2026-05-30T14:18:08.1466658+00:00" endTime="2026-05-30T14:18:08.1466659+00:00" testType="13cdc9d9-ddb5-4fa4-a97d-d965ccfc6d4b" outcome="Passed" testListId="8c84fa94-04c1-424b-9868-57a2d4851a1d" relativeResultsDirectory="36766443-061d-464a-a36d-4b876216e2d0" />
    <UnitTestResult executionId="63a6e913-0132-48ca-8dd9-a0f7d19be7b1" testId="81165482-3ed9-9d5d-0138-63b1689db24c" testName="ArchLucid.Host.Composition.Tests.Services.Auth.RoleSyncServiceTests.TryDirectoryObjectKey_falls_back_to_objectidentifier_when_oid_absent" computerName="runnervm3jyl0" duration="00:00:00.0023021" startTime="2026-05-30T14:18:08.1598778+00:00" endTime="2026-05-30T14:18:08.1598779+00:00" testType="13cdc9d9-ddb5-4fa4-a97d-d965ccfc6d4b" outcome="Passed" testListId="8c84fa94-04c1-424b-9868-57a2d4851a1d" relativeResultsDirectory="63a6e913-0132-48ca-8dd9-a0f7d19be7b1" />
    <UnitTestResult executionId="b98f0dbb-74d1-40e2-95cb-60ed1436f991" testId="739264ec-7062-228d-c2be-e088fc2a8a0c" testName="ArchLucid.Host.Composition.Tests.Services.Http.AzureRetailPricesHttpResiliencePolicyTests.Retail_prices_client_logs_retry_after_on_429" computerName="runnervm3jyl0" duration="00:00:00.0070076" startTime="2026-05-30T14:18:08.0954004+00:00" endTime="2026-05-30T14:18:08.0954005+00:00" testType="13cdc9d9-ddb5-4fa4-a97d-d965ccfc6d4b" outcome="Passed" testListId="8c84fa94-04c1-424b-9868-57a2d4851a1d" relativeResultsDirectory="b98f0dbb-74d1-40e2-95cb-60ed1436f991" />
    <UnitTestResult executionId="08cebe8e-edb5-48af-8883-6fc09daf5648" testId="d5f67c8e-e7a3-3a53-6fed-38dc8cf3649c" testName="ArchLucid.Host.Composition.Tests.Jobs.TrialEmailScanArchLucidJobTests.RunOnceAsync_returns_success_when_logic_app_owner_skips_scan" computerName="runnervm3jyl0" duration="00:00:00.0215238" startTime="2026-05-30T14:18:08.1120546+00:00" endTime="2026-05-30T14:18:08.1120547+00:00" testType="13cdc9d9-ddb5-4fa4-a97d-d965ccfc6d4b" outcome="Passed" testListId="8c84fa94-04c1-424b-9868-57a2d4851a1d" relativeResultsDirectory="08cebe8e-edb5-48af-8883-6fc09daf5648" />
    <UnitTestResult executionId="e2be092a-a0ee-4aa1-aed5-f1eb23f76c76" testId="4c0c9f23-531e-ed21-cc8c-27001490c37f" testName="ArchLucid.Host.Composition.Tests.Jobs.ServiceBusIntegrationEventsArchLucidJobTests.Name_is_canonical_service_bus_integration_events_slug" computerName="runnervm3jyl0" duration="00:00:00.0003132" startTime="2026-05-30T14:18:08.1063832+00:00" endTime="2026-05-30T14:18:08.1063832+00:00" testType="13cdc9d9-ddb5-4fa4-a97d-d965ccfc6d4b" outcome="Passed" testListId="8c84fa94-04c1-424b-9868-57a2d4851a1d" relativeResultsDirectory="e2be092a-a0ee-4aa1-aed5-f1eb23f76c76" />
    <UnitTestResult executionId="c34f5dc3-2f8c-4f97-abd1-7c7076bc4759" testId="83296bf0-e7ab-8b6d-c206-62d83ff3aa96" testName="ArchLucid.Host.Composition.Tests.StartupConfigWarningsInstrumentationTests.RetrievalTelemetry_PostConfigure_when_per_tenant_tags_exceed_estimate_on_production_like_increments_metric" computerName="runnervm3jyl0" duration="00:00:00.0024736" startTime="2026-05-30T14:18:08.4931921+00:00" endTime="2026-05-30T14:18:08.4931921+00:00" testType="13cdc9d9-ddb5-4fa4-a97d-d965ccfc6d4b" outcome="Passed" testListId="8c84fa94-04c1-424b-9868-57a2d4851a1d" relativeResultsDirectory="c34f5dc3-2f8c-4f97-abd1-7c7076bc4759" />
    <UnitTestResult executionId="3765ad73-2214-480f-8ede-d6ee65756e34" testId="d8f1db9a-a251-3f4e-9fd8-550cf409e5fe" testName="ArchLucid.Host.Composition.Tests.Services.Http.AzureRmAndRetailPricesHttpRetryPolicyTests.Named_azure_public_client_retries_after_two_503_then_200_and_logs_each_retry_attempt(namedClient: &quot;ArchLucid.AzureRetailPrices&quot;)" computerName="runnervm3jyl0" duration="00:00:00.0015517" startTime="2026-05-30T14:18:08.2195054+00:00" endTime="2026-05-30T14:18:08.2195055+00:00" testType="13cdc9d9-ddb5-4fa4-a97d-d965ccfc6d4b" outcome="Passed" testListId="8c84fa94-04c1-424b-9868-57a2d4851a1d" relativeResultsDirectory="3765ad73-2214-480f-8ede-d6ee65756e34" />
    <UnitTestResult executionId="bee54a6d-c19f-4e47-9c4b-634f144fbbbd" testId="89fc06c8-233e-9536-1b4a-f769c28b12d7" testName="ArchLucid.Host.Composition.Tests.BillingProductionSafetyRulesTests.CollectAzureMarketplaceGaRequiresOfferId_when_ga_true_and_empty_offer_adds_error" computerName="runnervm3jyl0" duration="00:00:00.0020695" startTime="2026-05-30T14:18:08.1958810+00:00" endTime="2026-05-30T14:18:08.1958811+00:00" testType="13cdc9d9-ddb5-4fa4-a97d-d965ccfc6d4b" outcome="Passed" testListId="8c84fa94-04c1-424b-9868-57a2d4851a1d" relativeResultsDirectory="bee54a6d-c19f-4e47-9c4b-634f144fbbbd" />
    <UnitTestResult executionId="54214c20-be75-46f9-b8c1-ee7361bfa047" testId="a7077936-a748-f441-5107-4dbb4c3c0192" testName="ArchLucid.Host.Composition.Tests.Jobs.TrialLifecycleArchLucidJobTests.Name_is_canonical_trial_lifecycle_slug" computerName="runnervm3jyl0" duration="00:00:00.0120978" startTime="2026-05-30T14:18:08.0964358+00:00" endTime="2026-05-30T14:18:08.0964358+00:00" testType="13cdc9d9-ddb5-4fa4-a97d-d965ccfc6d4b" outcome="Passed" testListId="8c84fa94-04c1-424b-9868-57a2d4851a1d" relativeResultsDirectory="54214c20-be75-46f9-b8c1-ee7361bfa047" />
    <UnitTestResult executionId="ff3ca923-6162-41fb-ba6c-294682e6cfa3" testId="304a86af-66fa-7632-a4bb-e473df8c0b01" testName="ArchLucid.Host.Composition.Tests.BillingProductionSafetyRulesTests.CollectAzureMarketplaceWebhookUrl_when_ngrok_host_adds_error" computerName="runnervm3jyl0" duration="00:00:00.0041021" startTime="2026-05-30T14:18:08.1783247+00:00" endTime="2026-05-30T14:18:08.1783248+00:00" testType="13cdc9d9-ddb5-4fa4-a97d-d965ccfc6d4b" outcome="Passed" testListId="8c84fa94-04c1-424b-9868-57a2d4851a1d" relativeResultsDirectory="ff3ca923-6162-41fb-ba6c-294682e6cfa3" />
    <UnitTestResult executionId="b4a38cfd-0406-462a-b6a6-087a02154261" testId="d95adbf2-9584-5158-b2d6-881a3c8d2cd3" testName="ArchLucid.Host.Composition.Tests.BillingProductionSafetyRulesTests.LogCriticalForMatchingErrors_logs_only_billing_prefixed_messages" computerName="runnervm3jyl0" duration="00:00:00.0016675" startTime="2026-05-30T14:18:08.1925411+00:00" endTime="2026-05-30T14:18:08.1925411+00:00" testType="13cdc9d9-ddb5-4fa4-a97d-d965ccfc6d4b" outcome="Passed" testListId="8c84fa94-04c1-424b-9868-57a2d4851a1d" relativeResultsDirectory="b4a38cfd-0406-462a-b6a6-087a02154261" />
    <UnitTestResult executionId="0a260ee3-dc3c-4138-bf4a-bb005b0dc218" testId="84e4f0b1-d3f6-5c4e-570b-97ebff07e0af" testName="ArchLucid.Host.Composition.Tests.DataConsistency.DataConsistencyEnforcementPolicyTests.ShouldAttemptOrphanRowQuarantine_matches_host_behavior(mode: Warn, autoQuarantine: False, orphanCount: 5, expected: False)" computerName="runnervm3jyl0" duration="00:00:00.0000018" startTime="2026-05-30T14:18:08.0784442+00:00" endTime="2026-05-30T14:18:08.0784443+00:00" testType="13cdc9d9-ddb5-4fa4-a97d-d965ccfc6d4b" outcome="Passed" testListId="8c84fa94-04c1-424b-9868-57a2d4851a1d" relativeResultsDirectory="0a260ee3-dc3c-4138-bf4a-bb005b0dc218" />
    <UnitTestResult executionId="caa589c4-8cd6-452f-94ae-f945049fcfb7" testId="70c9e478-26e9-e12b-4f3e-ac9e324a0c26" testName="ArchLucid.Host.Composition.Tests.DataConsistency.DataConsistencyEnforcementPolicyTests.ShouldAttemptFindingsSnapshotQuarantine_delegates_to_orphan_row_quarantine" computerName="runnervm3jyl0" duration="00:00:00.0012323" startTime="2026-05-30T14:18:08.0668691+00:00" endTime="2026-05-30T14:18:08.0668692+00:00" testType="13cdc9d9-ddb5-4fa4-a97d-d965ccfc6d4b" outcome="Passed" testListId="8c84fa94-04c1-424b-9868-57a2d4851a1d" relativeResultsDirectory="caa589c4-8cd6-452f-94ae-f945049fcfb7" />
    <UnitTestResult executionId="87b4427c-b8f7-4c39-a72c-ce61c07850bc" testId="db30dd45-1407-e97d-7f7c-ea7893ff6273" testName="ArchLucid.Host.Composition.Tests.Services.Auth.RoleSyncServiceTests.TryDirectoryObjectKey_prefers_short_oid_over_long_objectidentifier" computerName="runnervm3jyl0" duration="00:00:00.0001869" startTime="2026-05-30T14:18:08.1604637+00:00" endTime="2026-05-30T14:18:08.1604638+00:00" testType="13cdc9d9-ddb5-4fa4-a97d-d965ccfc6d4b" outcome="Passed" testListId="8c84fa94-04c1-424b-9868-57a2d4851a1d" relativeResultsDirectory="87b4427c-b8f7-4c39-a72c-ce61c07850bc" />
    <UnitTestResult executionId="4667a5fb-6e1e-4864-962c-d82cc6fa1aa0" testId="2950fae7-4f44-50de-9c88-56306b73f93b" testName="ArchLucid.Host.Composition.Tests.ContainerJobsOffloadRegistrationTests.AddArchLucidApplicationServices_Worker_registers_TenantHealthScoringHostedService" computerName="runnervm3jyl0" duration="00:00:00.0055295" startTime="2026-05-30T14:18:08.0944076+00:00" endTime="2026-05-30T14:18:08.0944076+00:00" testType="13cdc9d9-ddb5-4fa4-a97d-d965ccfc6d4b" outcome="Passed" testListId="8c84fa94-04c1-424b-9868-57a2d4851a1d" relativeResultsDirectory="4667a5fb-6e1e-4864-962c-d82cc6fa1aa0" />
    <UnitTestResult executionId="41544ee2-fa06-49be-b6c1-3dfa750e94a7" testId="41e4f5de-72f8-ffba-43c2-e053c8758dde" testName="ArchLucid.Host.Composition.Tests.Jobs.ExecDigestWeeklyArchLucidJobTests.RunOnceAsync_returns_success_when_no_enabled_tenants" computerName="runnervm3jyl0" duration="00:00:00.0330620" startTime="2026-05-30T14:18:07.9503528+00:00" endTime="2026-05-30T14:18:07.9503528+00:00" testType="13cdc9d9-ddb5-4fa4-a97d-d965ccfc6d4b" outcome="Passed" testListId="8c84fa94-04c1-424b-9868-57a2d4851a1d" relativeResultsDirectory="41544ee2-fa06-49be-b6c1-3dfa750e94a7" />
    <UnitTestResult executionId="e3045bc0-6b09-46cd-aff4-cdfda5e803fb" testId="fd882f4a-14d5-9114-d2fc-696cc87045c4" testName="ArchLucid.Host.Composition.Tests.Demo.DemoSeedRunResolverTests.ResolveLatestCommittedDemoRunAsync_returns_canonical_baseline_when_committed" computerName="runnervm3jyl0" duration="00:00:00.0078244" startTime="2026-05-30T14:18:07.8288653+00:00" endTime="2026-05-30T14:18:07.8288654+00:00" testType="13cdc9d9-ddb5-4fa4-a97d-d965ccfc6d4b" outcome="Passed" testListId="8c84fa94-04c1-424b-9868-57a2d4851a1d" relativeResultsDirectory="e3045bc0-6b09-46cd-aff4-cdfda5e803fb" />
    <UnitTestResult executionId="2c9807d4-0bda-43f3-9f3a-30e3f4bd70c0" testId="ac864ada-4f31-3fda-d644-657efc0ab63e" testName="ArchLucid.Host.Composition.Tests.AuthSafetyGuardTests.GuardDevelopmentBypassInProduction_archlucid_environment_production_and_dev_bypass_throws" computerName="runnervm3jyl0" duration="00:00:00.0006690" startTime="2026-05-30T14:18:08.0168691+00:00" endTime="2026-05-30T14:18:08.0168692+00:00" testType="13cdc9d9-ddb5-4fa4-a97d-d965ccfc6d4b" outcome="Passed" testListId="8c84fa94-04c1-424b-9868-57a2d4851a1d" relativeResultsDirectory="2c9807d4-0bda-43f3-9f3a-30e3f4bd70c0" />
    <UnitTestResult executionId="a5cf6e28-f5ed-41ef-bd15-2a214796afc5" testId="b6122937-cd11-8d02-ffbc-649117ef676b" testName="ArchLucid.Host.Composition.Tests.DataConsistencyEnforcementWarnModeProductionPostConfigurerTests.PostConfigure_Warn_on_staging_appends_startup_warning_when_enabled_at_warning_level" computerName="runnervm3jyl0" duration="00:00:00.0012868" startTime="2026-05-30T14:18:08.0921184+00:00" endTime="2026-05-30T14:18:08.0921184+00:00" testType="13cdc9d9-ddb5-4fa4-a97d-d965ccfc6d4b" outcome="Passed" testListId="8c84fa94-04c1-424b-9868-57a2d4851a1d" relativeResultsDirectory="a5cf6e28-f5ed-41ef-bd15-2a214796afc5" />
    <UnitTestResult executionId="77f1dcab-f1cd-4721-a07e-49903988e673" testId="d58af079-0152-d31e-2041-35b0f8f66cbc" testName="ArchLucid.Host.Composition.Tests.Jobs.ServiceBusIntegrationEventsArchLucidJobTests.RunOnceAsync_returns_configuration_error_when_subscription_missing" computerName="runnervm3jyl0" duration="00:00:00.0007201" startTime="2026-05-30T14:18:08.1068969+00:00" endTime="2026-05-30T14:18:08.1068970+00:00" testType="13cdc9d9-ddb5-4fa4-a97d-d965ccfc6d4b" outcome="Passed" testListId="8c84fa94-04c1-424b-9868-57a2d4851a1d" relativeResultsDirectory="77f1dcab-f1cd-4721-a07e-49903988e673" />
    <UnitTestResult executionId="bec2d4f1-c8e9-4218-bd96-c041110bedb6" testId="29daa1a0-14dd-a799-6845-c45ac88d2901" testName="ArchLucid.Host.Composition.Tests.Jobs.TrialEmailScanArchLucidJobTests.RunOnceAsync_returns_job_failure_when_scanner_throws" computerName="runnervm3jyl0" duration="00:00:00.0038717" startTime="2026-05-30T14:18:08.1244261+00:00" endTime="2026-05-30T14:18:08.1244262+00:00" testType="13cdc9d9-ddb5-4fa4-a97d-d965ccfc6d4b" outcome="Passed" testListId="8c84fa94-04c1-424b-9868-57a2d4851a1d" relativeResultsDirectory="bec2d4f1-c8e9-4218-bd96-c041110bedb6" />
    <UnitTestResult executionId="8037f857-8980-4583-9e41-54b47a8719f0" testId="519876bd-3fc8-123d-aced-341f48758290" testName="ArchLucid.Host.Composition.Tests.DataConsistency.DataConsistencyEnforcementPolicyTests.ShouldAttemptOrphanRowQuarantine_matches_host_behavior(mode: Quarantine, autoQuarantine: True, orphanCount: 5, expected: True)" computerName="runnervm3jyl0" duration="00:00:00.0000072" startTime="2026-05-30T14:18:08.0738545+00:00" endTime="2026-05-30T14:18:08.0738545+00:00" testType="13cdc9d9-ddb5-4fa4-a97d-d965ccfc6d4b" outcome="Passed" testListId="8c84fa94-04c1-424b-9868-57a2d4851a1d" relativeResultsDirectory="8037f857-8980-4583-9e41-54b47a8719f0" />
    <UnitTestResult executionId="3e2694f2-3da9-4cfb-afcc-f15cffd58c87" testId="64c1358b-f8fb-5819-f166-4b6e45fdd4c9" testName="ArchLucid.Host.Composition.Tests.DataConsistency.DataConsistencyEnforcementPolicyTests.ShouldEvaluateEnforcement_skips_when_off(mode: Alert, expected: True)" computerName="runnervm3jyl0" duration="00:00:00.0002110" startTime="2026-05-30T14:18:08.0882125+00:00" endTime="2026-05-30T14:18:08.0882126+00:00" testType="13cdc9d9-ddb5-4fa4-a97d-d965ccfc6d4b" outcome="Passed" testListId="8c84fa94-04c1-424b-9868-57a2d4851a1d" relativeResultsDirectory="3e2694f2-3da9-4cfb-afcc-f15cffd58c87" />
    <UnitTestResult executionId="cb511528-7b79-4eda-85a3-f6d9007427d6" testId="8cdc2597-6c1a-9557-90bd-c2f0d139cd73" testName="ArchLucid.Host.Composition.Tests.DataConsistency.DataConsistencyEnforcementPolicyTests.UsesAlertCounters_only_for_Alert_or_Quarantine(mode: Quarantine)" computerName="runnervm3jyl0" duration="00:00:00.0000035" startTime="2026-05-30T14:18:08.0689353+00:00" endTime="2026-05-30T14:18:08.0689354+00:00" testType="13cdc9d9-ddb5-4fa4-a97d-d965ccfc6d4b" outcome="Passed" testListId="8c84fa94-04c1-424b-9868-57a2d4851a1d" relativeResultsDirectory="cb511528-7b79-4eda-85a3-f6d9007427d6" />
    <UnitTestResult executionId="1ac4954e-95fe-42cb-8ecd-b01d55395401" testId="55ac2d4a-c1c0-cd09-25ae-feb4bbe95a26" testName="ArchLucid.Host.Composition.Tests.BillingProductionSafetyRulesTests.IsBillingSafetyError_when_not_prefixed_returns_false" computerName="runnervm3jyl0" duration="00:00:00.0001861" startTime="2026-05-30T14:18:08.1911100+00:00" endTime="2026-05-30T14:18:08.1911101+00:00" testType="13cdc9d9-ddb5-4fa4-a97d-d965ccfc6d4b" outcome="Passed" testListId="8c84fa94-04c1-424b-9868-57a2d4851a1d" relativeResultsDirectory="1ac4954e-95fe-42cb-8ecd-b01d55395401" />
    <UnitTestResult executionId="829703bd-aba3-49cd-8803-6fbbcd8326d3" testId="97b5b860-3b5e-8c41-1440-a5737167cc1c" testName="ArchLucid.Host.Composition.Tests.ServiceCollectionExtensionsCompositionResolveTests.AddArchLucidApplicationServices_production_host_throws_when_content_safety_credentials_missing" computerName="runnervm3jyl0" duration="00:00:00.0052569" startTime="2026-05-30T14:18:08.3980250+00:00" endTime="2026-05-30T14:18:08.3980250+00:00" testType="13cdc9d9-ddb5-4fa4-a97d-d965ccfc6d4b" outcome="Passed" testListId="8c84fa94-04c1-424b-9868-57a2d4851a1d" relativeResultsDirectory="829703bd-aba3-49cd-8803-6fbbcd8326d3" />
    <UnitTestResult executionId="19daafa7-eae7-4737-b8ed-d1e2a377dc33" testId="c572ee0a-0a72-77f0-6c20-1b32754a6c4d" testName="ArchLucid.Host.Composition.Tests.ServiceCollectionExtensionsCompositionResolveTests.AddArchLucidApplicationServices_production_host_sets_FailClosedOnSdkError_for_content_safety_options" computerName="runnervm3jyl0" duration="00:00:00.0049526" startTime="2026-05-30T14:18:08.2625238+00:00" endTime="2026-05-30T14:18:08.2625238+00:00" testType="13cdc9d9-ddb5-4fa4-a97d-d965ccfc6d4b" outcome="Passed" testListId="8c84fa94-04c1-424b-9868-57a2d4851a1d" relativeResultsDirectory="19daafa7-eae7-4737-b8ed-d1e2a377dc33" />
    <UnitTestResult executionId="fb08066f-177e-43a7-8d1f-86b2b8e00319" testId="39db424c-db83-3d41-a7f7-3c79c24db644" testName="ArchLucid.Host.Composition.Tests.ArchLucidJobsOffloadTests.IsOffloaded_returns_true_when_slug_listed_under_indexed_keys" computerName="runnervm3jyl0" duration="00:00:00.0007733" startTime="2026-05-30T14:18:08.0505144+00:00" endTime="2026-05-30T14:18:08.0505144+00:00" testType="13cdc9d9-ddb5-4fa4-a97d-d965ccfc6d4b" outcome="Passed" testListId="8c84fa94-04c1-424b-9868-57a2d4851a1d" relativeResultsDirectory="fb08066f-177e-43a7-8d1f-86b2b8e00319" />
    <UnitTestResult executionId="25526da7-febf-46c7-9781-7c2e88080e71" testId="4344f2cd-3a70-e615-7da2-a4d1cd307f91" testName="ArchLucid.Host.Composition.Tests.Jobs.WeeklyArchitectureDigestArchLucidJobTests.Name_is_canonical_weekly_architecture_digest_slug" computerName="runnervm3jyl0" duration="00:00:00.0005557" startTime="2026-05-30T14:18:07.9722353+00:00" endTime="2026-05-30T14:18:07.9722353+00:00" testType="13cdc9d9-ddb5-4fa4-a97d-d965ccfc6d4b" outcome="Passed" testListId="8c84fa94-04c1-424b-9868-57a2d4851a1d" relativeResultsDirectory="25526da7-febf-46c7-9781-7c2e88080e71" />
    <UnitTestResult executionId="c83aebf6-dbab-4701-aae0-9e9df50bca65" testId="11d9d5f6-3dc0-f97f-ea4c-01cf54f64f4f" testName="ArchLucid.Host.Composition.Tests.StorageProviderRegistrationParityTests.AddArchLucidStorage_InMemory_and_Sql_register_same_service_types_except_allowlisted" computerName="runnervm3jyl0" duration="00:00:00.0070823" startTime="2026-05-30T14:18:07.9846131+00:00" endTime="2026-05-30T14:18:07.9846132+00:00" testType="13cdc9d9-ddb5-4fa4-a97d-d965ccfc6d4b" outcome="Passed" testListId="8c84fa94-04c1-424b-9868-57a2d4851a1d" relativeResultsDirectory="c83aebf6-dbab-4701-aae0-9e9df50bca65" />
    <UnitTestResult executionId="86e82be5-be13-4b0c-9b0f-78f209ac7a39" testId="395c42e0-becb-cf4f-2100-0566abf376e5" testName="ArchLucid.Host.Composition.Tests.DataConsistency.DataConsistencyEnforcementPolicyTests.NormalizeAlertThreshold_never_below_one(configured: 0, expected: 1)" computerName="runnervm3jyl0" duration="00:00:00.0002659" startTime="2026-05-30T14:18:08.0867011+00:00" endTime="2026-05-30T14:18:08.0867012+00:00" testType="13cdc9d9-ddb5-4fa4-a97d-d965ccfc6d4b" outcome="Passed" testListId="8c84fa94-04c1-424b-9868-57a2d4851a1d" relativeResultsDirectory="86e82be5-be13-4b0c-9b0f-78f209ac7a39" />
    <UnitTestResult executionId="db4a50f3-d364-4e5b-ba22-8051b5a18b86" testId="a7af0025-27db-dadf-8e58-0616b9d7a72c" testName="ArchLucid.Host.Composition.Tests.DataConsistency.DataConsistencyEnforcementPolicyTests.NormalizeAlertThreshold_never_below_one(configured: 42, expected: 42)" computerName="runnervm3jyl0" duration="00:00:00.0001611" startTime="2026-05-30T14:18:08.0862108+00:00" endTime="2026-05-30T14:18:08.0862109+00:00" testType="13cdc9d9-ddb5-4fa4-a97d-d965ccfc6d4b" outcome="Passed" testListId="8c84fa94-04c1-424b-9868-57a2d4851a1d" relativeResultsDirectory="db4a50f3-d364-4e5b-ba22-8051b5a18b86" />
    <UnitTestResult executionId="becfb292-f8bf-4836-9851-9c2a3aeae1b1" testId="b77c4ef4-27d8-f434-312f-3ee895c701e9" testName="ArchLucid.Host.Composition.Tests.AuthSafetyGuardTests.GuardAllDevelopmentBypasses_archlucid_environment_staging_and_development_bypass_all_does_not_throw" computerName="runnervm3jyl0" duration="00:00:00.0020141" startTime="2026-05-30T14:18:08.0001756+00:00" endTime="2026-05-30T14:18:08.0001757+00:00" testType="13cdc9d9-ddb5-4fa4-a97d-d965ccfc6d4b" outcome="Passed" testListId="8c84fa94-04c1-424b-9868-57a2d4851a1d" relativeResultsDirectory="becfb292-f8bf-4836-9851-9c2a3aeae1b1" />
    <UnitTestResult executionId="783ff170-43df-4dde-8d09-b3fb520e2283" testId="e7750834-89ce-3f3a-b02c-e65d95385e6e" testName="ArchLucid.Host.Composition.Tests.DataConsistency.DataConsistencyEnforcementPolicyTests.NormalizeAlertThreshold_never_below_one(configured: -1, expected: 1)" computerName="runnervm3jyl0" duration="00:00:00.0000106" startTime="2026-05-30T14:18:08.0872231+00:00" endTime="2026-05-30T14:18:08.0872231+00:00" testType="13cdc9d9-ddb5-4fa4-a97d-d965ccfc6d4b" outcome="Passed" testListId="8c84fa94-04c1-424b-9868-57a2d4851a1d" relativeResultsDirectory="783ff170-43df-4dde-8d09-b3fb520e2283" />
    <UnitTestResult executionId="f09fc3f6-8859-4c46-a7d6-c8d3422b1b60" testId="76b03b47-de82-f644-3260-be57b7401e7c" testName="ArchLucid.Host.Composition.Tests.DataConsistency.DataConsistencyCounterInstrumentationContractTests.DataConsistencyAlerts_add_records_one_increment_per_slice" computerName="runnervm3jyl0" duration="00:00:00.0021557" startTime="2026-05-30T14:18:08.1312248+00:00" endTime="2026-05-30T14:18:08.1312248+00:00" testType="13cdc9d9-ddb5-4fa4-a97d-d965ccfc6d4b" outcome="Passed" testListId="8c84fa94-04c1-424b-9868-57a2d4851a1d" relativeResultsDirectory="f09fc3f6-8859-4c46-a7d6-c8d3422b1b60" />
    <UnitTestResult executionId="adf7c010-803d-4418-98c2-e23a465a7bff" testId="197ca62c-a657-8288-b46d-a2968ea6d9d9" testName="ArchLucid.Host.Composition.Tests.ServiceCollectionExtensionsCompositionResolveTests.AddArchLucidApplicationServices_resolves_ai_batch_b_services" computerName="runnervm3jyl0" duration="00:00:00.0057452" startTime="2026-05-30T14:18:08.4651181+00:00" endTime="2026-05-30T14:18:08.4651182+00:00" testType="13cdc9d9-ddb5-4fa4-a97d-d965ccfc6d4b" outcome="Passed" testListId="8c84fa94-04c1-424b-9868-57a2d4851a1d" relativeResultsDirectory="adf7c010-803d-4418-98c2-e23a465a7bff" />
    <UnitTestResult executionId="55d9b19d-4887-463b-8031-66cdc3780de6" testId="c1beeac9-ba2a-6fdb-4a34-cec2db9d1fe8" testName="ArchLucid.Host.Composition.Tests.StartupConfigWarningsInstrumentationTests.LlmCostEstimation_PostConfigure_when_global_rate_non_positive_increments_metric" computerName="runnervm3jyl0" duration="00:00:00.0027394" startTime="2026-05-30T14:18:08.4906492+00:00" endTime="2026-05-30T14:18:08.4906492+00:00" testType="13cdc9d9-ddb5-4fa4-a97d-d965ccfc6d4b" outcome="Passed" testListId="8c84fa94-04c1-424b-9868-57a2d4851a1d" relativeResultsDirectory="55d9b19d-4887-463b-8031-66cdc3780de6" />
    <UnitTestResult executionId="fdba8c55-6e27-42ae-a5ef-e6525ccbd830" testId="f23ad71d-450b-0c9b-abd3-482784bd8b88" testName="ArchLucid.Host.Composition.Tests.RealModeDeploymentFingerprintRulesTests.Collect_when_production_simulator_mode_skips_fingerprint" computerName="runnervm3jyl0" duration="00:00:00.0002960" startTime="2026-05-30T14:18:08.0627317+00:00" endTime="2026-05-30T14:18:08.0627318+00:00" testType="13cdc9d9-ddb5-4fa4-a97d-d965ccfc6d4b" outcome="Passed" testListId="8c84fa94-04c1-424b-9868-57a2d4851a1d" relativeResultsDirectory="fdba8c55-6e27-42ae-a5ef-e6525ccbd830" />
    <UnitTestResult executionId="e943983f-2b10-4375-9788-323eec48461b" testId="2be6a909-34b3-0622-970d-3fc0f7e3124b" testName="ArchLucid.Host.Composition.Tests.DataConsistency.DataConsistencyEnforcementPolicyTests.ShouldAttemptOrphanRowQuarantine_matches_host_behavior(mode: Alert, autoQuarantine: False, orphanCount: 5, expected: False)" computerName="runnervm3jyl0" duration="00:00:00.0000019" startTime="2026-05-30T14:18:08.0794559+00:00" endTime="2026-05-30T14:18:08.0794560+00:00" testType="13cdc9d9-ddb5-4fa4-a97d-d965ccfc6d4b" outcome="Passed" testListId="8c84fa94-04c1-424b-9868-57a2d4851a1d" relativeResultsDirectory="e943983f-2b10-4375-9788-323eec48461b" />
    <UnitTestResult executionId="fa820600-b138-42eb-9b7f-f7afd5b84a79" testId="5111e840-b74e-d1af-daec-6f3afeed9b37" testName="ArchLucid.Host.Composition.Tests.ServiceCollectionExtensionsCompositionResolveTests.AddArchLucidApplicationServices_resolves_NullContentSafetyGuard_when_safety_disabled_by_default" computerName="runnervm3jyl0" duration="00:00:00.0189970" startTime="2026-05-30T14:18:08.2887100+00:00" endTime="2026-05-30T14:18:08.2887101+00:00" testType="13cdc9d9-ddb5-4fa4-a97d-d965ccfc6d4b" outcome="Passed" testListId="8c84fa94-04c1-424b-9868-57a2d4851a1d" relativeResultsDirectory="fa820600-b138-42eb-9b7f-f7afd5b84a79" />
    <UnitTestResult executionId="48d40886-2839-4638-8436-810aa5cecc6e" testId="7621c548-0dd2-9dcd-6e25-f42f6e43100e" testName="ArchLucid.Host.Composition.Tests.Jobs.FirstTenantFunnelArchivalArchLucidJobTests.Name_is_canonical_first_tenant_funnel_archival_slug" computerName="runnervm3jyl0" duration="00:00:00.0077371" startTime="2026-05-30T14:18:07.9374363+00:00" endTime="2026-05-30T14:18:07.9374363+00:00" testType="13cdc9d9-ddb5-4fa4-a97d-d965ccfc6d4b" outcome="Passed" testListId="8c84fa94-04c1-424b-9868-57a2d4851a1d" relativeResultsDirectory="48d40886-2839-4638-8436-810aa5cecc6e" />
    <UnitTestResult executionId="a8fa84a1-099e-4216-9844-94e9618bb10c" testId="aae48c7f-f9cc-7d71-fff0-49b1b190df4d" testName="ArchLucid.Host.Composition.Tests.AuthSafetyGuardTests.GuardAllDevelopmentBypasses_development_environment_and_development_bypass_all_true_does_not_throw" computerName="runnervm3jyl0" duration="00:00:00.0006084" startTime="2026-05-30T14:18:08.0424149+00:00" endTime="2026-05-30T14:18:08.0424149+00:00" testType="13cdc9d9-ddb5-4fa4-a97d-d965ccfc6d4b" outcome="Passed" testListId="8c84fa94-04c1-424b-9868-57a2d4851a1d" relativeResultsDirectory="a8fa84a1-099e-4216-9844-94e9618bb10c" />
    <UnitTestResult executionId="fac83a31-886f-43d8-b79e-c7f11259c4b1" testId="2c1ee007-72e4-c9c6-256d-411c2636454d" testName="ArchLucid.Host.Composition.Tests.StartupConfigWarningsInstrumentationTests.AgentResult_SchemaValidation_PostConfigure_when_enforce_off_on_production_like_increments_metric" computerName="runnervm3jyl0" duration="00:00:00.0024486" startTime="2026-05-30T14:18:08.4842098+00:00" endTime="2026-05-30T14:18:08.4842098+00:00" testType="13cdc9d9-ddb5-4fa4-a97d-d965ccfc6d4b" outcome="Passed" testListId="8c84fa94-04c1-424b-9868-57a2d4851a1d" relativeResultsDirectory="fac83a31-886f-43d8-b79e-c7f11259c4b1" />
    <UnitTestResult executionId="e68a9fa6-ffee-4424-8fc7-f572320ac732" testId="951e6d0f-02b4-937a-6021-dd5ef9557e6f" testName="ArchLucid.Host.Composition.Tests.ServiceCollectionExtensionsCompositionResolveTests.AddArchLucidApplicationServices_RealAzure_resolves_scoped_IAgentCompletionClient" computerName="runnervm3jyl0" duration="00:00:00.0468868" startTime="2026-05-30T14:18:08.2574605+00:00" endTime="2026-05-30T14:18:08.2574605+00:00" testType="13cdc9d9-ddb5-4fa4-a97d-d965ccfc6d4b" outcome="Passed" testListId="8c84fa94-04c1-424b-9868-57a2d4851a1d" relativeResultsDirectory="e68a9fa6-ffee-4424-8fc7-f572320ac732" />
[...]
    <TestEntry testId="3a21fad4-7c69-1822-b789-bfef117603df" executionId="4d0f2b9d-2602-4f44-ab18-101161b7f31d" testListId="8c84fa94-04c1-424b-9868-57a2d4851a1d" />
    <TestEntry testId="63abdb10-c22e-624c-585c-b82258c573fb" executionId="4f690d3b-e468-44cf-b2d4-12b7a82b774c" testListId="8c84fa94-04c1-424b-9868-57a2d4851a1d" />
    <TestEntry testId="7592e1ec-3835-1573-ee98-1908fbe22012" executionId="15fb89bd-a733-473b-a4fc-14a8f9134557" testListId="8c84fa94-04c1-424b-9868-57a2d4851a1d" />
    <TestEntry testId="0f16495c-b665-7282-7203-4fbd4c70a304" executionId="4c23ea34-6f8d-48e9-ab9a-f2ad6f5d5c51" testListId="8c84fa94-04c1-424b-9868-57a2d4851a1d" />
    <TestEntry testId="5ccd7d2c-a648-c7e0-7c5a-1dad11d761a0" executionId="51731544-6832-4553-8c3e-a3a073fb7acd" testListId="8c84fa94-04c1-424b-9868-57a2d4851a1d" />
    <TestEntry testId="ee387524-dff3-2692-2553-e1fd8102db00" executionId="018a4fd7-433a-482b-8bf6-f09b91e1bf6c" testListId="8c84fa94-04c1-424b-9868-57a2d4851a1d" />
    <TestEntry testId="b1c5fd34-a76c-fa90-4b03-5a5caf078fd9" executionId="9e4c2def-ea85-4109-ad28-37f66f37c575" testListId="8c84fa94-04c1-424b-9868-57a2d4851a1d" />
    <TestEntry testId="8c5ed460-64ad-cb30-9b48-261ad319e691" executionId="4ef00009-92bd-425d-ab17-9e9c4b00ebea" testListId="8c84fa94-04c1-424b-9868-57a2d4851a1d" />
    <TestEntry testId="57cfe1c4-a66e-c7da-cb08-99580c1b5076" executionId="3f96a39f-0d36-4840-99e6-625a6841d284" testListId="8c84fa94-04c1-424b-9868-57a2d4851a1d" />
    <TestEntry testId="2e48b270-983b-3783-f980-77a6348a11a7" executionId="bdafd597-3f13-44a7-a8c1-70bba4a25779" testListId="8c84fa94-04c1-424b-9868-57a2d4851a1d" />
    <TestEntry testId="f66f754c-759f-1bdc-d091-f756bb6d8050" executionId="ab99c021-1dfa-446d-96ab-547a442f2e5b" testListId="8c84fa94-04c1-424b-9868-57a2d4851a1d" />
    <TestEntry testId="de2cb004-5548-3ae3-af5f-265d9508f9ef" executionId="9775b5de-25f1-45c3-b887-8685e4b4b7c3" testListId="8c84fa94-04c1-424b-9868-57a2d4851a1d" />
    <TestEntry testId="a92925c7-8b10-fd81-1ca4-256067f98893" executionId="d1c61e1c-0e68-4873-885f-28791128eed0" testListId="8c84fa94-04c1-424b-9868-57a2d4851a1d" />
    <TestEntry testId="aff1dda0-dbd8-72d7-f59f-121cad9bc48e" executionId="36ea13c8-a1a7-43b7-a012-63284409c1d2" testListId="8c84fa94-04c1-424b-9868-57a2d4851a1d" />
    <TestEntry testId="269bc12f-7337-71fa-7005-93a857e9095a" executionId="fb187ead-8738-481e-9e07-bdf51669de82" testListId="8c84fa94-04c1-424b-9868-57a2d4851a1d" />
    <TestEntry testId="8d909128-b1fd-cdec-0c0d-08a90cedbc39" executionId="00c69710-7338-4bbd-ad59-83563e1d3c19" testListId="8c84fa94-04c1-424b-9868-57a2d4851a1d" />
    <TestEntry testId="2e369e91-1fd5-5fdb-321a-a92131d0c6cc" executionId="8a8af99c-37f6-405a-b6f6-aac759246824" testListId="8c84fa94-04c1-424b-9868-57a2d4851a1d" />
    <TestEntry testId="01a49af4-2520-b749-7ed1-a623dfa5551f" executionId="9d35cfd1-4c0a-4dc2-b46b-ab8bdf3c343c" testListId="8c84fa94-04c1-424b-9868-57a2d4851a1d" />
    <TestEntry testId="dadc4681-ed31-b266-766b-fdeadca341b2" executionId="c6701b65-ded8-4653-a3c9-97ff2f4f259e" testListId="8c84fa94-04c1-424b-9868-57a2d4851a1d" />
    <TestEntry testId="7793616d-f67c-3afe-45cd-7e36db363a47" executionId="1459d181-c34a-4c32-95be-460da044947f" testListId="8c84fa94-04c1-424b-9868-57a2d4851a1d" />
    <TestEntry testId="61259e26-4ff6-0711-48af-3a94b2454fde" executionId="905e84b5-58f0-4d2a-bce5-1455b513df96" testListId="8c84fa94-04c1-424b-9868-57a2d4851a1d" />
    <TestEntry testId="8a79ada4-6c54-4073-e145-af0629a4c524" executionId="82b5c822-9f5b-4d91-8e1e-3c2b8c328683" testListId="8c84fa94-04c1-424b-9868-57a2d4851a1d" />
    <TestEntry testId="4c00a9be-0a84-a9aa-f37d-0ed689cdb95d" executionId="f01f94c8-43a9-44bb-bf4e-70ba46e07caa" testListId="8c84fa94-04c1-424b-9868-57a2d4851a1d" />
    <TestEntry testId="f5b58c4c-cd4b-e0b9-d0e9-14887fd90a80" executionId="703d250f-58f1-4048-bc78-95f3581cec85" testListId="8c84fa94-04c1-424b-9868-57a2d4851a1d" />
    <TestEntry testId="c2d9706e-f9a3-9a35-ee1e-5e42ccd9ad19" executionId="ad5ea4c7-445b-48cf-99d0-abab05022c2a" testListId="8c84fa94-04c1-424b-9868-57a2d4851a1d" />
    <TestEntry testId="6cbe802f-518b-a911-d7d2-7ec9e4866bea" executionId="f7005efa-a640-49af-beff-f2cc905a1002" testListId="8c84fa94-04c1-424b-9868-57a2d4851a1d" />
    <TestEntry testId="de1f2f1e-2036-5978-8bdb-63ac98b0ec22" executionId="011e29a7-5f9e-4e5e-a7a2-9f054aea87f7" testListId="8c84fa94-04c1-424b-9868-57a2d4851a1d" />
    <TestEntry testId="f5451a05-d4d8-4de6-2dc5-fc6204d12dc7" executionId="578318bf-b95e-4736-84ba-704ea3235daa" testListId="8c84fa94-04c1-424b-9868-57a2d4851a1d" />
    <TestEntry testId="4d0e49b8-358d-1eaf-8ab1-b6259819dc23" executionId="994c3838-c7cf-4cb2-ac22-424e9dcbef56" testListId="8c84fa94-04c1-424b-9868-57a2d4851a1d" />
    <TestEntry testId="e89e7bb2-9dd6-4fe7-6b42-9c52ae3354ba" executionId="36766443-061d-464a-a36d-4b876216e2d0" testListId="8c84fa94-04c1-424b-9868-57a2d4851a1d" />
    <TestEntry testId="81165482-3ed9-9d5d-0138-63b1689db24c" executionId="63a6e913-0132-48ca-8dd9-a0f7d19be7b1" testListId="8c84fa94-04c1-424b-9868-57a2d4851a1d" />
    <TestEntry testId="739264ec-7062-228d-c2be-e088fc2a8a0c" executionId="b98f0dbb-74d1-40e2-95cb-60ed1436f991" testListId="8c84fa94-04c1-424b-9868-57a2d4851a1d" />
    <TestEntry testId="d5f67c8e-e7a3-3a53-6fed-38dc8cf3649c" executionId="08cebe8e-edb5-48af-8883-6fc09daf5648" testListId="8c84fa94-04c1-424b-9868-57a2d4851a1d" />
    <TestEntry testId="4c0c9f23-531e-ed21-cc8c-27001490c37f" executionId="e2be092a-a0ee-4aa1-aed5-f1eb23f76c76" testListId="8c84fa94-04c1-424b-9868-57a2d4851a1d" />
    <TestEntry testId="83296bf0-e7ab-8b6d-c206-62d83ff3aa96" executionId="c34f5dc3-2f8c-4f97-abd1-7c7076bc4759" testListId="8c84fa94-04c1-424b-9868-57a2d4851a1d" />
    <TestEntry testId="d8f1db9a-a251-3f4e-9fd8-550cf409e5fe" executionId="3765ad73-2214-480f-8ede-d6ee65756e34" testListId="8c84fa94-04c1-424b-9868-57a2d4851a1d" />
    <TestEntry testId="89fc06c8-233e-9536-1b4a-f769c28b12d7" executionId="bee54a6d-c19f-4e47-9c4b-634f144fbbbd" testListId="8c84fa94-04c1-424b-9868-57a2d4851a1d" />
    <TestEntry testId="a7077936-a748-f441-5107-4dbb4c3c0192" executionId="54214c20-be75-46f9-b8c1-ee7361bfa047" testListId="8c84fa94-04c1-424b-9868-57a2d4851a1d" />
    <TestEntry testId="304a86af-66fa-7632-a4bb-e473df8c0b01" executionId="ff3ca923-6162-41fb-ba6c-294682e6cfa3" testListId="8c84fa94-04c1-424b-9868-57a2d4851a1d" />
    <TestEntry testId="d95adbf2-9584-5158-b2d6-881a3c8d2cd3" executionId="b4a38cfd-0406-462a-b6a6-087a02154261" testListId="8c84fa94-04c1-424b-9868-57a2d4851a1d" />
    <TestEntry testId="84e4f0b1-d3f6-5c4e-570b-97ebff07e0af" executionId="0a260ee3-dc3c-4138-bf4a-bb005b0dc218" testListId="8c84fa94-04c1-424b-9868-57a2d4851a1d" />
    <TestEntry testId="70c9e478-26e9-e12b-4f3e-ac9e324a0c26" executionId="caa589c4-8cd6-452f-94ae-f945049fcfb7" testListId="8c84fa94-04c1-424b-9868-57a2d4851a1d" />
    <TestEntry testId="db30dd45-1407-e97d-7f7c-ea7893ff6273" executionId="87b4427c-b8f7-4c39-a72c-ce61c07850bc" testListId="8c84fa94-04c1-424b-9868-57a2d4851a1d" />
    <TestEntry testId="2950fae7-4f44-50de-9c88-56306b73f93b" executionId="4667a5fb-6e1e-4864-962c-d82cc6fa1aa0" testListId="8c84fa94-04c1-424b-9868-57a2d4851a1d" />
    <TestEntry testId="41e4f5de-72f8-ffba-43c2-e053c8758dde" executionId="41544ee2-fa06-49be-b6c1-3dfa750e94a7" testListId="8c84fa94-04c1-424b-9868-57a2d4851a1d" />
    <TestEntry testId="fd882f4a-14d5-9114-d2fc-696cc87045c4" executionId="e3045bc0-6b09-46cd-aff4-cdfda5e803fb" testListId="8c84fa94-04c1-424b-9868-57a2d4851a1d" />
    <TestEntry testId="ac864ada-4f31-3fda-d644-657efc0ab63e" executionId="2c9807d4-0bda-43f3-9f3a-30e3f4bd70c0" testListId="8c84fa94-04c1-424b-9868-57a2d4851a1d" />
    <TestEntry testId="b6122937-cd11-8d02-ffbc-649117ef676b" executionId="a5cf6e28-f5ed-41ef-bd15-2a214796afc5" testListId="8c84fa94-04c1-424b-9868-57a2d4851a1d" />
    <TestEntry testId="d58af079-0152-d31e-2041-35b0f8f66cbc" executionId="77f1dcab-f1cd-4721-a07e-49903988e673" testListId="8c84fa94-04c1-424b-9868-57a2d4851a1d" />
    <TestEntry testId="29daa1a0-14dd-a799-6845-c45ac88d2901" executionId="bec2d4f1-c8e9-4218-bd96-c041110bedb6" testListId="8c84fa94-04c1-424b-9868-57a2d4851a1d" />
    <TestEntry testId="519876bd-3fc8-123d-aced-341f48758290" executionId="8037f857-8980-4583-9e41-54b47a8719f0" testListId="8c84fa94-04c1-424b-9868-57a2d4851a1d" />
    <TestEntry testId="64c1358b-f8fb-5819-f166-4b6e45fdd4c9" executionId="3e2694f2-3da9-4cfb-afcc-f15cffd58c87" testListId="8c84fa94-04c1-424b-9868-57a2d4851a1d" />
    <TestEntry testId="8cdc2597-6c1a-9557-90bd-c2f0d139cd73" executionId="cb511528-7b79-4eda-85a3-f6d9007427d6" testListId="8c84fa94-04c1-424b-9868-57a2d4851a1d" />
    <TestEntry testId="55ac2d4a-c1c0-cd09-25ae-feb4bbe95a26" executionId="1ac4954e-95fe-42cb-8ecd-b01d55395401" testListId="8c84fa94-04c1-424b-9868-57a2d4851a1d" />
    <TestEntry testId="97b5b860-3b5e-8c41-1440-a5737167cc1c" executionId="829703bd-aba3-49cd-8803-6fbbcd8326d3" testListId="8c84fa94-04c1-424b-9868-57a2d4851a1d" />
    <TestEntry testId="c572ee0a-0a72-77f0-6c20-1b32754a6c4d" executionId="19daafa7-eae7-4737-b8ed-d1e2a377dc33" testListId="8c84fa94-04c1-424b-9868-57a2d4851a1d" />
    <TestEntry testId="39db424c-db83-3d41-a7f7-3c79c24db644" executionId="fb08066f-177e-43a7-8d1f-86b2b8e00319" testListId="8c84fa94-04c1-424b-9868-57a2d4851a1d" />
    <TestEntry testId="4344f2cd-3a70-e615-7da2-a4d1cd307f91" executionId="25526da7-febf-46c7-9781-7c2e88080e71" testListId="8c84fa94-04c1-424b-9868-57a2d4851a1d" />
    <TestEntry testId="11d9d5f6-3dc0-f97f-ea4c-01cf54f64f4f" executionId="c83aebf6-dbab-4701-aae0-9e9df50bca65" testListId="8c84fa94-04c1-424b-9868-57a2d4851a1d" />
    <TestEntry testId="395c42e0-becb-cf4f-2100-0566abf376e5" executionId="86e82be5-be13-4b0c-9b0f-78f209ac7a39" testListId="8c84fa94-04c1-424b-9868-57a2d4851a1d" />
    <TestEntry testId="a7af0025-27db-dadf-8e58-0616b9d7a72c" executionId="db4a50f3-d364-4e5b-ba22-8051b5a18b86" testListId="8c84fa94-04c1-424b-9868-57a2d4851a1d" />
    <TestEntry testId="b77c4ef4-27d8-f434-312f-3ee895c701e9" executionId="becfb292-f8bf-4836-9851-9c2a3aeae1b1" testListId="8c84fa94-04c1-424b-9868-57a2d4851a1d" />
    <TestEntry testId="e7750834-89ce-3f3a-b02c-e65d95385e6e" executionId="783ff170-43df-4dde-8d09-b3fb520e2283" testListId="8c84fa94-04c1-424b-9868-57a2d4851a1d" />
    <TestEntry testId="76b03b47-de82-f644-3260-be57b7401e7c" executionId="f09fc3f6-8859-4c46-a7d6-c8d3422b1b60" testListId="8c84fa94-04c1-424b-9868-57a2d4851a1d" />
    <TestEntry testId="197ca62c-a657-8288-b46d-a2968ea6d9d9" executionId="adf7c010-803d-4418-98c2-e23a465a7bff" testListId="8c84fa94-04c1-424b-9868-57a2d4851a1d" />
    <TestEntry testId="c1beeac9-ba2a-6fdb-4a34-cec2db9d1fe8" executionId="55d9b19d-4887-463b-8031-66cdc3780de6" testListId="8c84fa94-04c1-424b-9868-57a2d4851a1d" />
    <TestEntry testId="f23ad71d-450b-0c9b-abd3-482784bd8b88" executionId="fdba8c55-6e27-42ae-a5ef-e6525ccbd830" testListId="8c84fa94-04c1-424b-9868-57a2d4851a1d" />
    <TestEntry testId="2be6a909-34b3-0622-970d-3fc0f7e3124b" executionId="e943983f-2b10-4375-9788-323eec48461b" testListId="8c84fa94-04c1-424b-9868-57a2d4851a1d" />
    <TestEntry testId="5111e840-b74e-d1af-daec-6f3afeed9b37" executionId="fa820600-b138-42eb-9b7f-f7afd5b84a79" testListId="8c84fa94-04c1-424b-9868-57a2d4851a1d" />
    <TestEntry testId="7621c548-0dd2-9dcd-6e25-f42f6e43100e" executionId="48d40886-2839-4638-8436-810aa5cecc6e" testListId="8c84fa94-04c1-424b-9868-57a2d4851a1d" />
    <TestEntry testId="aae48c7f-f9cc-7d71-fff0-49b1b190df4d" executionId="a8fa84a1-099e-4216-9844-94e9618bb10c" testListId="8c84fa94-04c1-424b-9868-57a2d4851a1d" />
    <TestEntry testId="2c1ee007-72e4-c9c6-256d-411c2636454d" executionId="fac83a31-886f-43d8-b79e-c7f11259c4b1" testListId="8c84fa94-04c1-424b-9868-57a2d4851a1d" />
    <TestEntry testId="951e6d0f-02b4-937a-6021-dd5ef9557e6f" executionId="e68a9fa6-ffee-4424-8fc7-f572320ac732" testListId="8c84fa94-04c1-424b-9868-57a2d4851a1d" />
    <TestEntry testId="9a05655a-04f7-4cc7-205d-05f87a365b8e" executionId="5fde09e7-dc62-4cd9-bbb9-06cd5c774a4c" testListId="8c84fa94-04c1-424b-9868-57a2d4851a1d" />
    <TestEntry testId="520d34a2-44a1-5025-b66d-e89fc3b36c3d" executionId="30adc508-a116-4691-8ccd-838dadcf027c" testListId="8c84fa94-04c1-424b-9868-57a2d4851a1d" />
    <TestEntry testId="cfb36bcc-f529-661d-bc4e-00187cd72f81" executionId="9550deda-5662-4143-88cb-19415223b48e" testListId="8c84fa94-04c1-424b-9868-57a2d4851a1d" />
    <TestEntry testId="ddce8699-e62b-e8f0-c461-071016d78646" executionId="f2570a8f-053c-4619-b06f-1a71f562990f" testListId="8c84fa94-04c1-424b-9868-57a2d4851a1d" />
    <TestEntry testId="73bf3520-2d70-a8b8-3355-1eaea73a621c" executionId="86289357-7845-40a7-b2f0-763847132c8e" testListId="8c84fa94-04c1-424b-9868-57a2d4851a1d" />
    <TestEntry testId="dd70f2a7-62b1-4990-e5c8-2e8b0d16d55f" executionId="3b9f2809-6ae5-4d84-b1fd-88ffb2a8c27a" testListId="8c84fa94-04c1-424b-9868-57a2d4851a1d" />
    <TestEntry testId="2f8bbc73-2aa9-a982-a7db-665f33797762" executionId="4a9b2cf1-530a-4020-9fc2-8dbfefd5c2b9" testListId="8c84fa94-04c1-424b-9868-57a2d4851a1d" />
    <TestEntry testId="951712ce-ebc2-8f88-389c-30c556c035ca" executionId="b9865c03-d7a6-4932-926f-1c02ae34426e" testListId="8c84fa94-04c1-424b-9868-57a2d4851a1d" />
    <TestEntry testId="4da88fdf-11c5-cac2-c03a-64e4e0614fd3" executionId="146f18a2-5609-43bb-b8e1-0b54a6092b48" testListId="8c84fa94-04c1-424b-9868-57a2d4851a1d" />
    <TestEntry testId="4e886f82-93d8-7c57-284e-a06104302240" executionId="31a8cdc1-f65f-4405-893c-f9728f1f704c" testListId="8c84fa94-04c1-424b-9868-57a2d4851a1d" />
    <TestEntry testId="7d767189-af7e-75f2-e228-55520aff0054" executionId="ab04b394-7edf-4683-ab1a-31bcc14d4053" testListId="8c84fa94-04c1-424b-9868-57a2d4851a1d" />
    <TestEntry testId="5862f130-d56c-dd5d-fc84-c09b24cb3144" executionId="68202d16-1e49-45ae-bdaf-bdaaad6ac270" testListId="8c84fa94-04c1-424b-9868-57a2d4851a1d" />
    <TestEntry testId="a2234e26-b4b6-2a02-69af-16f94eb97f03" executionId="b5296295-627e-4182-a712-e42f4ea11007" testListId="8c84fa94-04c1-424b-9868-57a2d4851a1d" />
    <TestEntry testId="58d8add0-85f0-bd0a-8bd1-916399ece539" executionId="5c3faa55-0d4c-4651-bcc1-c764c0ec7edd" testListId="8c84fa94-04c1-424b-9868-57a2d4851a1d" />
    <TestEntry testId="8bf9f42f-c3c3-993d-f857-d3195c9d1836" executionId="d9257bd7-5921-4a3a-8d73-bfd501f3e74b" testListId="8c84fa94-04c1-424b-9868-57a2d4851a1d" />
    <TestEntry testId="b8c4ec98-2a68-f144-3189-2b767b792447" executionId="9b4279d4-8544-430f-92ee-8081f3cadbe6" testListId="8c84fa94-04c1-424b-9868-57a2d4851a1d" />
    <TestEntry testId="0af200f8-3a71-215a-2105-8e68327c1bc2" executionId="0c72876f-469f-44aa-8bfa-7b8da64e3237" testListId="8c84fa94-04c1-424b-9868-57a2d4851a1d" />
    <TestEntry testId="5842feee-c5bc-b1ff-acc3-8cca9800d058" executionId="5a40dbc3-afe7-4fbf-abef-40aca60043a7" testListId="8c84fa94-04c1-424b-9868-57a2d4851a1d" />
    <TestEntry testId="36aa02e6-3bff-d8c7-da15-903d553ffc06" executionId="c5e615ae-f567-413c-90da-8be29d7a90bc" testListId="8c84fa94-04c1-424b-9868-57a2d4851a1d" />
    <TestEntry testId="3a185ef0-395c-72d1-5150-5f0f28a3d6ec" executionId="adbbfb49-597b-422c-9bfb-3a5761eeec68" testListId="8c84fa94-04c1-424b-9868-57a2d4851a1d" />
    <TestEntry testId="f1048144-e559-6cd8-9f39-1ec3f8e7adba" executionId="5aaee12b-4276-4f49-ac67-4bf7018d926d" testListId="8c84fa94-04c1-424b-9868-57a2d4851a1d" />
    <TestEntry testId="16664fb7-9978-1fef-1572-39460a161d3d" executionId="35656313-03c2-4a11-aaea-8fc1b7b049d8" testListId="8c84fa94-04c1-424b-9868-57a2d4851a1d" />
    <TestEntry testId="8ea0a14c-1164-9aff-a1fd-6e59511107a3" executionId="d9e351ec-56fc-429e-9fd3-c30f07004820" testListId="8c84fa94-04c1-424b-9868-57a2d4851a1d" />
    <TestEntry testId="04c6201a-c9f2-e612-18e0-876319c7d205" executionId="55953962-2eb6-42fc-9173-153e4d65f533" testListId="8c84fa94-04c1-424b-9868-57a2d4851a1d" />
    <TestEntry testId="d35d8f9a-362c-9169-9c90-393f61be42d1" executionId="6f3d4c1a-910a-4efc-847f-fa243357e4fc" testListId="8c84fa94-04c1-424b-9868-57a2d4851a1d" />
    <TestEntry testId="62f793e8-b472-e96c-4e02-96cca8dbcc69" executionId="51a3809f-2b02-415e-bfe8-94712c4b9c39" testListId="8c84fa94-04c1-424b-9868-57a2d4851a1d" />
    <TestEntry testId="a6405142-4530-26fe-0e9e-b7605d8dc0e0" executionId="437a0486-c384-4839-9235-a8ae68a0464e" testListId="8c84fa94-04c1-424b-9868-57a2d4851a1d" />
    <TestEntry testId="8532c496-a858-d249-bc1d-5d9a998ef441" executionId="f8391942-223a-4273-a36c-2882e8f88799" testListId="8c84fa94-04c1-424b-9868-57a2d4851a1d" />
    <TestEntry testId="b99073ed-5abe-f917-1c70-3e6a4a001eb5" executionId="88d35614-3aa3-4aa8-91c6-ef4aa68dc4a7" testListId="8c84fa94-04c1-424b-9868-57a2d4851a1d" />
    <TestEntry testId="a58df54d-7389-af0f-5af7-aba5b175ed2a" executionId="0b6cbece-6a29-42c8-be81-fbf5c091965b" testListId="8c84fa94-04c1-424b-9868-57a2d4851a1d" />
    <TestEntry testId="d8080eaa-2d2e-3c5f-ffa3-c2450c692a8c" executionId="ae59731d-a62e-456c-a740-0d3b8b0c8f17" testListId="8c84fa94-04c1-424b-9868-57a2d4851a1d" />
    <TestEntry testId="e77f5cff-3c72-0027-df21-65591a19d703" executionId="562836c5-3b99-454f-94df-125937d2286a" testListId="8c84fa94-04c1-424b-9868-57a2d4851a1d" />
    <TestEntry testId="d140b3ab-f3de-0699-d512-8079ee6276c4" executionId="98f008c2-9715-4e2e-8a3a-dec70ab3c99a" testListId="8c84fa94-04c1-424b-9868-57a2d4851a1d" />
    <TestEntry testId="e49131f0-8d9f-e6eb-b73f-07d01cd679ad" executionId="ef950d14-b060-45f6-9e37-2df6c8085d19" testListId="8c84fa94-04c1-424b-9868-57a2d4851a1d" />
    <TestEntry testId="9881e5c2-276c-c1fd-216d-dc12767dbace" executionId="b7acf7ad-27a9-4a2e-ba1e-7a73ad524136" testListId="8c84fa94-04c1-424b-9868-57a2d4851a1d" />
    <TestEntry testId="61f3b534-b62e-a40c-b2e5-dc7b207e0a30" executionId="d2e74936-77cd-4b42-a40e-c261f9152af5" testListId="8c84fa94-04c1-424b-9868-57a2d4851a1d" />
    <TestEntry testId="207b4f36-ac9f-c4fb-9f6b-a98762c2d645" executionId="3b27b75f-bb50-401d-8bd7-2cbae627fcf6" testListId="8c84fa94-04c1-424b-9868-57a2d4851a1d" />
    <TestEntry testId="2ac5a213-c255-2c33-a9a8-120cf1d19817" executionId="1f6389ff-ccec-4eed-bf92-5922c039544c" testListId="8c84fa94-04c1-424b-9868-57a2d4851a1d" />
    <TestEntry testId="ad094853-c19a-20cf-1d9a-c65ae3d59859" executionId="5d9ef502-5c4e-49d0-bc2b-700d1a49ae6c" testListId="8c84fa94-04c1-424b-9868-57a2d4851a1d" />
    <TestEntry testId="13f0f217-0eff-d423-3bd5-9a76752e3dad" executionId="07971148-2fce-4719-81d3-56d237c4576f" testListId="8c84fa94-04c1-424b-9868-57a2d4851a1d" />
  </TestEntries>
  <TestLists>
    <TestList name="Results Not in a List" id="8c84fa94-04c1-424b-9868-57a2d4851a1d" />
    <TestList name="All Loaded Results" id="19431567-8539-422a-85d7-44ee4e166bda" />
  </TestLists>
  <ResultSummary outcome="Completed">
    <Counters total="171" executed="171" passed="171" failed="0" error="0" timeout="0" aborted="0" inconclusive="0" passedButRunAborted="0" notRunnable="0" notExecuted="0" disconnected="0" warning="0" completed="0" inProgress="0" pending="0" />
    <Output>
      <StdOut>[xUnit.net 00:00:00.00] xUnit.net VSTest Adapter v2.8.2+699d445a1a (64-bit .NET 10.0.8)
[xUnit.net 00:00:00.08]   Discovering: ArchLucid.Host.Composition.Tests
[xUnit.net 00:00:00.17]   Discovered:  ArchLucid.Host.Composition.Tests
[xUnit.net 00:00:00.18]   Starting:    ArchLucid.Host.Composition.Tests
[xUnit.net 00:00:01.04]   Finished:    ArchLucid.Host.Composition.Tests
</StdOut>
    </Output>
    <CollectorDataEntries>
      <Collector agentName="runnervm3jyl0" uri="datacollector://microsoft/CoverletCodeCoverage/1.0" collectorDisplayName="XPlat code coverage">
        <UriAttachments>
          <UriAttachment>
            <A href="runnervm3jyl0/coverage.cobertura.xml"></A>
          </UriAttachment>
        </UriAttachments>
      </Collector>
    </CollectorDataEntries>
  </ResultSummary>
</TestRun>